<?xml version="1.0" encoding="UTF-8"?>
<testsuite xmlns:xsi="http://www.w3.org/2001/XMLSchema-instance" xsi:noNamespaceSchemaLocation="https://maven.apache.org/surefire/maven-surefire-plugin/xsd/surefire-test-report-3.0.xsd" version="3.0" name="cashcard.e2e.test.CashCardTransactionStreamE2ETests" time="1.027" tests="1" errors="0" skipped="0" failures="0">
  <properties>
    <property name="jdk.tls.rejectClientInitiatedRenegotiation" value="true"/>
    <property name="java.specification.version" value="17"/>
    <property name="sun.cpu.isalist" value="amd64"/>
    <property name="sun.jnu.encoding" value="Cp1252"/>
    <property name="java.class.path" value="D:\mohamed el merjani\java project\event-driven-app\cashcard-transaction-e2e-tests\target\test-classes;D:\mohamed el merjani\java project\event-driven-app\cashcard-transaction-e2e-tests\target\classes;C:\Users\HP\.m2\repository\org\springframework\boot\spring-boot-starter-web\3.4.1\spring-boot-starter-web-3.4.1.jar;C:\Users\HP\.m2\repository\org\springframework\boot\spring-boot-starter\3.4.1\spring-boot-starter-3.4.1.jar;C:\Users\HP\.m2\repository\org\springframework\boot\spring-boot\3.4.1\spring-boot-3.4.1.jar;C:\Users\HP\.m2\repository\org\springframework\boot\spring-boot-starter-logging\3.4.1\spring-boot-starter-logging-3.4.1.jar;C:\Users\HP\.m2\repository\org\apache\logging\log4j\log4j-to-slf4j\2.24.3\log4j-to-slf4j-2.24.3.jar;C:\Users\HP\.m2\repository\org\apache\logging\log4j\log4j-api\2.24.3\log4j-api-2.24.3.jar;C:\Users\HP\.m2\repository\org\slf4j\jul-to-slf4j\2.0.16\jul-to-slf4j-2.0.16.jar;C:\Users\HP\.m2\repository\jakarta\annotation\jakarta.annotation-api\2.1.1\jakarta.annotation-api-2.1.1.jar;C:\Users\HP\.m2\repository\org\springframework\spring-core\6.2.1\spring-core-6.2.1.jar;C:\Users\HP\.m2\repository\org\springframework\spring-jcl\6.2.1\spring-jcl-6.2.1.jar;C:\Users\HP\.m2\repository\org\yaml\snakeyaml\2.3\snakeyaml-2.3.jar;C:\Users\HP\.m2\repository\org\springframework\boot\spring-boot-starter-json\3.4.1\spring-boot-starter-json-3.4.1.jar;C:\Users\HP\.m2\repository\com\fasterxml\jackson\core\jackson-databind\2.18.2\jackson-databind-2.18.2.jar;C:\Users\HP\.m2\repository\com\fasterxml\jackson\core\jackson-annotations\2.18.2\jackson-annotations-2.18.2.jar;C:\Users\HP\.m2\repository\com\fasterxml\jackson\core\jackson-core\2.18.2\jackson-core-2.18.2.jar;C:\Users\HP\.m2\repository\com\fasterxml\jackson\datatype\jackson-datatype-jdk8\2.18.2\jackson-datatype-jdk8-2.18.2.jar;C:\Users\HP\.m2\repository\com\fasterxml\jackson\datatype\jackson-datatype-jsr310\2.18.2\jackson-datatype-jsr310-2.18.2.jar;C:\Users\HP\.m2\repository\com\fasterxml\jackson\module\jackson-module-parameter-names\2.18.2\jackson-module-parameter-names-2.18.2.jar;C:\Users\HP\.m2\repository\org\springframework\boot\spring-boot-starter-tomcat\3.4.1\spring-boot-starter-tomcat-3.4.1.jar;C:\Users\HP\.m2\repository\org\apache\tomcat\embed\tomcat-embed-core\10.1.34\tomcat-embed-core-10.1.34.jar;C:\Users\HP\.m2\repository\org\apache\tomcat\embed\tomcat-embed-el\10.1.34\tomcat-embed-el-10.1.34.jar;C:\Users\HP\.m2\repository\org\apache\tomcat\embed\tomcat-embed-websocket\10.1.34\tomcat-embed-websocket-10.1.34.jar;C:\Users\HP\.m2\repository\org\springframework\spring-web\6.2.1\spring-web-6.2.1.jar;C:\Users\HP\.m2\repository\org\springframework\spring-beans\6.2.1\spring-beans-6.2.1.jar;C:\Users\HP\.m2\repository\io\micrometer\micrometer-observation\1.14.2\micrometer-observation-1.14.2.jar;C:\Users\HP\.m2\repository\io\micrometer\micrometer-commons\1.14.2\micrometer-commons-1.14.2.jar;C:\Users\HP\.m2\repository\org\springframework\spring-webmvc\6.2.1\spring-webmvc-6.2.1.jar;C:\Users\HP\.m2\repository\org\springframework\spring-aop\6.2.1\spring-aop-6.2.1.jar;C:\Users\HP\.m2\repository\org\springframework\spring-expression\6.2.1\spring-expression-6.2.1.jar;C:\Users\HP\.m2\repository\org\springframework\kafka\spring-kafka-test\3.3.1\spring-kafka-test-3.3.1.jar;C:\Users\HP\.m2\repository\org\springframework\spring-context\6.2.1\spring-context-6.2.1.jar;C:\Users\HP\.m2\repository\org\springframework\spring-test\6.2.1\spring-test-6.2.1.jar;C:\Users\HP\.m2\repository\org\springframework\retry\spring-retry\2.0.10\spring-retry-2.0.10.jar;C:\Users\HP\.m2\repository\org\apache\zookeeper\zookeeper\3.8.4\zookeeper-3.8.4.jar;C:\Users\HP\.m2\repository\org\apache\zookeeper\zookeeper-jute\3.8.4\zookeeper-jute-3.8.4.jar;C:\Users\HP\.m2\repository\org\apache\yetus\audience-annotations\0.12.0\audience-annotations-0.12.0.jar;C:\Users\HP\.m2\repository\io\netty\netty-handler\4.1.116.Final\netty-handler-4.1.116.Final.jar;C:\Users\HP\.m2\repository\io\netty\netty-common\4.1.116.Final\netty-common-4.1.116.Final.jar;C:\Users\HP\.m2\repository\io\netty\netty-resolver\4.1.116.Final\netty-resolver-4.1.116.Final.jar;C:\Users\HP\.m2\repository\io\netty\netty-buffer\4.1.116.Final\netty-buffer-4.1.116.Final.jar;C:\Users\HP\.m2\repository\io\netty\netty-transport\4.1.116.Final\netty-transport-4.1.116.Final.jar;C:\Users\HP\.m2\repository\io\netty\netty-transport-native-unix-common\4.1.116.Final\netty-transport-native-unix-common-4.1.116.Final.jar;C:\Users\HP\.m2\repository\io\netty\netty-codec\4.1.116.Final\netty-codec-4.1.116.Final.jar;C:\Users\HP\.m2\repository\io\netty\netty-transport-native-epoll\4.1.116.Final\netty-transport-native-epoll-4.1.116.Final.jar;C:\Users\HP\.m2\repository\io\netty\netty-transport-classes-epoll\4.1.116.Final\netty-transport-classes-epoll-4.1.116.Final.jar;C:\Users\HP\.m2\repository\org\slf4j\slf4j-api\2.0.16\slf4j-api-2.0.16.jar;C:\Users\HP\.m2\repository\ch\qos\logback\logback-core\1.5.12\logback-core-1.5.12.jar;C:\Users\HP\.m2\repository\ch\qos\logback\logback-classic\1.5.12\logback-classic-1.5.12.jar;C:\Users\HP\.m2\repository\commons-io\commons-io\2.11.0\commons-io-2.11.0.jar;C:\Users\HP\.m2\repository\org\apache\kafka\kafka-clients\3.8.1\kafka-clients-3.8.1-test.jar;C:\Users\HP\.m2\repository\com\github\luben\zstd-jni\1.5.6-4\zstd-jni-1.5.6-4.jar;C:\Users\HP\.m2\repository\org\lz4\lz4-java\1.8.0\lz4-java-1.8.0.jar;C:\Users\HP\.m2\repository\org\xerial\snappy\snappy-java\1.1.10.5\snappy-java-1.1.10.5.jar;C:\Users\HP\.m2\repository\org\apache\kafka\kafka-server\3.8.1\kafka-server-3.8.1.jar;C:\Users\HP\.m2\repository\org\apache\kafka\kafka-clients\3.8.1\kafka-clients-3.8.1.jar;C:\Users\HP\.m2\repository\org\apache\kafka\kafka-group-coordinator\3.8.1\kafka-group-coordinator-3.8.1.jar;C:\Users\HP\.m2\repository\org\apache\kafka\kafka-transaction-coordinator\3.8.1\kafka-transaction-coordinator-3.8.1.jar;C:\Users\HP\.m2\repository\org\apache\kafka\kafka-raft\3.8.1\kafka-raft-3.8.1.jar;C:\Users\HP\.m2\repository\com\yammer\metrics\metrics-core\2.2.0\metrics-core-2.2.0.jar;C:\Users\HP\.m2\repository\org\apache\kafka\kafka-metadata\3.8.1\kafka-metadata-3.8.1.jar;C:\Users\HP\.m2\repository\org\apache\kafka\kafka-server-common\3.8.1\kafka-server-common-3.8.1.jar;C:\Users\HP\.m2\repository\net\sf\jopt-simple\jopt-simple\5.0.4\jopt-simple-5.0.4.jar;C:\Users\HP\.m2\repository\org\pcollections\pcollections\4.0.1\pcollections-4.0.1.jar;C:\Users\HP\.m2\repository\org\apache\kafka\kafka-server-common\3.8.1\kafka-server-common-3.8.1-test.jar;C:\Users\HP\.m2\repository\org\apache\kafka\kafka-streams-test-utils\3.8.1\kafka-streams-test-utils-3.8.1.jar;C:\Users\HP\.m2\repository\org\apache\kafka\kafka-streams\3.8.1\kafka-streams-3.8.1.jar;C:\Users\HP\.m2\repository\org\rocksdb\rocksdbjni\7.9.2\rocksdbjni-7.9.2.jar;C:\Users\HP\.m2\repository\org\apache\kafka\kafka_2.13\3.8.1\kafka_2.13-3.8.1.jar;C:\Users\HP\.m2\repository\org\scala-lang\scala-library\2.13.14\scala-library-2.13.14.jar;C:\Users\HP\.m2\repository\org\apache\kafka\kafka-group-coordinator-api\3.8.1\kafka-group-coordinator-api-3.8.1.jar;C:\Users\HP\.m2\repository\org\apache\kafka\kafka-storage-api\3.8.1\kafka-storage-api-3.8.1.jar;C:\Users\HP\.m2\repository\org\apache\kafka\kafka-tools-api\3.8.1\kafka-tools-api-3.8.1.jar;C:\Users\HP\.m2\repository\org\apache\kafka\kafka-storage\3.8.1\kafka-storage-3.8.1.jar;C:\Users\HP\.m2\repository\com\github\ben-manes\caffeine\caffeine\3.1.8\caffeine-3.1.8.jar;C:\Users\HP\.m2\repository\org\checkerframework\checker-qual\3.37.0\checker-qual-3.37.0.jar;C:\Users\HP\.m2\repository\com\google\errorprone\error_prone_annotations\2.21.1\error_prone_annotations-2.21.1.jar;C:\Users\HP\.m2\repository\net\sourceforge\argparse4j\argparse4j\0.7.0\argparse4j-0.7.0.jar;C:\Users\HP\.m2\repository\commons-validator\commons-validator\1.7\commons-validator-1.7.jar;C:\Users\HP\.m2\repository\commons-beanutils\commons-beanutils\1.9.4\commons-beanutils-1.9.4.jar;C:\Users\HP\.m2\repository\commons-digester\commons-digester\2.1\commons-digester-2.1.jar;C:\Users\HP\.m2\repository\commons-collections\commons-collections\3.2.2\commons-collections-3.2.2.jar;C:\Users\HP\.m2\repository\com\fasterxml\jackson\module\jackson-module-scala_2.13\2.18.2\jackson-module-scala_2.13-2.18.2.jar;C:\Users\HP\.m2\repository\com\thoughtworks\paranamer\paranamer\2.8\paranamer-2.8.jar;C:\Users\HP\.m2\repository\com\fasterxml\jackson\dataformat\jackson-dataformat-csv\2.18.2\jackson-dataformat-csv-2.18.2.jar;C:\Users\HP\.m2\repository\org\bitbucket\b_c\jose4j\0.9.4\jose4j-0.9.4.jar;C:\Users\HP\.m2\repository\org\scala-lang\modules\scala-collection-compat_2.13\2.10.0\scala-collection-compat_2.13-2.10.0.jar;C:\Users\HP\.m2\repository\org\scala-lang\modules\scala-java8-compat_2.13\1.0.2\scala-java8-compat_2.13-1.0.2.jar;C:\Users\HP\.m2\repository\org\scala-lang\scala-reflect\2.13.14\scala-reflect-2.13.14.jar;C:\Users\HP\.m2\repository\com\typesafe\scala-logging\scala-logging_2.13\3.9.4\scala-logging_2.13-3.9.4.jar;C:\Users\HP\.m2\repository\io\dropwizard\metrics\metrics-core\4.1.12.1\metrics-core-4.1.12.1.jar;C:\Users\HP\.m2\repository\commons-cli\commons-cli\1.4\commons-cli-1.4.jar;C:\Users\HP\.m2\repository\org\apache\kafka\kafka_2.13\3.8.1\kafka_2.13-3.8.1-test.jar;C:\Users\HP\.m2\repository\org\junit\jupiter\junit-jupiter-api\5.11.4\junit-jupiter-api-5.11.4.jar;C:\Users\HP\.m2\repository\org\opentest4j\opentest4j\1.3.0\opentest4j-1.3.0.jar;C:\Users\HP\.m2\repository\org\junit\platform\junit-platform-commons\1.11.4\junit-platform-commons-1.11.4.jar;C:\Users\HP\.m2\repository\org\apiguardian\apiguardian-api\1.1.2\apiguardian-api-1.1.2.jar;C:\Users\HP\.m2\repository\org\junit\platform\junit-platform-launcher\1.11.4\junit-platform-launcher-1.11.4.jar;C:\Users\HP\.m2\repository\org\junit\platform\junit-platform-engine\1.11.4\junit-platform-engine-1.11.4.jar;C:\Users\HP\.m2\repository\org\springframework\cloud\spring-cloud-stream-test-binder\4.2.0\spring-cloud-stream-test-binder-4.2.0.jar;C:\Users\HP\.m2\repository\org\springframework\cloud\spring-cloud-stream\4.2.0\spring-cloud-stream-4.2.0.jar;C:\Users\HP\.m2\repository\org\springframework\boot\spring-boot-starter-validation\3.4.1\spring-boot-starter-validation-3.4.1.jar;C:\Users\HP\.m2\repository\org\hibernate\validator\hibernate-validator\8.0.2.Final\hibernate-validator-8.0.2.Final.jar;C:\Users\HP\.m2\repository\jakarta\validation\jakarta.validation-api\3.0.2\jakarta.validation-api-3.0.2.jar;C:\Users\HP\.m2\repository\org\jboss\logging\jboss-logging\3.6.1.Final\jboss-logging-3.6.1.Final.jar;C:\Users\HP\.m2\repository\com\fasterxml\classmate\1.7.0\classmate-1.7.0.jar;C:\Users\HP\.m2\repository\org\springframework\spring-messaging\6.2.1\spring-messaging-6.2.1.jar;C:\Users\HP\.m2\repository\org\springframework\integration\spring-integration-core\6.4.1\spring-integration-core-6.4.1.jar;C:\Users\HP\.m2\repository\io\projectreactor\reactor-core\3.7.1\reactor-core-3.7.1.jar;C:\Users\HP\.m2\repository\org\reactivestreams\reactive-streams\1.0.4\reactive-streams-1.0.4.jar;C:\Users\HP\.m2\repository\org\springframework\integration\spring-integration-jmx\6.4.1\spring-integration-jmx-6.4.1.jar;C:\Users\HP\.m2\repository\org\springframework\cloud\spring-cloud-function-context\4.2.0\spring-cloud-function-context-4.2.0.jar;C:\Users\HP\.m2\repository\org\springframework\cloud\spring-cloud-function-core\4.2.0\spring-cloud-function-core-4.2.0.jar;C:\Users\HP\.m2\repository\org\springframework\boot\spring-boot-starter-test\3.4.1\spring-boot-starter-test-3.4.1.jar;C:\Users\HP\.m2\repository\org\springframework\boot\spring-boot-test\3.4.1\spring-boot-test-3.4.1.jar;C:\Users\HP\.m2\repository\org\springframework\boot\spring-boot-test-autoconfigure\3.4.1\spring-boot-test-autoconfigure-3.4.1.jar;C:\Users\HP\.m2\repository\com\jayway\jsonpath\json-path\2.9.0\json-path-2.9.0.jar;C:\Users\HP\.m2\repository\jakarta\xml\bind\jakarta.xml.bind-api\4.0.2\jakarta.xml.bind-api-4.0.2.jar;C:\Users\HP\.m2\repository\jakarta\activation\jakarta.activation-api\2.1.3\jakarta.activation-api-2.1.3.jar;C:\Users\HP\.m2\repository\net\minidev\json-smart\2.5.1\json-smart-2.5.1.jar;C:\Users\HP\.m2\repository\net\minidev\accessors-smart\2.5.1\accessors-smart-2.5.1.jar;C:\Users\HP\.m2\repository\org\ow2\asm\asm\9.6\asm-9.6.jar;C:\Users\HP\.m2\repository\org\assertj\assertj-core\3.26.3\assertj-core-3.26.3.jar;C:\Users\HP\.m2\repository\net\bytebuddy\byte-buddy\1.15.11\byte-buddy-1.15.11.jar;C:\Users\HP\.m2\repository\org\awaitility\awaitility\4.2.2\awaitility-4.2.2.jar;C:\Users\HP\.m2\repository\org\hamcrest\hamcrest\2.2\hamcrest-2.2.jar;C:\Users\HP\.m2\repository\org\junit\jupiter\junit-jupiter\5.11.4\junit-jupiter-5.11.4.jar;C:\Users\HP\.m2\repository\org\junit\jupiter\junit-jupiter-params\5.11.4\junit-jupiter-params-5.11.4.jar;C:\Users\HP\.m2\repository\org\junit\jupiter\junit-jupiter-engine\5.11.4\junit-jupiter-engine-5.11.4.jar;C:\Users\HP\.m2\repository\org\mockito\mockito-core\5.14.2\mockito-core-5.14.2.jar;C:\Users\HP\.m2\repository\net\bytebuddy\byte-buddy-agent\1.15.11\byte-buddy-agent-1.15.11.jar;C:\Users\HP\.m2\repository\org\objenesis\objenesis\3.3\objenesis-3.3.jar;C:\Users\HP\.m2\repository\org\mockito\mockito-junit-jupiter\5.14.2\mockito-junit-jupiter-5.14.2.jar;C:\Users\HP\.m2\repository\org\skyscreamer\jsonassert\1.5.3\jsonassert-1.5.3.jar;C:\Users\HP\.m2\repository\com\vaadin\external\google\android-json\0.0.20131108.vaadin1\android-json-0.0.20131108.vaadin1.jar;C:\Users\HP\.m2\repository\org\xmlunit\xmlunit-core\2.10.0\xmlunit-core-2.10.0.jar;C:\Users\HP\.m2\repository\elmerjani\mohamed\cashcard-transaction-sink\0.0.1-SNAPSHOT\cashcard-transaction-sink-0.0.1-SNAPSHOT.jar;C:\Users\HP\.m2\repository\org\springframework\cloud\spring-cloud-stream-binder-kafka\4.2.0\spring-cloud-stream-binder-kafka-4.2.0.jar;C:\Users\HP\.m2\repository\org\springframework\cloud\spring-cloud-stream-binder-kafka-core\4.2.0\spring-cloud-stream-binder-kafka-core-4.2.0.jar;C:\Users\HP\.m2\repository\org\springframework\integration\spring-integration-kafka\6.4.1\spring-integration-kafka-6.4.1.jar;C:\Users\HP\.m2\repository\org\springframework\kafka\spring-kafka\3.3.1\spring-kafka-3.3.1.jar;C:\Users\HP\.m2\repository\org\springframework\spring-tx\6.2.1\spring-tx-6.2.1.jar;C:\Users\HP\.m2\repository\elmerjani\mohamed\cashcard-transaction-source\0.0.1-SNAPSHOT\cashcard-transaction-source-0.0.1-SNAPSHOT.jar;C:\Users\HP\.m2\repository\elmerjani\mohamed\cashcard-transaction-enricher\0.0.1-SNAPSHOT\cashcard-transaction-enricher-0.0.1-SNAPSHOT.jar;C:\Users\HP\.m2\repository\elmerjani\mohamed\cashcard-transaction-domain\0.1.0\cashcard-transaction-domain-0.1.0.jar;C:\Users\HP\.m2\repository\org\springframework\boot\spring-boot-testcontainers\3.4.1\spring-boot-testcontainers-3.4.1.jar;C:\Users\HP\.m2\repository\org\springframework\boot\spring-boot-autoconfigure\3.4.1\spring-boot-autoconfigure-3.4.1.jar;C:\Users\HP\.m2\repository\org\testcontainers\testcontainers\1.20.4\testcontainers-1.20.4.jar;C:\Users\HP\.m2\repository\junit\junit\4.13.2\junit-4.13.2.jar;C:\Users\HP\.m2\repository\org\hamcrest\hamcrest-core\2.2\hamcrest-core-2.2.jar;C:\Users\HP\.m2\repository\org\apache\commons\commons-compress\1.24.0\commons-compress-1.24.0.jar;C:\Users\HP\.m2\repository\org\rnorth\duct-tape\duct-tape\1.0.8\duct-tape-1.0.8.jar;C:\Users\HP\.m2\repository\org\jetbrains\annotations\17.0.0\annotations-17.0.0.jar;C:\Users\HP\.m2\repository\com\github\docker-java\docker-java-api\3.4.0\docker-java-api-3.4.0.jar;C:\Users\HP\.m2\repository\com\github\docker-java\docker-java-transport-zerodep\3.4.0\docker-java-transport-zerodep-3.4.0.jar;C:\Users\HP\.m2\repository\com\github\docker-java\docker-java-transport\3.4.0\docker-java-transport-3.4.0.jar;C:\Users\HP\.m2\repository\net\java\dev\jna\jna\5.13.0\jna-5.13.0.jar;C:\Users\HP\.m2\repository\org\testcontainers\kafka\1.20.4\kafka-1.20.4.jar;"/>
    <property name="java.vm.vendor" value="Oracle Corporation"/>
    <property name="sun.arch.data.model" value="64"/>
    <property name="user.variant" value=""/>
    <property name="catalina.useNaming" value="false"/>
    <property name="java.vendor.url" value="https://java.oracle.com/"/>
    <property name="user.timezone" value="Africa/Casablanca"/>
    <property name="org.jboss.logging.provider" value="slf4j"/>
    <property name="os.name" value="Windows 11"/>
    <property name="java.vm.specification.version" value="17"/>
    <property name="APPLICATION_NAME" value="cashcard-transaction-sink"/>
    <property name="sun.java.launcher" value="SUN_STANDARD"/>
    <property name="user.country" value="US"/>
    <property name="sun.boot.library.path" value="C:\Program Files\Java\jdk-17.0.12\bin"/>
    <property name="sun.java.command" value="C:\Users\HP\AppData\Local\Temp\surefire5642540992485317278\surefirebooter-20250112025228564_3.jar C:\Users\HP\AppData\Local\Temp\surefire5642540992485317278 2025-01-12T02-52-28_297-jvmRun1 surefire-20250112025228564_1tmp surefire_0-20250112025228564_2tmp"/>
    <property name="jdk.debug" value="release"/>
    <property name="surefire.test.class.path" value="D:\mohamed el merjani\java project\event-driven-app\cashcard-transaction-e2e-tests\target\test-classes;D:\mohamed el merjani\java project\event-driven-app\cashcard-transaction-e2e-tests\target\classes;C:\Users\HP\.m2\repository\org\springframework\boot\spring-boot-starter-web\3.4.1\spring-boot-starter-web-3.4.1.jar;C:\Users\HP\.m2\repository\org\springframework\boot\spring-boot-starter\3.4.1\spring-boot-starter-3.4.1.jar;C:\Users\HP\.m2\repository\org\springframework\boot\spring-boot\3.4.1\spring-boot-3.4.1.jar;C:\Users\HP\.m2\repository\org\springframework\boot\spring-boot-starter-logging\3.4.1\spring-boot-starter-logging-3.4.1.jar;C:\Users\HP\.m2\repository\org\apache\logging\log4j\log4j-to-slf4j\2.24.3\log4j-to-slf4j-2.24.3.jar;C:\Users\HP\.m2\repository\org\apache\logging\log4j\log4j-api\2.24.3\log4j-api-2.24.3.jar;C:\Users\HP\.m2\repository\org\slf4j\jul-to-slf4j\2.0.16\jul-to-slf4j-2.0.16.jar;C:\Users\HP\.m2\repository\jakarta\annotation\jakarta.annotation-api\2.1.1\jakarta.annotation-api-2.1.1.jar;C:\Users\HP\.m2\repository\org\springframework\spring-core\6.2.1\spring-core-6.2.1.jar;C:\Users\HP\.m2\repository\org\springframework\spring-jcl\6.2.1\spring-jcl-6.2.1.jar;C:\Users\HP\.m2\repository\org\yaml\snakeyaml\2.3\snakeyaml-2.3.jar;C:\Users\HP\.m2\repository\org\springframework\boot\spring-boot-starter-json\3.4.1\spring-boot-starter-json-3.4.1.jar;C:\Users\HP\.m2\repository\com\fasterxml\jackson\core\jackson-databind\2.18.2\jackson-databind-2.18.2.jar;C:\Users\HP\.m2\repository\com\fasterxml\jackson\core\jackson-annotations\2.18.2\jackson-annotations-2.18.2.jar;C:\Users\HP\.m2\repository\com\fasterxml\jackson\core\jackson-core\2.18.2\jackson-core-2.18.2.jar;C:\Users\HP\.m2\repository\com\fasterxml\jackson\datatype\jackson-datatype-jdk8\2.18.2\jackson-datatype-jdk8-2.18.2.jar;C:\Users\HP\.m2\repository\com\fasterxml\jackson\datatype\jackson-datatype-jsr310\2.18.2\jackson-datatype-jsr310-2.18.2.jar;C:\Users\HP\.m2\repository\com\fasterxml\jackson\module\jackson-module-parameter-names\2.18.2\jackson-module-parameter-names-2.18.2.jar;C:\Users\HP\.m2\repository\org\springframework\boot\spring-boot-starter-tomcat\3.4.1\spring-boot-starter-tomcat-3.4.1.jar;C:\Users\HP\.m2\repository\org\apache\tomcat\embed\tomcat-embed-core\10.1.34\tomcat-embed-core-10.1.34.jar;C:\Users\HP\.m2\repository\org\apache\tomcat\embed\tomcat-embed-el\10.1.34\tomcat-embed-el-10.1.34.jar;C:\Users\HP\.m2\repository\org\apache\tomcat\embed\tomcat-embed-websocket\10.1.34\tomcat-embed-websocket-10.1.34.jar;C:\Users\HP\.m2\repository\org\springframework\spring-web\6.2.1\spring-web-6.2.1.jar;C:\Users\HP\.m2\repository\org\springframework\spring-beans\6.2.1\spring-beans-6.2.1.jar;C:\Users\HP\.m2\repository\io\micrometer\micrometer-observation\1.14.2\micrometer-observation-1.14.2.jar;C:\Users\HP\.m2\repository\io\micrometer\micrometer-commons\1.14.2\micrometer-commons-1.14.2.jar;C:\Users\HP\.m2\repository\org\springframework\spring-webmvc\6.2.1\spring-webmvc-6.2.1.jar;C:\Users\HP\.m2\repository\org\springframework\spring-aop\6.2.1\spring-aop-6.2.1.jar;C:\Users\HP\.m2\repository\org\springframework\spring-expression\6.2.1\spring-expression-6.2.1.jar;C:\Users\HP\.m2\repository\org\springframework\kafka\spring-kafka-test\3.3.1\spring-kafka-test-3.3.1.jar;C:\Users\HP\.m2\repository\org\springframework\spring-context\6.2.1\spring-context-6.2.1.jar;C:\Users\HP\.m2\repository\org\springframework\spring-test\6.2.1\spring-test-6.2.1.jar;C:\Users\HP\.m2\repository\org\springframework\retry\spring-retry\2.0.10\spring-retry-2.0.10.jar;C:\Users\HP\.m2\repository\org\apache\zookeeper\zookeeper\3.8.4\zookeeper-3.8.4.jar;C:\Users\HP\.m2\repository\org\apache\zookeeper\zookeeper-jute\3.8.4\zookeeper-jute-3.8.4.jar;C:\Users\HP\.m2\repository\org\apache\yetus\audience-annotations\0.12.0\audience-annotations-0.12.0.jar;C:\Users\HP\.m2\repository\io\netty\netty-handler\4.1.116.Final\netty-handler-4.1.116.Final.jar;C:\Users\HP\.m2\repository\io\netty\netty-common\4.1.116.Final\netty-common-4.1.116.Final.jar;C:\Users\HP\.m2\repository\io\netty\netty-resolver\4.1.116.Final\netty-resolver-4.1.116.Final.jar;C:\Users\HP\.m2\repository\io\netty\netty-buffer\4.1.116.Final\netty-buffer-4.1.116.Final.jar;C:\Users\HP\.m2\repository\io\netty\netty-transport\4.1.116.Final\netty-transport-4.1.116.Final.jar;C:\Users\HP\.m2\repository\io\netty\netty-transport-native-unix-common\4.1.116.Final\netty-transport-native-unix-common-4.1.116.Final.jar;C:\Users\HP\.m2\repository\io\netty\netty-codec\4.1.116.Final\netty-codec-4.1.116.Final.jar;C:\Users\HP\.m2\repository\io\netty\netty-transport-native-epoll\4.1.116.Final\netty-transport-native-epoll-4.1.116.Final.jar;C:\Users\HP\.m2\repository\io\netty\netty-transport-classes-epoll\4.1.116.Final\netty-transport-classes-epoll-4.1.116.Final.jar;C:\Users\HP\.m2\repository\org\slf4j\slf4j-api\2.0.16\slf4j-api-2.0.16.jar;C:\Users\HP\.m2\repository\ch\qos\logback\logback-core\1.5.12\logback-core-1.5.12.jar;C:\Users\HP\.m2\repository\ch\qos\logback\logback-classic\1.5.12\logback-classic-1.5.12.jar;C:\Users\HP\.m2\repository\commons-io\commons-io\2.11.0\commons-io-2.11.0.jar;C:\Users\HP\.m2\repository\org\apache\kafka\kafka-clients\3.8.1\kafka-clients-3.8.1-test.jar;C:\Users\HP\.m2\repository\com\github\luben\zstd-jni\1.5.6-4\zstd-jni-1.5.6-4.jar;C:\Users\HP\.m2\repository\org\lz4\lz4-java\1.8.0\lz4-java-1.8.0.jar;C:\Users\HP\.m2\repository\org\xerial\snappy\snappy-java\1.1.10.5\snappy-java-1.1.10.5.jar;C:\Users\HP\.m2\repository\org\apache\kafka\kafka-server\3.8.1\kafka-server-3.8.1.jar;C:\Users\HP\.m2\repository\org\apache\kafka\kafka-clients\3.8.1\kafka-clients-3.8.1.jar;C:\Users\HP\.m2\repository\org\apache\kafka\kafka-group-coordinator\3.8.1\kafka-group-coordinator-3.8.1.jar;C:\Users\HP\.m2\repository\org\apache\kafka\kafka-transaction-coordinator\3.8.1\kafka-transaction-coordinator-3.8.1.jar;C:\Users\HP\.m2\repository\org\apache\kafka\kafka-raft\3.8.1\kafka-raft-3.8.1.jar;C:\Users\HP\.m2\repository\com\yammer\metrics\metrics-core\2.2.0\metrics-core-2.2.0.jar;C:\Users\HP\.m2\repository\org\apache\kafka\kafka-metadata\3.8.1\kafka-metadata-3.8.1.jar;C:\Users\HP\.m2\repository\org\apache\kafka\kafka-server-common\3.8.1\kafka-server-common-3.8.1.jar;C:\Users\HP\.m2\repository\net\sf\jopt-simple\jopt-simple\5.0.4\jopt-simple-5.0.4.jar;C:\Users\HP\.m2\repository\org\pcollections\pcollections\4.0.1\pcollections-4.0.1.jar;C:\Users\HP\.m2\repository\org\apache\kafka\kafka-server-common\3.8.1\kafka-server-common-3.8.1-test.jar;C:\Users\HP\.m2\repository\org\apache\kafka\kafka-streams-test-utils\3.8.1\kafka-streams-test-utils-3.8.1.jar;C:\Users\HP\.m2\repository\org\apache\kafka\kafka-streams\3.8.1\kafka-streams-3.8.1.jar;C:\Users\HP\.m2\repository\org\rocksdb\rocksdbjni\7.9.2\rocksdbjni-7.9.2.jar;C:\Users\HP\.m2\repository\org\apache\kafka\kafka_2.13\3.8.1\kafka_2.13-3.8.1.jar;C:\Users\HP\.m2\repository\org\scala-lang\scala-library\2.13.14\scala-library-2.13.14.jar;C:\Users\HP\.m2\repository\org\apache\kafka\kafka-group-coordinator-api\3.8.1\kafka-group-coordinator-api-3.8.1.jar;C:\Users\HP\.m2\repository\org\apache\kafka\kafka-storage-api\3.8.1\kafka-storage-api-3.8.1.jar;C:\Users\HP\.m2\repository\org\apache\kafka\kafka-tools-api\3.8.1\kafka-tools-api-3.8.1.jar;C:\Users\HP\.m2\repository\org\apache\kafka\kafka-storage\3.8.1\kafka-storage-3.8.1.jar;C:\Users\HP\.m2\repository\com\github\ben-manes\caffeine\caffeine\3.1.8\caffeine-3.1.8.jar;C:\Users\HP\.m2\repository\org\checkerframework\checker-qual\3.37.0\checker-qual-3.37.0.jar;C:\Users\HP\.m2\repository\com\google\errorprone\error_prone_annotations\2.21.1\error_prone_annotations-2.21.1.jar;C:\Users\HP\.m2\repository\net\sourceforge\argparse4j\argparse4j\0.7.0\argparse4j-0.7.0.jar;C:\Users\HP\.m2\repository\commons-validator\commons-validator\1.7\commons-validator-1.7.jar;C:\Users\HP\.m2\repository\commons-beanutils\commons-beanutils\1.9.4\commons-beanutils-1.9.4.jar;C:\Users\HP\.m2\repository\commons-digester\commons-digester\2.1\commons-digester-2.1.jar;C:\Users\HP\.m2\repository\commons-collections\commons-collections\3.2.2\commons-collections-3.2.2.jar;C:\Users\HP\.m2\repository\com\fasterxml\jackson\module\jackson-module-scala_2.13\2.18.2\jackson-module-scala_2.13-2.18.2.jar;C:\Users\HP\.m2\repository\com\thoughtworks\paranamer\paranamer\2.8\paranamer-2.8.jar;C:\Users\HP\.m2\repository\com\fasterxml\jackson\dataformat\jackson-dataformat-csv\2.18.2\jackson-dataformat-csv-2.18.2.jar;C:\Users\HP\.m2\repository\org\bitbucket\b_c\jose4j\0.9.4\jose4j-0.9.4.jar;C:\Users\HP\.m2\repository\org\scala-lang\modules\scala-collection-compat_2.13\2.10.0\scala-collection-compat_2.13-2.10.0.jar;C:\Users\HP\.m2\repository\org\scala-lang\modules\scala-java8-compat_2.13\1.0.2\scala-java8-compat_2.13-1.0.2.jar;C:\Users\HP\.m2\repository\org\scala-lang\scala-reflect\2.13.14\scala-reflect-2.13.14.jar;C:\Users\HP\.m2\repository\com\typesafe\scala-logging\scala-logging_2.13\3.9.4\scala-logging_2.13-3.9.4.jar;C:\Users\HP\.m2\repository\io\dropwizard\metrics\metrics-core\4.1.12.1\metrics-core-4.1.12.1.jar;C:\Users\HP\.m2\repository\commons-cli\commons-cli\1.4\commons-cli-1.4.jar;C:\Users\HP\.m2\repository\org\apache\kafka\kafka_2.13\3.8.1\kafka_2.13-3.8.1-test.jar;C:\Users\HP\.m2\repository\org\junit\jupiter\junit-jupiter-api\5.11.4\junit-jupiter-api-5.11.4.jar;C:\Users\HP\.m2\repository\org\opentest4j\opentest4j\1.3.0\opentest4j-1.3.0.jar;C:\Users\HP\.m2\repository\org\junit\platform\junit-platform-commons\1.11.4\junit-platform-commons-1.11.4.jar;C:\Users\HP\.m2\repository\org\apiguardian\apiguardian-api\1.1.2\apiguardian-api-1.1.2.jar;C:\Users\HP\.m2\repository\org\junit\platform\junit-platform-launcher\1.11.4\junit-platform-launcher-1.11.4.jar;C:\Users\HP\.m2\repository\org\junit\platform\junit-platform-engine\1.11.4\junit-platform-engine-1.11.4.jar;C:\Users\HP\.m2\repository\org\springframework\cloud\spring-cloud-stream-test-binder\4.2.0\spring-cloud-stream-test-binder-4.2.0.jar;C:\Users\HP\.m2\repository\org\springframework\cloud\spring-cloud-stream\4.2.0\spring-cloud-stream-4.2.0.jar;C:\Users\HP\.m2\repository\org\springframework\boot\spring-boot-starter-validation\3.4.1\spring-boot-starter-validation-3.4.1.jar;C:\Users\HP\.m2\repository\org\hibernate\validator\hibernate-validator\8.0.2.Final\hibernate-validator-8.0.2.Final.jar;C:\Users\HP\.m2\repository\jakarta\validation\jakarta.validation-api\3.0.2\jakarta.validation-api-3.0.2.jar;C:\Users\HP\.m2\repository\org\jboss\logging\jboss-logging\3.6.1.Final\jboss-logging-3.6.1.Final.jar;C:\Users\HP\.m2\repository\com\fasterxml\classmate\1.7.0\classmate-1.7.0.jar;C:\Users\HP\.m2\repository\org\springframework\spring-messaging\6.2.1\spring-messaging-6.2.1.jar;C:\Users\HP\.m2\repository\org\springframework\integration\spring-integration-core\6.4.1\spring-integration-core-6.4.1.jar;C:\Users\HP\.m2\repository\io\projectreactor\reactor-core\3.7.1\reactor-core-3.7.1.jar;C:\Users\HP\.m2\repository\org\reactivestreams\reactive-streams\1.0.4\reactive-streams-1.0.4.jar;C:\Users\HP\.m2\repository\org\springframework\integration\spring-integration-jmx\6.4.1\spring-integration-jmx-6.4.1.jar;C:\Users\HP\.m2\repository\org\springframework\cloud\spring-cloud-function-context\4.2.0\spring-cloud-function-context-4.2.0.jar;C:\Users\HP\.m2\repository\org\springframework\cloud\spring-cloud-function-core\4.2.0\spring-cloud-function-core-4.2.0.jar;C:\Users\HP\.m2\repository\org\springframework\boot\spring-boot-starter-test\3.4.1\spring-boot-starter-test-3.4.1.jar;C:\Users\HP\.m2\repository\org\springframework\boot\spring-boot-test\3.4.1\spring-boot-test-3.4.1.jar;C:\Users\HP\.m2\repository\org\springframework\boot\spring-boot-test-autoconfigure\3.4.1\spring-boot-test-autoconfigure-3.4.1.jar;C:\Users\HP\.m2\repository\com\jayway\jsonpath\json-path\2.9.0\json-path-2.9.0.jar;C:\Users\HP\.m2\repository\jakarta\xml\bind\jakarta.xml.bind-api\4.0.2\jakarta.xml.bind-api-4.0.2.jar;C:\Users\HP\.m2\repository\jakarta\activation\jakarta.activation-api\2.1.3\jakarta.activation-api-2.1.3.jar;C:\Users\HP\.m2\repository\net\minidev\json-smart\2.5.1\json-smart-2.5.1.jar;C:\Users\HP\.m2\repository\net\minidev\accessors-smart\2.5.1\accessors-smart-2.5.1.jar;C:\Users\HP\.m2\repository\org\ow2\asm\asm\9.6\asm-9.6.jar;C:\Users\HP\.m2\repository\org\assertj\assertj-core\3.26.3\assertj-core-3.26.3.jar;C:\Users\HP\.m2\repository\net\bytebuddy\byte-buddy\1.15.11\byte-buddy-1.15.11.jar;C:\Users\HP\.m2\repository\org\awaitility\awaitility\4.2.2\awaitility-4.2.2.jar;C:\Users\HP\.m2\repository\org\hamcrest\hamcrest\2.2\hamcrest-2.2.jar;C:\Users\HP\.m2\repository\org\junit\jupiter\junit-jupiter\5.11.4\junit-jupiter-5.11.4.jar;C:\Users\HP\.m2\repository\org\junit\jupiter\junit-jupiter-params\5.11.4\junit-jupiter-params-5.11.4.jar;C:\Users\HP\.m2\repository\org\junit\jupiter\junit-jupiter-engine\5.11.4\junit-jupiter-engine-5.11.4.jar;C:\Users\HP\.m2\repository\org\mockito\mockito-core\5.14.2\mockito-core-5.14.2.jar;C:\Users\HP\.m2\repository\net\bytebuddy\byte-buddy-agent\1.15.11\byte-buddy-agent-1.15.11.jar;C:\Users\HP\.m2\repository\org\objenesis\objenesis\3.3\objenesis-3.3.jar;C:\Users\HP\.m2\repository\org\mockito\mockito-junit-jupiter\5.14.2\mockito-junit-jupiter-5.14.2.jar;C:\Users\HP\.m2\repository\org\skyscreamer\jsonassert\1.5.3\jsonassert-1.5.3.jar;C:\Users\HP\.m2\repository\com\vaadin\external\google\android-json\0.0.20131108.vaadin1\android-json-0.0.20131108.vaadin1.jar;C:\Users\HP\.m2\repository\org\xmlunit\xmlunit-core\2.10.0\xmlunit-core-2.10.0.jar;C:\Users\HP\.m2\repository\elmerjani\mohamed\cashcard-transaction-sink\0.0.1-SNAPSHOT\cashcard-transaction-sink-0.0.1-SNAPSHOT.jar;C:\Users\HP\.m2\repository\org\springframework\cloud\spring-cloud-stream-binder-kafka\4.2.0\spring-cloud-stream-binder-kafka-4.2.0.jar;C:\Users\HP\.m2\repository\org\springframework\cloud\spring-cloud-stream-binder-kafka-core\4.2.0\spring-cloud-stream-binder-kafka-core-4.2.0.jar;C:\Users\HP\.m2\repository\org\springframework\integration\spring-integration-kafka\6.4.1\spring-integration-kafka-6.4.1.jar;C:\Users\HP\.m2\repository\org\springframework\kafka\spring-kafka\3.3.1\spring-kafka-3.3.1.jar;C:\Users\HP\.m2\repository\org\springframework\spring-tx\6.2.1\spring-tx-6.2.1.jar;C:\Users\HP\.m2\repository\elmerjani\mohamed\cashcard-transaction-source\0.0.1-SNAPSHOT\cashcard-transaction-source-0.0.1-SNAPSHOT.jar;C:\Users\HP\.m2\repository\elmerjani\mohamed\cashcard-transaction-enricher\0.0.1-SNAPSHOT\cashcard-transaction-enricher-0.0.1-SNAPSHOT.jar;C:\Users\HP\.m2\repository\elmerjani\mohamed\cashcard-transaction-domain\0.1.0\cashcard-transaction-domain-0.1.0.jar;C:\Users\HP\.m2\repository\org\springframework\boot\spring-boot-testcontainers\3.4.1\spring-boot-testcontainers-3.4.1.jar;C:\Users\HP\.m2\repository\org\springframework\boot\spring-boot-autoconfigure\3.4.1\spring-boot-autoconfigure-3.4.1.jar;C:\Users\HP\.m2\repository\org\testcontainers\testcontainers\1.20.4\testcontainers-1.20.4.jar;C:\Users\HP\.m2\repository\junit\junit\4.13.2\junit-4.13.2.jar;C:\Users\HP\.m2\repository\org\hamcrest\hamcrest-core\2.2\hamcrest-core-2.2.jar;C:\Users\HP\.m2\repository\org\apache\commons\commons-compress\1.24.0\commons-compress-1.24.0.jar;C:\Users\HP\.m2\repository\org\rnorth\duct-tape\duct-tape\1.0.8\duct-tape-1.0.8.jar;C:\Users\HP\.m2\repository\org\jetbrains\annotations\17.0.0\annotations-17.0.0.jar;C:\Users\HP\.m2\repository\com\github\docker-java\docker-java-api\3.4.0\docker-java-api-3.4.0.jar;C:\Users\HP\.m2\repository\com\github\docker-java\docker-java-transport-zerodep\3.4.0\docker-java-transport-zerodep-3.4.0.jar;C:\Users\HP\.m2\repository\com\github\docker-java\docker-java-transport\3.4.0\docker-java-transport-3.4.0.jar;C:\Users\HP\.m2\repository\net\java\dev\jna\jna\5.13.0\jna-5.13.0.jar;C:\Users\HP\.m2\repository\org\testcontainers\kafka\1.20.4\kafka-1.20.4.jar;"/>
    <property name="sun.cpu.endian" value="little"/>
    <property name="user.home" value="C:\Users\HP"/>
    <property name="user.language" value="en"/>
    <property name="java.specification.vendor" value="Oracle Corporation"/>
    <property name="spring.embedded.kafka.brokers" value="127.0.0.1:59863"/>
    <property name="java.version.date" value="2024-07-16"/>
    <property name="java.home" value="C:\Program Files\Java\jdk-17.0.12"/>
    <property name="zookeeper.forceSync" value="no"/>
    <property name="file.separator" value="\"/>
    <property name="basedir" value="D:\mohamed el merjani\java project\event-driven-app\cashcard-transaction-e2e-tests"/>
    <property name="java.vm.compressedOopsMode" value="Zero based"/>
    <property name="line.separator" value="&#10;"/>
    <property name="java.vm.specification.vendor" value="Oracle Corporation"/>
    <property name="java.specification.name" value="Java Platform API Specification"/>
    <property name="FILE_LOG_CHARSET" value="windows-1252"/>
    <property name="java.awt.headless" value="true"/>
    <property name="surefire.real.class.path" value="C:\Users\HP\AppData\Local\Temp\surefire5642540992485317278\surefirebooter-20250112025228564_3.jar"/>
    <property name="user.script" value=""/>
    <property name="sun.management.compiler" value="HotSpot 64-Bit Tiered Compilers"/>
    <property name="java.runtime.version" value="17.0.12+8-LTS-286"/>
    <property name="user.name" value="HP"/>
    <property name="path.separator" value=";"/>
    <property name="os.version" value="10.0"/>
    <property name="java.runtime.name" value="Java(TM) SE Runtime Environment"/>
    <property name="file.encoding" value="Cp1252"/>
    <property name="java.vm.name" value="Java HotSpot(TM) 64-Bit Server VM"/>
    <property name="localRepository" value="C:\Users\HP\.m2\repository"/>
    <property name="java.vendor.url.bug" value="https://bugreport.java.com/bugreport/"/>
    <property name="java.io.tmpdir" value="C:\Users\HP\AppData\Local\Temp\"/>
    <property name="catalina.home" value="C:\Users\HP\AppData\Local\Temp\tomcat.0.11010014101136178824"/>
    <property name="java.version" value="17.0.12"/>
    <property name="spring.kafka.bootstrap-servers" value="127.0.0.1:59863"/>
    <property name="user.dir" value="D:\mohamed el merjani\java project\event-driven-app\cashcard-transaction-e2e-tests"/>
    <property name="os.arch" value="amd64"/>
    <property name="java.vm.specification.name" value="Java Virtual Machine Specification"/>
    <property name="PID" value="8664"/>
    <property name="sun.os.patch.level" value=""/>
    <property name="CONSOLE_LOG_CHARSET" value="windows-1252"/>
    <property name="catalina.base" value="C:\Users\HP\AppData\Local\Temp\tomcat.0.11010014101136178824"/>
    <property name="native.encoding" value="Cp1252"/>
    <property name="java.library.path" value="C:\Program Files\Java\jdk-17.0.12\bin;C:\WINDOWS\Sun\Java\bin;C:\WINDOWS\system32;C:\WINDOWS;C:\Python313\Scripts\;C:\Python313\;C:\Users\HP\Downloads\bin;C:\Windows\system32;C:\Windows;C:\Windows\System32\Wbem;C:\Windows\System32\WindowsPowerShell\v1.0\;C:\Windows\System32\OpenSSH\;C:\Program Files (x86)\NVIDIA Corporation\PhysX\Common;C:\Program Files\MySQL\MySQL Server 8.1\bin;C:\WINDOWS\system32;C:\WINDOWS;C:\WINDOWS\System32\Wbem;C:\WINDOWS\System32\WindowsPowerShell\v1.0\;C:\WINDOWS\System32\OpenSSH\;C:\Program Files\Git\cmd;C:\Program Files\NVIDIA Corporation\NVIDIA NvDLISR;C:\Program Files\nodejs\;C:\Program Files\minGW\bin;C:\Program Files\CMake\bin;C:\Program Files\PostgreSQL\16\bin;C:\Program Files\Java\jdk-17.0.12\bin;C:\Program Files (x86)\Microsoft SQL Server\160\Tools\Binn\;C:\Program Files\Microsoft SQL Server\160\Tools\Binn\;C:\Program Files\Microsoft SQL Server\Client SDK\ODBC\170\Tools\Binn\;C:\Program Files\Microsoft SQL Server\160\DTS\Binn\;C:\Program Files (x86)\Microsoft SQL Server\160\DTS\Binn\;C:\Program Files\Microsoft SQL Server\150\Tools\Binn\;C:\Program Files\Microsoft SQL Server\130\DTS\Binn\;C:\Program Files\Microsoft SQL Server\140\DTS\Binn\;C:\Program Files\Microsoft SQL Server\150\DTS\Binn\;C:\ProgramData\chocolatey\bin;C:\Program Files\Docker\Docker\resources\bin;C:\Program Files\Apache\Maven\apache-maven-3.9.9\bin;C:\Users\HP\anaconda3;C:\Users\HP\anaconda3\Library\mingw-w64\bin;C:\Users\HP\anaconda3\Library\usr\bin;C:\Users\HP\anaconda3\Library\bin;C:\Users\HP\anaconda3\Scripts;C:\Users\HP\AppData\Local\Programs\Python\Python311\Scripts\;C:\Users\HP\AppData\Local\Programs\Python\Python311\;C:\Users\HP\AppData\Local\Microsoft\WindowsApps;C:\Program Files\MySQL\MySQL Server 8.1\bin;C:\Program Files\JetBrains\IntelliJ IDEA 2023.3\bin;C:\Program Files\JetBrains\IntelliJ IDEA Community Edition 2023.3\bin;C:\Users\HP\AppData\Roaming\npm;D:\Microsoft VS Code\bin;C:\Users\HP\AppData\Local\atom\bin;C:\Users\HP\AppData\Local\Microsoft\WindowsApps;;C:\Program Files\JetBrains\IntelliJ IDEA Community Edition 2024.2.3\bin;;C:\Program Files\JetBrains\IntelliJ IDEA 2024.2.4\bin;;D:\texlive\2024\bin\windows;."/>
    <property name="java.vm.info" value="mixed mode, sharing"/>
    <property name="java.vendor" value="Oracle Corporation"/>
    <property name="spring.embedded.zookeeper.connect" value="127.0.0.1:59861"/>
    <property name="java.vm.version" value="17.0.12+8-LTS-286"/>
    <property name="sun.io.unicode.encoding" value="UnicodeLittle"/>
    <property name="java.class.version" value="61.0"/>
    <property name="LOGGED_APPLICATION_NAME" value="[cashcard-transaction-sink] "/>
  </properties>
  <testcase name="cashCardTransactionStreamEndToEnd" classname="cashcard.e2e.test.CashCardTransactionStreamE2ETests" time="0.133">
    <system-out><![CDATA[
  .   ____          _            __ _ _
 /\\ / ___'_ __ _ _(_)_ __  __ _ \ \ \ \
( ( )\___ | '_ | '_| | '_ \/ _` | \ \ \ \
 \\/  ___)| |_)| | | | | || (_| |  ) ) ) )
  '  |____| .__|_| |_|_| |_\__, | / / / /
 =========|_|==============|___/=/_/_/_/

 :: Spring Boot ::                (v3.4.1)

2025-01-12T02:53:07.451+01:00  INFO 8664 --- [cashcard-transaction-sink] [           main] o.a.z.server.persistence.FileTxnSnapLog  : zookeeper.snapshot.trust.empty : false
2025-01-12T02:53:07.451+01:00  INFO 8664 --- [cashcard-transaction-sink] [           main] o.a.z.server.watch.WatchManagerFactory   : Using org.apache.zookeeper.server.watch.WatchManager as watch manager
2025-01-12T02:53:07.452+01:00  INFO 8664 --- [cashcard-transaction-sink] [           main] o.a.z.server.watch.WatchManagerFactory   : Using org.apache.zookeeper.server.watch.WatchManager as watch manager
2025-01-12T02:53:07.452+01:00  INFO 8664 --- [cashcard-transaction-sink] [           main] org.apache.zookeeper.server.ZKDatabase   : zookeeper.snapshotSizeFactor = 0.33
2025-01-12T02:53:07.452+01:00  INFO 8664 --- [cashcard-transaction-sink] [           main] org.apache.zookeeper.server.ZKDatabase   : zookeeper.commitLogCount=500
2025-01-12T02:53:07.452+01:00  INFO 8664 --- [cashcard-transaction-sink] [           main] o.a.zookeeper.server.ZooKeeperServer     : minSessionTimeout set to 1600 ms
2025-01-12T02:53:07.452+01:00  INFO 8664 --- [cashcard-transaction-sink] [           main] o.a.zookeeper.server.ZooKeeperServer     : maxSessionTimeout set to 16000 ms
2025-01-12T02:53:07.452+01:00  INFO 8664 --- [cashcard-transaction-sink] [           main] o.apache.zookeeper.server.ResponseCache  : getData response cache size is initialized with value 400.
2025-01-12T02:53:07.452+01:00  INFO 8664 --- [cashcard-transaction-sink] [           main] o.apache.zookeeper.server.ResponseCache  : getChildren response cache size is initialized with value 400.
2025-01-12T02:53:07.452+01:00  INFO 8664 --- [cashcard-transaction-sink] [           main] o.a.z.s.u.RequestPathMetricsCollector    : zookeeper.pathStats.slotCapacity = 60
2025-01-12T02:53:07.452+01:00  INFO 8664 --- [cashcard-transaction-sink] [           main] o.a.z.s.u.RequestPathMetricsCollector    : zookeeper.pathStats.slotDuration = 15
2025-01-12T02:53:07.452+01:00  INFO 8664 --- [cashcard-transaction-sink] [           main] o.a.z.s.u.RequestPathMetricsCollector    : zookeeper.pathStats.maxDepth = 6
2025-01-12T02:53:07.452+01:00  INFO 8664 --- [cashcard-transaction-sink] [           main] o.a.z.s.u.RequestPathMetricsCollector    : zookeeper.pathStats.initialDelay = 5
2025-01-12T02:53:07.452+01:00  INFO 8664 --- [cashcard-transaction-sink] [           main] o.a.z.s.u.RequestPathMetricsCollector    : zookeeper.pathStats.delay = 5
2025-01-12T02:53:07.452+01:00  INFO 8664 --- [cashcard-transaction-sink] [           main] o.a.z.s.u.RequestPathMetricsCollector    : zookeeper.pathStats.enabled = false
2025-01-12T02:53:07.452+01:00  INFO 8664 --- [cashcard-transaction-sink] [           main] o.a.zookeeper.server.ZooKeeperServer     : The max bytes for all large requests are set to 104857600
2025-01-12T02:53:07.452+01:00  INFO 8664 --- [cashcard-transaction-sink] [           main] o.a.zookeeper.server.ZooKeeperServer     : The large request threshold is set to -1
2025-01-12T02:53:07.452+01:00  INFO 8664 --- [cashcard-transaction-sink] [           main] o.a.z.server.AuthenticationHelper        : zookeeper.enforce.auth.enabled = false
2025-01-12T02:53:07.452+01:00  INFO 8664 --- [cashcard-transaction-sink] [           main] o.a.z.server.AuthenticationHelper        : zookeeper.enforce.auth.schemes = []
2025-01-12T02:53:07.452+01:00  INFO 8664 --- [cashcard-transaction-sink] [           main] o.a.zookeeper.server.ZooKeeperServer     : Created server with tickTime 800 ms minSessionTimeout 1600 ms maxSessionTimeout 16000 ms clientPortListenBacklog -1 datadir C:\Users\HP\AppData\Local\Temp\kafka-902908663144793173\version-2 snapdir C:\Users\HP\AppData\Local\Temp\kafka-17580713371991350601\version-2
2025-01-12T02:53:07.452+01:00  WARN 8664 --- [cashcard-transaction-sink] [           main] o.a.zookeeper.server.ServerCnxnFactory   : maxCnxns is not configured, using default value 0.
2025-01-12T02:53:07.452+01:00  INFO 8664 --- [cashcard-transaction-sink] [           main] o.a.z.server.NIOServerCnxnFactory        : Configuring NIO connection handler with 10s sessionless connection timeout, 2 selector thread(s), 24 worker threads, and 64 kB direct buffers.
2025-01-12T02:53:07.454+01:00  INFO 8664 --- [cashcard-transaction-sink] [           main] o.a.z.server.NIOServerCnxnFactory        : binding to port /127.0.0.1:0
2025-01-12T02:53:07.456+01:00  INFO 8664 --- [cashcard-transaction-sink] [           main] o.a.z.server.persistence.FileTxnSnapLog  : Snapshotting: 0x0 to C:\Users\HP\AppData\Local\Temp\kafka-17580713371991350601\version-2\snapshot.0
2025-01-12T02:53:07.457+01:00  INFO 8664 --- [cashcard-transaction-sink] [           main] org.apache.zookeeper.server.ZKDatabase   : Snapshot loaded in 1 ms, highest zxid is 0x0, digest is 1371985504
2025-01-12T02:53:07.457+01:00  INFO 8664 --- [cashcard-transaction-sink] [           main] o.a.z.server.persistence.FileTxnSnapLog  : Snapshotting: 0x0 to C:\Users\HP\AppData\Local\Temp\kafka-17580713371991350601\version-2\snapshot.0
2025-01-12T02:53:07.457+01:00  INFO 8664 --- [cashcard-transaction-sink] [           main] o.a.zookeeper.server.ZooKeeperServer     : Snapshot taken in 1 ms
2025-01-12T02:53:07.457+01:00  INFO 8664 --- [cashcard-transaction-sink] [0 cport:59861):] o.a.z.server.PrepRequestProcessor        : PrepRequestProcessor (sid:0) started, reconfigEnabled=false
2025-01-12T02:53:07.459+01:00  INFO 8664 --- [cashcard-transaction-sink] [           main] o.a.k.s.l.r.s.RemoteLogManagerConfig     : RemoteLogManagerConfig values: 
	log.local.retention.bytes = -2
	log.local.retention.ms = -2
	remote.fetch.max.wait.ms = 500
	remote.log.index.file.cache.total.size.bytes = 1073741824
	remote.log.manager.copier.thread.pool.size = 10
	remote.log.manager.copy.max.bytes.per.second = 9223372036854775807
	remote.log.manager.copy.quota.window.num = 11
	remote.log.manager.copy.quota.window.size.seconds = 1
	remote.log.manager.expiration.thread.pool.size = 10
	remote.log.manager.fetch.max.bytes.per.second = 9223372036854775807
	remote.log.manager.fetch.quota.window.num = 11
	remote.log.manager.fetch.quota.window.size.seconds = 1
	remote.log.manager.task.interval.ms = 30000
	remote.log.manager.task.retry.backoff.max.ms = 30000
	remote.log.manager.task.retry.backoff.ms = 500
	remote.log.manager.task.retry.jitter = 0.2
	remote.log.manager.thread.pool.size = 10
	remote.log.metadata.custom.metadata.max.bytes = 128
	remote.log.metadata.manager.class.name = org.apache.kafka.server.log.remote.metadata.storage.TopicBasedRemoteLogMetadataManager
	remote.log.metadata.manager.class.path = null
	remote.log.metadata.manager.impl.prefix = rlmm.config.
	remote.log.metadata.manager.listener.name = null
	remote.log.reader.max.pending.tasks = 100
	remote.log.reader.threads = 10
	remote.log.storage.manager.class.name = null
	remote.log.storage.manager.class.path = null
	remote.log.storage.manager.impl.prefix = rsm.config.
	remote.log.storage.system.enable = false

2025-01-12T02:53:07.462+01:00  INFO 8664 --- [cashcard-transaction-sink] [           main] kafka.server.KafkaServer                 : starting
2025-01-12T02:53:07.462+01:00  INFO 8664 --- [cashcard-transaction-sink] [           main] kafka.server.KafkaServer                 : Connecting to zookeeper on 127.0.0.1:59861
2025-01-12T02:53:07.462+01:00  INFO 8664 --- [cashcard-transaction-sink] [           main] kafka.zookeeper.ZooKeeperClient          : [ZooKeeperClient Kafka server] Initializing a new session to 127.0.0.1:59861.
2025-01-12T02:53:07.462+01:00  INFO 8664 --- [cashcard-transaction-sink] [           main] org.apache.zookeeper.ZooKeeper           : Initiating client connection, connectString=127.0.0.1:59861 sessionTimeout=18000 watcher=kafka.zookeeper.ZooKeeperClient$ZooKeeperClientWatcher$@3e7ac200
2025-01-12T02:53:07.464+01:00  INFO 8664 --- [cashcard-transaction-sink] [           main] org.apache.zookeeper.ClientCnxnSocket    : jute.maxbuffer value is 4194304 Bytes
2025-01-12T02:53:07.464+01:00  INFO 8664 --- [cashcard-transaction-sink] [           main] org.apache.zookeeper.ClientCnxn          : zookeeper.request.timeout value is 0. feature enabled=false
2025-01-12T02:53:07.465+01:00  INFO 8664 --- [cashcard-transaction-sink] [27.0.0.1:59861)] org.apache.zookeeper.ClientCnxn          : Opening socket connection to server /127.0.0.1:59861.
2025-01-12T02:53:07.465+01:00  INFO 8664 --- [cashcard-transaction-sink] [           main] kafka.zookeeper.ZooKeeperClient          : [ZooKeeperClient Kafka server] Waiting until connected.
2025-01-12T02:53:07.465+01:00  INFO 8664 --- [cashcard-transaction-sink] [27.0.0.1:59861)] org.apache.zookeeper.ClientCnxn          : Socket connection established, initiating session, client: /127.0.0.1:59862, server: /127.0.0.1:59861
2025-01-12T02:53:07.466+01:00  INFO 8664 --- [cashcard-transaction-sink] [   SyncThread:0] o.a.z.server.persistence.FileTxnLog      : Creating new log file: log.1
2025-01-12T02:53:07.468+01:00  INFO 8664 --- [cashcard-transaction-sink] [27.0.0.1:59861)] org.apache.zookeeper.ClientCnxn          : Session establishment complete on server /127.0.0.1:59861, session id = 0x100214e01660000, negotiated timeout = 16000
2025-01-12T02:53:07.468+01:00  INFO 8664 --- [cashcard-transaction-sink] [           main] kafka.zookeeper.ZooKeeperClient          : [ZooKeeperClient Kafka server] Connected.
2025-01-12T02:53:07.505+01:00  INFO 8664 --- [cashcard-transaction-sink] [           main] kafka.server.KafkaServer                 : Cluster ID = Rkj1C7eTTZiJ5lzx6NMWPA
2025-01-12T02:53:07.506+01:00  INFO 8664 --- [cashcard-transaction-sink] [           main] o.a.k.s.l.r.s.RemoteLogManagerConfig     : RemoteLogManagerConfig values: 
	log.local.retention.bytes = -2
	log.local.retention.ms = -2
	remote.fetch.max.wait.ms = 500
	remote.log.index.file.cache.total.size.bytes = 1073741824
	remote.log.manager.copier.thread.pool.size = 10
	remote.log.manager.copy.max.bytes.per.second = 9223372036854775807
	remote.log.manager.copy.quota.window.num = 11
	remote.log.manager.copy.quota.window.size.seconds = 1
	remote.log.manager.expiration.thread.pool.size = 10
	remote.log.manager.fetch.max.bytes.per.second = 9223372036854775807
	remote.log.manager.fetch.quota.window.num = 11
	remote.log.manager.fetch.quota.window.size.seconds = 1
	remote.log.manager.task.interval.ms = 30000
	remote.log.manager.task.retry.backoff.max.ms = 30000
	remote.log.manager.task.retry.backoff.ms = 500
	remote.log.manager.task.retry.jitter = 0.2
	remote.log.manager.thread.pool.size = 10
	remote.log.metadata.custom.metadata.max.bytes = 128
	remote.log.metadata.manager.class.name = org.apache.kafka.server.log.remote.metadata.storage.TopicBasedRemoteLogMetadataManager
	remote.log.metadata.manager.class.path = null
	remote.log.metadata.manager.impl.prefix = rlmm.config.
	remote.log.metadata.manager.listener.name = null
	remote.log.reader.max.pending.tasks = 100
	remote.log.reader.threads = 10
	remote.log.storage.manager.class.name = null
	remote.log.storage.manager.class.path = null
	remote.log.storage.manager.impl.prefix = rsm.config.
	remote.log.storage.system.enable = false

2025-01-12T02:53:07.509+01:00  INFO 8664 --- [cashcard-transaction-sink] [           main] o.a.k.s.l.r.s.RemoteLogManagerConfig     : RemoteLogManagerConfig values: 
	log.local.retention.bytes = -2
	log.local.retention.ms = -2
	remote.fetch.max.wait.ms = 500
	remote.log.index.file.cache.total.size.bytes = 1073741824
	remote.log.manager.copier.thread.pool.size = 10
	remote.log.manager.copy.max.bytes.per.second = 9223372036854775807
	remote.log.manager.copy.quota.window.num = 11
	remote.log.manager.copy.quota.window.size.seconds = 1
	remote.log.manager.expiration.thread.pool.size = 10
	remote.log.manager.fetch.max.bytes.per.second = 9223372036854775807
	remote.log.manager.fetch.quota.window.num = 11
	remote.log.manager.fetch.quota.window.size.seconds = 1
	remote.log.manager.task.interval.ms = 30000
	remote.log.manager.task.retry.backoff.max.ms = 30000
	remote.log.manager.task.retry.backoff.ms = 500
	remote.log.manager.task.retry.jitter = 0.2
	remote.log.manager.thread.pool.size = 10
	remote.log.metadata.custom.metadata.max.bytes = 128
	remote.log.metadata.manager.class.name = org.apache.kafka.server.log.remote.metadata.storage.TopicBasedRemoteLogMetadataManager
	remote.log.metadata.manager.class.path = null
	remote.log.metadata.manager.impl.prefix = rlmm.config.
	remote.log.metadata.manager.listener.name = null
	remote.log.reader.max.pending.tasks = 100
	remote.log.reader.threads = 10
	remote.log.storage.manager.class.name = null
	remote.log.storage.manager.class.path = null
	remote.log.storage.manager.impl.prefix = rsm.config.
	remote.log.storage.system.enable = false

2025-01-12T02:53:07.512+01:00  INFO 8664 --- [cashcard-transaction-sink] [           main] o.a.k.s.l.r.s.RemoteLogManagerConfig     : RemoteLogManagerConfig values: 
	log.local.retention.bytes = -2
	log.local.retention.ms = -2
	remote.fetch.max.wait.ms = 500
	remote.log.index.file.cache.total.size.bytes = 1073741824
	remote.log.manager.copier.thread.pool.size = 10
	remote.log.manager.copy.max.bytes.per.second = 9223372036854775807
	remote.log.manager.copy.quota.window.num = 11
	remote.log.manager.copy.quota.window.size.seconds = 1
	remote.log.manager.expiration.thread.pool.size = 10
	remote.log.manager.fetch.max.bytes.per.second = 9223372036854775807
	remote.log.manager.fetch.quota.window.num = 11
	remote.log.manager.fetch.quota.window.size.seconds = 1
	remote.log.manager.task.interval.ms = 30000
	remote.log.manager.task.retry.backoff.max.ms = 30000
	remote.log.manager.task.retry.backoff.ms = 500
	remote.log.manager.task.retry.jitter = 0.2
	remote.log.manager.thread.pool.size = 10
	remote.log.metadata.custom.metadata.max.bytes = 128
	remote.log.metadata.manager.class.name = org.apache.kafka.server.log.remote.metadata.storage.TopicBasedRemoteLogMetadataManager
	remote.log.metadata.manager.class.path = null
	remote.log.metadata.manager.impl.prefix = rlmm.config.
	remote.log.metadata.manager.listener.name = null
	remote.log.reader.max.pending.tasks = 100
	remote.log.reader.threads = 10
	remote.log.storage.manager.class.name = null
	remote.log.storage.manager.class.path = null
	remote.log.storage.manager.impl.prefix = rsm.config.
	remote.log.storage.system.enable = false

2025-01-12T02:53:07.521+01:00  INFO 8664 --- [cashcard-transaction-sink] [nelReaper-Fetch] lientQuotaManager$ThrottledChannelReaper : [ThrottledChannelReaper-Fetch]: Starting
2025-01-12T02:53:07.521+01:00  INFO 8664 --- [cashcard-transaction-sink] [lReaper-Produce] lientQuotaManager$ThrottledChannelReaper : [ThrottledChannelReaper-Produce]: Starting
2025-01-12T02:53:07.521+01:00  INFO 8664 --- [cashcard-transaction-sink] [lReaper-Request] lientQuotaManager$ThrottledChannelReaper : [ThrottledChannelReaper-Request]: Starting
2025-01-12T02:53:07.522+01:00  INFO 8664 --- [cashcard-transaction-sink] [           main] kafka.server.KafkaServer                 : [KafkaServer id=0] Rewriting C:\Users\HP\AppData\Local\Temp\spring.kafka.59fe7301-c536-4a35-953f-fc31afa5423616748842595902603263\meta.properties
2025-01-12T02:53:07.522+01:00  INFO 8664 --- [cashcard-transaction-sink] [trollerMutation] lientQuotaManager$ThrottledChannelReaper : [ThrottledChannelReaper-ControllerMutation]: Starting
2025-01-12T02:53:07.527+01:00  INFO 8664 --- [cashcard-transaction-sink] [           main] kafka.log.LogManager                     : Loading logs from log dirs ArrayBuffer(C:\Users\HP\AppData\Local\Temp\spring.kafka.59fe7301-c536-4a35-953f-fc31afa5423616748842595902603263)
2025-01-12T02:53:07.528+01:00  INFO 8664 --- [cashcard-transaction-sink] [           main] kafka.log.LogManager                     : No logs found to be loaded in C:\Users\HP\AppData\Local\Temp\spring.kafka.59fe7301-c536-4a35-953f-fc31afa5423616748842595902603263
2025-01-12T02:53:07.528+01:00  INFO 8664 --- [cashcard-transaction-sink] [           main] kafka.log.LogManager                     : Loaded 0 logs in 1ms
2025-01-12T02:53:07.529+01:00  INFO 8664 --- [cashcard-transaction-sink] [           main] kafka.log.LogManager                     : Starting log cleanup with a period of 300000 ms.
2025-01-12T02:53:07.529+01:00  INFO 8664 --- [cashcard-transaction-sink] [           main] kafka.log.LogManager                     : Starting log flusher with a default period of 9223372036854775807 ms.
2025-01-12T02:53:07.529+01:00  INFO 8664 --- [cashcard-transaction-sink] [           main] kafka.log.LogCleaner                     : Starting the log cleaner
2025-01-12T02:53:07.535+01:00  INFO 8664 --- [cashcard-transaction-sink] [leaner-thread-0] kafka.log.LogCleaner$CleanerThread       : [kafka-log-cleaner-thread-0]: Starting
2025-01-12T02:53:07.535+01:00  INFO 8664 --- [cashcard-transaction-sink] [-process-thread] stener$ChangeNotificationProcessorThread : [feature-zk-node-event-process-thread]: Starting
2025-01-12T02:53:07.537+01:00  INFO 8664 --- [cashcard-transaction-sink] [-process-thread] k.server.FinalizedFeatureChangeListener  : Feature ZK node at path: /feature does not exist
2025-01-12T02:53:07.539+01:00  INFO 8664 --- [cashcard-transaction-sink] [channel-manager] k.server.NodeToControllerRequestThread   : [zk-broker-0-to-controller-forwarding-channel-manager]: Starting
2025-01-12T02:53:07.556+01:00  INFO 8664 --- [cashcard-transaction-sink] [           main] kafka.network.ConnectionQuotas           : Updated connection-accept-rate max connection creation rate to 2147483647
2025-01-12T02:53:07.558+01:00  INFO 8664 --- [cashcard-transaction-sink] [           main] kafka.network.DataPlaneAcceptor          : Awaiting socket connections on localhost:59863.
2025-01-12T02:53:07.559+01:00  INFO 8664 --- [cashcard-transaction-sink] [           main] kafka.network.DataPlaneAcceptor          : Opened wildcard endpoint localhost:59863
2025-01-12T02:53:07.565+01:00  INFO 8664 --- [cashcard-transaction-sink] [           main] kafka.network.SocketServer               : [SocketServer listenerType=ZK_BROKER, nodeId=0] Created data-plane acceptor and processors for endpoint : ListenerName(PLAINTEXT)
2025-01-12T02:53:07.567+01:00  INFO 8664 --- [cashcard-transaction-sink] [channel-manager] k.server.NodeToControllerRequestThread   : [zk-broker-0-to-controller-alter-partition-channel-manager]: Starting
2025-01-12T02:53:07.569+01:00  INFO 8664 --- [cashcard-transaction-sink] [eaper-0-Produce] perationPurgatory$ExpiredOperationReaper : [ExpirationReaper-0-Produce]: Starting
2025-01-12T02:53:07.569+01:00  INFO 8664 --- [cashcard-transaction-sink] [nReaper-0-Fetch] perationPurgatory$ExpiredOperationReaper : [ExpirationReaper-0-Fetch]: Starting
2025-01-12T02:53:07.569+01:00  INFO 8664 --- [cashcard-transaction-sink] [0-DeleteRecords] perationPurgatory$ExpiredOperationReaper : [ExpirationReaper-0-DeleteRecords]: Starting
2025-01-12T02:53:07.569+01:00  INFO 8664 --- [cashcard-transaction-sink] [r-0-ElectLeader] perationPurgatory$ExpiredOperationReaper : [ExpirationReaper-0-ElectLeader]: Starting
2025-01-12T02:53:07.570+01:00  INFO 8664 --- [cashcard-transaction-sink] [r-0-RemoteFetch] perationPurgatory$ExpiredOperationReaper : [ExpirationReaper-0-RemoteFetch]: Starting
2025-01-12T02:53:07.571+01:00  INFO 8664 --- [cashcard-transaction-sink] [rFailureHandler] k.s.ReplicaManager$LogDirFailureHandler  : [LogDirFailureHandler]: Starting
2025-01-12T02:53:07.571+01:00  INFO 8664 --- [cashcard-transaction-sink] [nSenderThread-0] kafka.server.AddPartitionsToTxnManager   : [AddPartitionsToTxnSenderThread-0]: Starting
2025-01-12T02:53:07.586+01:00  INFO 8664 --- [cashcard-transaction-sink] [           main] kafka.zk.KafkaZkClient                   : Creating /brokers/ids/0 (is it secure? false)
2025-01-12T02:53:07.588+01:00  INFO 8664 --- [cashcard-transaction-sink] [           main] kafka.zk.KafkaZkClient                   : Stat of the created znode at /brokers/ids/0 is: 25,25,1736646787587,1736646787587,1,0,0,72094212952555520,204,0,25

2025-01-12T02:53:07.588+01:00  INFO 8664 --- [cashcard-transaction-sink] [           main] kafka.zk.KafkaZkClient                   : Registered broker 0 at path /brokers/ids/0 with addresses: PLAINTEXT://localhost:59863, czxid (broker epoch): 25
2025-01-12T02:53:07.589+01:00  INFO 8664 --- [cashcard-transaction-sink] [er-event-thread] rollerEventManager$ControllerEventThread : [ControllerEventThread controllerId=0] Starting
2025-01-12T02:53:07.589+01:00  INFO 8664 --- [cashcard-transaction-sink] [nReaper-0-topic] perationPurgatory$ExpiredOperationReaper : [ExpirationReaper-0-topic]: Starting
2025-01-12T02:53:07.589+01:00  INFO 8664 --- [cashcard-transaction-sink] [per-0-Heartbeat] perationPurgatory$ExpiredOperationReaper : [ExpirationReaper-0-Heartbeat]: Starting
2025-01-12T02:53:07.591+01:00  INFO 8664 --- [cashcard-transaction-sink] [per-0-Rebalance] perationPurgatory$ExpiredOperationReaper : [ExpirationReaper-0-Rebalance]: Starting
2025-01-12T02:53:07.591+01:00  INFO 8664 --- [cashcard-transaction-sink] [           main] k.coordinator.group.GroupCoordinator     : [GroupCoordinator 0]: Starting up.
2025-01-12T02:53:07.592+01:00  INFO 8664 --- [cashcard-transaction-sink] [           main] k.coordinator.group.GroupCoordinator     : [GroupCoordinator 0]: Startup complete.
2025-01-12T02:53:07.593+01:00  INFO 8664 --- [cashcard-transaction-sink] [er-event-thread] kafka.zk.KafkaZkClient                   : Successfully created /controller_epoch with initial epoch 0
2025-01-12T02:53:07.595+01:00  INFO 8664 --- [cashcard-transaction-sink] [           main] k.c.transaction.TransactionCoordinator   : [TransactionCoordinator id=0] Starting up.
2025-01-12T02:53:07.596+01:00  INFO 8664 --- [cashcard-transaction-sink] [er-event-thread] kafka.controller.KafkaController         : [Controller id=0] 0 successfully elected as the controller. Epoch incremented to 1 and epoch zk version is now 1
2025-01-12T02:53:07.597+01:00  INFO 8664 --- [cashcard-transaction-sink] [er-event-thread] kafka.controller.KafkaController         : [Controller id=0] Creating FeatureZNode at path: /feature with contents: FeatureZNode(2,Enabled,Map())
2025-01-12T02:53:07.597+01:00  INFO 8664 --- [cashcard-transaction-sink] [           main] k.c.transaction.TransactionCoordinator   : [TransactionCoordinator id=0] Startup complete.
2025-01-12T02:53:07.597+01:00  INFO 8664 --- [cashcard-transaction-sink] [rSenderThread-0] k.c.t.TransactionMarkerChannelManager    : [TxnMarkerSenderThread-0]: Starting
2025-01-12T02:53:07.598+01:00  INFO 8664 --- [cashcard-transaction-sink] [ain-EventThread] k.server.FinalizedFeatureChangeListener  : Feature ZK node created at path: /feature
2025-01-12T02:53:07.598+01:00  INFO 8664 --- [cashcard-transaction-sink] [per-0-AlterAcls] perationPurgatory$ExpiredOperationReaper : [ExpirationReaper-0-AlterAcls]: Starting
2025-01-12T02:53:07.599+01:00  INFO 8664 --- [cashcard-transaction-sink] [er-event-thread] kafka.controller.KafkaController         : [Controller id=0] Registering handlers
2025-01-12T02:53:07.599+01:00  INFO 8664 --- [cashcard-transaction-sink] [-process-thread] kafka.server.metadata.ZkMetadataCache    : [MetadataCache brokerId=0] Updated cache from existing None to latest Features(metadataVersion=3.8-IV0, finalizedFeatures={}, finalizedFeaturesEpoch=0).
2025-01-12T02:53:07.601+01:00  INFO 8664 --- [cashcard-transaction-sink] [er-event-thread] kafka.controller.KafkaController         : [Controller id=0] Deleting log dir event notifications
2025-01-12T02:53:07.601+01:00  INFO 8664 --- [cashcard-transaction-sink] [-process-thread] icationListener$ChangeEventProcessThread : [/config/changes-event-process-thread]: Starting
2025-01-12T02:53:07.601+01:00  INFO 8664 --- [cashcard-transaction-sink] [er-event-thread] kafka.controller.KafkaController         : [Controller id=0] Deleting isr change notifications
2025-01-12T02:53:07.602+01:00  INFO 8664 --- [cashcard-transaction-sink] [er-event-thread] kafka.controller.KafkaController         : [Controller id=0] Initializing controller context
2025-01-12T02:53:07.605+01:00  INFO 8664 --- [cashcard-transaction-sink] [er-event-thread] kafka.controller.KafkaController         : [Controller id=0] Initialized broker epochs cache: HashMap(0 -> 25)
2025-01-12T02:53:07.606+01:00  INFO 8664 --- [cashcard-transaction-sink] [           main] kafka.network.SocketServer               : [SocketServer listenerType=ZK_BROKER, nodeId=0] Enabling request processing.
2025-01-12T02:53:07.606+01:00  INFO 8664 --- [cashcard-transaction-sink] [           main] kafka.server.KafkaServer                 : [KafkaServer id=0] Start processing authorizer futures
2025-01-12T02:53:07.606+01:00  INFO 8664 --- [cashcard-transaction-sink] [           main] kafka.server.KafkaServer                 : [KafkaServer id=0] End processing authorizer futures
2025-01-12T02:53:07.606+01:00  INFO 8664 --- [cashcard-transaction-sink] [           main] kafka.server.KafkaServer                 : [KafkaServer id=0] Start processing enable request processing future
2025-01-12T02:53:07.606+01:00  INFO 8664 --- [cashcard-transaction-sink] [           main] kafka.server.KafkaServer                 : [KafkaServer id=0] End processing enable request processing future
2025-01-12T02:53:07.607+01:00  INFO 8664 --- [cashcard-transaction-sink] [           main] o.a.kafka.common.utils.AppInfoParser     : The mbean of App info: [kafka.server], id: [0] already exists, so skipping a new mbean creation.
2025-01-12T02:53:07.607+01:00  INFO 8664 --- [cashcard-transaction-sink] [           main] kafka.server.KafkaServer                 : [KafkaServer id=0] started
2025-01-12T02:53:07.607+01:00  INFO 8664 --- [cashcard-transaction-sink] [           main] o.a.k.clients.admin.AdminClientConfig    : AdminClientConfig values: 
	auto.include.jmx.reporter = true
	bootstrap.controllers = []
	bootstrap.servers = [127.0.0.1:59863]
	client.dns.lookup = use_all_dns_ips
	client.id = 
	connections.max.idle.ms = 300000
	default.api.timeout.ms = 60000
	enable.metrics.push = true
	metadata.max.age.ms = 300000
	metadata.recovery.strategy = none
	metric.reporters = []
	metrics.num.samples = 2
	metrics.recording.level = INFO
	metrics.sample.window.ms = 30000
	receive.buffer.bytes = 65536
	reconnect.backoff.max.ms = 1000
	reconnect.backoff.ms = 50
	request.timeout.ms = 30000
	retries = 2147483647
	retry.backoff.max.ms = 1000
	retry.backoff.ms = 100
	sasl.client.callback.handler.class = null
	sasl.jaas.config = null
	sasl.kerberos.kinit.cmd = /usr/bin/kinit
	sasl.kerberos.min.time.before.relogin = 60000
	sasl.kerberos.service.name = null
	sasl.kerberos.ticket.renew.jitter = 0.05
	sasl.kerberos.ticket.renew.window.factor = 0.8
	sasl.login.callback.handler.class = null
	sasl.login.class = null
	sasl.login.connect.timeout.ms = null
	sasl.login.read.timeout.ms = null
	sasl.login.refresh.buffer.seconds = 300
	sasl.login.refresh.min.period.seconds = 60
	sasl.login.refresh.window.factor = 0.8
	sasl.login.refresh.window.jitter = 0.05
	sasl.login.retry.backoff.max.ms = 10000
	sasl.login.retry.backoff.ms = 100
	sasl.mechanism = GSSAPI
	sasl.oauthbearer.clock.skew.seconds = 30
	sasl.oauthbearer.expected.audience = null
	sasl.oauthbearer.expected.issuer = null
	sasl.oauthbearer.jwks.endpoint.refresh.ms = 3600000
	sasl.oauthbearer.jwks.endpoint.retry.backoff.max.ms = 10000
	sasl.oauthbearer.jwks.endpoint.retry.backoff.ms = 100
	sasl.oauthbearer.jwks.endpoint.url = null
	sasl.oauthbearer.scope.claim.name = scope
	sasl.oauthbearer.sub.claim.name = sub
	sasl.oauthbearer.token.endpoint.url = null
	security.protocol = PLAINTEXT
	security.providers = null
	send.buffer.bytes = 131072
	socket.connection.setup.timeout.max.ms = 30000
	socket.connection.setup.timeout.ms = 10000
	ssl.cipher.suites = null
	ssl.enabled.protocols = [TLSv1.2, TLSv1.3]
	ssl.endpoint.identification.algorithm = https
	ssl.engine.factory.class = null
	ssl.key.password = null
	ssl.keymanager.algorithm = SunX509
	ssl.keystore.certificate.chain = null
	ssl.keystore.key = null
	ssl.keystore.location = null
	ssl.keystore.password = null
	ssl.keystore.type = JKS
	ssl.protocol = TLSv1.3
	ssl.provider = null
	ssl.secure.random.implementation = null
	ssl.trustmanager.algorithm = PKIX
	ssl.truststore.certificates = null
	ssl.truststore.location = null
	ssl.truststore.password = null
	ssl.truststore.type = JKS

2025-01-12T02:53:07.611+01:00  INFO 8664 --- [cashcard-transaction-sink] [           main] o.a.kafka.common.utils.AppInfoParser     : Kafka version: 3.8.1
2025-01-12T02:53:07.611+01:00  INFO 8664 --- [cashcard-transaction-sink] [           main] o.a.kafka.common.utils.AppInfoParser     : Kafka commitId: 70d6ff42debf7e17
2025-01-12T02:53:07.611+01:00  INFO 8664 --- [cashcard-transaction-sink] [           main] o.a.kafka.common.utils.AppInfoParser     : Kafka startTimeMs: 1736646787611
2025-01-12T02:53:07.611+01:00  INFO 8664 --- [cashcard-transaction-sink] [er-event-thread] kafka.controller.KafkaController         : [Controller id=0] Currently active brokers in the cluster: Set(0)
2025-01-12T02:53:07.611+01:00  INFO 8664 --- [cashcard-transaction-sink] [er-event-thread] kafka.controller.KafkaController         : [Controller id=0] Currently shutting brokers in the cluster: HashSet()
2025-01-12T02:53:07.611+01:00  INFO 8664 --- [cashcard-transaction-sink] [er-event-thread] kafka.controller.KafkaController         : [Controller id=0] Current list of topics in the cluster: HashSet()
2025-01-12T02:53:07.611+01:00  INFO 8664 --- [cashcard-transaction-sink] [er-event-thread] kafka.controller.KafkaController         : [Controller id=0] Fetching topic deletions in progress
2025-01-12T02:53:07.611+01:00  INFO 8664 --- [cashcard-transaction-sink] [r-0-send-thread] kafka.controller.RequestSendThread       : [RequestSendThread controllerId=0] Starting
2025-01-12T02:53:07.611+01:00  INFO 8664 --- [cashcard-transaction-sink] [ adminclient-10] o.a.kafka.common.utils.AppInfoParser     : App info kafka.admin.client for adminclient-10 unregistered
2025-01-12T02:53:07.612+01:00  INFO 8664 --- [cashcard-transaction-sink] [ adminclient-10] o.apache.kafka.common.metrics.Metrics    : Metrics scheduler closed
2025-01-12T02:53:07.612+01:00  INFO 8664 --- [cashcard-transaction-sink] [ adminclient-10] o.apache.kafka.common.metrics.Metrics    : Closing reporter org.apache.kafka.common.metrics.JmxReporter
2025-01-12T02:53:07.612+01:00  INFO 8664 --- [cashcard-transaction-sink] [ adminclient-10] o.apache.kafka.common.metrics.Metrics    : Metrics reporters closed
2025-01-12T02:53:07.612+01:00  INFO 8664 --- [cashcard-transaction-sink] [er-event-thread] kafka.controller.KafkaController         : [Controller id=0] List of topics to be deleted: 
2025-01-12T02:53:07.612+01:00  INFO 8664 --- [cashcard-transaction-sink] [er-event-thread] kafka.controller.KafkaController         : [Controller id=0] List of topics ineligible for deletion: 
2025-01-12T02:53:07.612+01:00  INFO 8664 --- [cashcard-transaction-sink] [er-event-thread] kafka.controller.KafkaController         : [Controller id=0] Initializing topic deletion manager
2025-01-12T02:53:07.612+01:00  INFO 8664 --- [cashcard-transaction-sink] [er-event-thread] kafka.controller.TopicDeletionManager    : [Topic Deletion Manager 0] Initializing manager with initial deletions: Set(), initial ineligible deletions: HashSet()
2025-01-12T02:53:07.612+01:00  INFO 8664 --- [cashcard-transaction-sink] [er-event-thread] kafka.controller.KafkaController         : [Controller id=0] Sending update metadata request
2025-01-12T02:53:07.612+01:00  INFO 8664 --- [cashcard-transaction-sink] [er-event-thread] state.change.logger                      : [Controller id=0 epoch=1] Sending UpdateMetadata request to brokers HashSet(0) for 0 partitions
2025-01-12T02:53:07.612+01:00  INFO 8664 --- [cashcard-transaction-sink] [er-event-thread] kafka.controller.ZkReplicaStateMachine   : [ReplicaStateMachine controllerId=0] Initializing replica state
2025-01-12T02:53:07.612+01:00  INFO 8664 --- [cashcard-transaction-sink] [er-event-thread] kafka.controller.ZkReplicaStateMachine   : [ReplicaStateMachine controllerId=0] Triggering online replica state changes
2025-01-12T02:53:07.612+01:00  INFO 8664 --- [cashcard-transaction-sink] [er-event-thread] kafka.controller.ZkReplicaStateMachine   : [ReplicaStateMachine controllerId=0] Triggering offline replica state changes
2025-01-12T02:53:07.612+01:00  INFO 8664 --- [cashcard-transaction-sink] [er-event-thread] k.controller.ZkPartitionStateMachine     : [PartitionStateMachine controllerId=0] Initializing partition state
2025-01-12T02:53:07.612+01:00  INFO 8664 --- [cashcard-transaction-sink] [er-event-thread] k.controller.ZkPartitionStateMachine     : [PartitionStateMachine controllerId=0] Triggering online partition state changes
2025-01-12T02:53:07.612+01:00  INFO 8664 --- [cashcard-transaction-sink] [er-event-thread] kafka.controller.KafkaController         : [Controller id=0] Ready to serve as the new controller with epoch 1
2025-01-12T02:53:07.613+01:00  INFO 8664 --- [cashcard-transaction-sink] [r-0-send-thread] kafka.controller.RequestSendThread       : [RequestSendThread controllerId=0] Controller 0 connected to localhost:59863 (id: 0 rack: null) for sending state change requests
2025-01-12T02:53:07.614+01:00  INFO 8664 --- [cashcard-transaction-sink] [er-event-thread] kafka.controller.KafkaController         : [Controller id=0] Partitions undergoing preferred replica election: 
2025-01-12T02:53:07.614+01:00  INFO 8664 --- [cashcard-transaction-sink] [er-event-thread] kafka.controller.KafkaController         : [Controller id=0] Partitions that completed preferred replica election: 
2025-01-12T02:53:07.614+01:00  INFO 8664 --- [cashcard-transaction-sink] [er-event-thread] kafka.controller.KafkaController         : [Controller id=0] Skipping preferred replica election for partitions due to topic deletion: 
2025-01-12T02:53:07.615+01:00  INFO 8664 --- [cashcard-transaction-sink] [er-event-thread] kafka.controller.KafkaController         : [Controller id=0] Resuming preferred replica election for partitions: 
2025-01-12T02:53:07.615+01:00  INFO 8664 --- [cashcard-transaction-sink] [er-event-thread] kafka.controller.KafkaController         : [Controller id=0] Starting replica leader election (PREFERRED) for partitions  triggered by ZkTriggered
2025-01-12T02:53:07.615+01:00  INFO 8664 --- [cashcard-transaction-sink] [           main] c.e.t.CashCardTransactionStreamE2ETests  : Starting CashCardTransactionStreamE2ETests using Java 17.0.12 with PID 8664 (started by HP in D:\mohamed el merjani\java project\event-driven-app\cashcard-transaction-e2e-tests)
2025-01-12T02:53:07.615+01:00  INFO 8664 --- [cashcard-transaction-sink] [           main] c.e.t.CashCardTransactionStreamE2ETests  : No active profile set, falling back to 1 default profile: "default"
2025-01-12T02:53:07.616+01:00  INFO 8664 --- [cashcard-transaction-sink] [er-event-thread] kafka.controller.KafkaController         : [Controller id=0] Starting the controller scheduler
2025-01-12T02:53:07.642+01:00  INFO 8664 --- [cashcard-transaction-sink] [channel-manager] k.server.NodeToControllerRequestThread   : [zk-broker-0-to-controller-forwarding-channel-manager]: Recorded new ZK controller, from now on will use node localhost:59863 (id: 0 rack: null)
2025-01-12T02:53:07.674+01:00  INFO 8664 --- [cashcard-transaction-sink] [channel-manager] k.server.NodeToControllerRequestThread   : [zk-broker-0-to-controller-alter-partition-channel-manager]: Recorded new ZK controller, from now on will use node localhost:59863 (id: 0 rack: null)
2025-01-12T02:53:07.774+01:00  INFO 8664 --- [cashcard-transaction-sink] [           main] faultConfiguringBeanFactoryPostProcessor : No bean named 'errorChannel' has been explicitly defined. Therefore, a default PublishSubscribeChannel will be created.
2025-01-12T02:53:07.774+01:00  INFO 8664 --- [cashcard-transaction-sink] [           main] faultConfiguringBeanFactoryPostProcessor : No bean named 'integrationHeaderChannelRegistry' has been explicitly defined. Therefore, a default DefaultHeaderChannelRegistry will be created.
2025-01-12T02:53:08.013+01:00  INFO 8664 --- [cashcard-transaction-sink] [           main] o.s.c.s.binder.DefaultBinderFactory      : Creating binder: kafka
2025-01-12T02:53:08.013+01:00  INFO 8664 --- [cashcard-transaction-sink] [           main] o.s.c.s.binder.DefaultBinderFactory      : Constructing binder child context for kafka
2025-01-12T02:53:08.056+01:00  INFO 8664 --- [cashcard-transaction-sink] [           main] o.s.c.s.binder.DefaultBinderFactory      : Caching the binder: kafka
2025-01-12T02:53:08.056+01:00  INFO 8664 --- [cashcard-transaction-sink] [           main] o.s.c.s.m.DirectWithAttributesChannel    : Channel 'cashcard-transaction-sink.enrichTransaction-in-0' has 1 subscriber(s).
2025-01-12T02:53:08.057+01:00  INFO 8664 --- [cashcard-transaction-sink] [           main] o.s.c.s.m.DirectWithAttributesChannel    : Channel 'cashcard-transaction-sink.cashCardTransactionFileSink-in-0' has 1 subscriber(s).
2025-01-12T02:53:08.096+01:00  INFO 8664 --- [cashcard-transaction-sink] [           main] o.s.i.endpoint.EventDrivenConsumer       : Adding {logging-channel-adapter:_org.springframework.integration.errorLogger} as a subscriber to the 'errorChannel' channel
2025-01-12T02:53:08.096+01:00  INFO 8664 --- [cashcard-transaction-sink] [           main] o.s.i.channel.PublishSubscribeChannel    : Channel 'cashcard-transaction-sink.errorChannel' has 1 subscriber(s).
2025-01-12T02:53:08.096+01:00  INFO 8664 --- [cashcard-transaction-sink] [           main] o.s.i.endpoint.EventDrivenConsumer       : started bean '_org.springframework.integration.errorLogger'
2025-01-12T02:53:08.096+01:00  INFO 8664 --- [cashcard-transaction-sink] [           main] o.s.i.endpoint.EventDrivenConsumer       : Adding {router} as a subscriber to the 'approvalRequest_integrationflow.channel#0' channel
2025-01-12T02:53:08.096+01:00  INFO 8664 --- [cashcard-transaction-sink] [           main] o.s.integration.channel.DirectChannel    : Channel 'cashcard-transaction-sink.approvalRequest_integrationflow.channel#0' has 1 subscriber(s).
2025-01-12T02:53:08.096+01:00  INFO 8664 --- [cashcard-transaction-sink] [           main] o.s.i.endpoint.EventDrivenConsumer       : started bean 'approvalRequest_integrationflow.org.springframework.integration.config.ConsumerEndpointFactoryBean#0'
2025-01-12T02:53:08.102+01:00  INFO 8664 --- [cashcard-transaction-sink] [           main] o.s.c.s.b.k.p.KafkaTopicProvisioner      : Using kafka topic for outbound: approval-requests
2025-01-12T02:53:08.102+01:00  INFO 8664 --- [cashcard-transaction-sink] [           main] o.a.k.clients.admin.AdminClientConfig    : AdminClientConfig values: 
	auto.include.jmx.reporter = true
	bootstrap.controllers = []
	bootstrap.servers = [127.0.0.1:59863]
	client.dns.lookup = use_all_dns_ips
	client.id = 
	connections.max.idle.ms = 300000
	default.api.timeout.ms = 60000
	enable.metrics.push = true
	metadata.max.age.ms = 300000
	metadata.recovery.strategy = none
	metric.reporters = []
	metrics.num.samples = 2
	metrics.recording.level = INFO
	metrics.sample.window.ms = 30000
	receive.buffer.bytes = 65536
	reconnect.backoff.max.ms = 1000
	reconnect.backoff.ms = 50
	request.timeout.ms = 30000
	retries = 2147483647
	retry.backoff.max.ms = 1000
	retry.backoff.ms = 100
	sasl.client.callback.handler.class = null
	sasl.jaas.config = null
	sasl.kerberos.kinit.cmd = /usr/bin/kinit
	sasl.kerberos.min.time.before.relogin = 60000
	sasl.kerberos.service.name = null
	sasl.kerberos.ticket.renew.jitter = 0.05
	sasl.kerberos.ticket.renew.window.factor = 0.8
	sasl.login.callback.handler.class = null
	sasl.login.class = null
	sasl.login.connect.timeout.ms = null
	sasl.login.read.timeout.ms = null
	sasl.login.refresh.buffer.seconds = 300
	sasl.login.refresh.min.period.seconds = 60
	sasl.login.refresh.window.factor = 0.8
	sasl.login.refresh.window.jitter = 0.05
	sasl.login.retry.backoff.max.ms = 10000
	sasl.login.retry.backoff.ms = 100
	sasl.mechanism = GSSAPI
	sasl.oauthbearer.clock.skew.seconds = 30
	sasl.oauthbearer.expected.audience = null
	sasl.oauthbearer.expected.issuer = null
	sasl.oauthbearer.jwks.endpoint.refresh.ms = 3600000
	sasl.oauthbearer.jwks.endpoint.retry.backoff.max.ms = 10000
	sasl.oauthbearer.jwks.endpoint.retry.backoff.ms = 100
	sasl.oauthbearer.jwks.endpoint.url = null
	sasl.oauthbearer.scope.claim.name = scope
	sasl.oauthbearer.sub.claim.name = sub
	sasl.oauthbearer.token.endpoint.url = null
	security.protocol = PLAINTEXT
	security.providers = null
	send.buffer.bytes = 131072
	socket.connection.setup.timeout.max.ms = 30000
	socket.connection.setup.timeout.ms = 10000
	ssl.cipher.suites = null
	ssl.enabled.protocols = [TLSv1.2, TLSv1.3]
	ssl.endpoint.identification.algorithm = https
	ssl.engine.factory.class = null
	ssl.key.password = null
	ssl.keymanager.algorithm = SunX509
	ssl.keystore.certificate.chain = null
	ssl.keystore.key = null
	ssl.keystore.location = null
	ssl.keystore.password = null
	ssl.keystore.type = JKS
	ssl.protocol = TLSv1.3
	ssl.provider = null
	ssl.secure.random.implementation = null
	ssl.trustmanager.algorithm = PKIX
	ssl.truststore.certificates = null
	ssl.truststore.location = null
	ssl.truststore.password = null
	ssl.truststore.type = JKS

2025-01-12T02:53:08.107+01:00  INFO 8664 --- [cashcard-transaction-sink] [           main] o.a.kafka.common.utils.AppInfoParser     : Kafka version: 3.8.1
2025-01-12T02:53:08.107+01:00  INFO 8664 --- [cashcard-transaction-sink] [           main] o.a.kafka.common.utils.AppInfoParser     : Kafka commitId: 70d6ff42debf7e17
2025-01-12T02:53:08.107+01:00  INFO 8664 --- [cashcard-transaction-sink] [           main] o.a.kafka.common.utils.AppInfoParser     : Kafka startTimeMs: 1736646788107
2025-01-12T02:53:08.118+01:00  INFO 8664 --- [cashcard-transaction-sink] [quest-handler-2] kafka.zk.AdminZkClient                   : Creating topic approval-requests with configuration {} and initial partition assignment HashMap(0 -> ArrayBuffer(0))
2025-01-12T02:53:08.128+01:00  INFO 8664 --- [cashcard-transaction-sink] [er-event-thread] kafka.controller.KafkaController         : [Controller id=0] New topics: [Set(approval-requests)], deleted topics: [HashSet()], new partition replica assignment [Set(TopicIdReplicaAssignment(approval-requests,Some(Pyr8oz7pS8qZE5uXtU1AtQ),Map(approval-requests-0 -> ReplicaAssignment(replicas=0, addingReplicas=, removingReplicas=))))]
2025-01-12T02:53:08.128+01:00  INFO 8664 --- [cashcard-transaction-sink] [er-event-thread] kafka.controller.KafkaController         : [Controller id=0] New partition creation callback for approval-requests-0
2025-01-12T02:53:08.128+01:00  INFO 8664 --- [cashcard-transaction-sink] [er-event-thread] state.change.logger                      : [Controller id=0 epoch=1] Changed partition approval-requests-0 state from NonExistentPartition to NewPartition with assigned replicas 0
2025-01-12T02:53:08.128+01:00  INFO 8664 --- [cashcard-transaction-sink] [er-event-thread] state.change.logger                      : [Controller id=0 epoch=1] Sending UpdateMetadata request to brokers HashSet() for 0 partitions
2025-01-12T02:53:08.128+01:00  INFO 8664 --- [cashcard-transaction-sink] [er-event-thread] state.change.logger                      : [Controller id=0 epoch=1] Sending UpdateMetadata request to brokers HashSet() for 0 partitions
2025-01-12T02:53:08.132+01:00  INFO 8664 --- [cashcard-transaction-sink] [er-event-thread] state.change.logger                      : [Controller id=0 epoch=1] Changed partition approval-requests-0 from NewPartition to OnlinePartition with state LeaderAndIsr(leader=0, leaderEpoch=0, isrWithBrokerEpoch=List(BrokerState(brokerId=0, brokerEpoch=-1)), leaderRecoveryState=RECOVERED, partitionEpoch=0)
2025-01-12T02:53:08.133+01:00  INFO 8664 --- [cashcard-transaction-sink] [er-event-thread] state.change.logger                      : [Controller id=0 epoch=1] Sending LeaderAndIsr request to broker 0 with 1 become-leader and 0 become-follower partitions
2025-01-12T02:53:08.133+01:00  INFO 8664 --- [cashcard-transaction-sink] [er-event-thread] state.change.logger                      : [Controller id=0 epoch=1] Sending UpdateMetadata request to brokers HashSet(0) for 1 partitions
2025-01-12T02:53:08.133+01:00  INFO 8664 --- [cashcard-transaction-sink] [er-event-thread] state.change.logger                      : [Controller id=0 epoch=1] Sending UpdateMetadata request to brokers HashSet() for 0 partitions
2025-01-12T02:53:08.133+01:00  INFO 8664 --- [cashcard-transaction-sink] [quest-handler-1] state.change.logger                      : [Broker id=0] Handling LeaderAndIsr request correlationId 1 from controller 0 for 1 partitions
2025-01-12T02:53:08.134+01:00  INFO 8664 --- [cashcard-transaction-sink] [quest-handler-1] kafka.server.ReplicaFetcherManager       : [ReplicaFetcherManager on broker 0] Removed fetcher for partitions Set(approval-requests-0)
2025-01-12T02:53:08.134+01:00  INFO 8664 --- [cashcard-transaction-sink] [quest-handler-1] state.change.logger                      : [Broker id=0] Stopped fetchers as part of LeaderAndIsr request correlationId 1 from controller 0 epoch 1 as part of the become-leader transition for 1 partitions
2025-01-12T02:53:08.141+01:00  INFO 8664 --- [cashcard-transaction-sink] [quest-handler-1] kafka.log.UnifiedLog$                    : [LogLoader partition=approval-requests-0, dir=C:\Users\HP\AppData\Local\Temp\spring.kafka.59fe7301-c536-4a35-953f-fc31afa5423616748842595902603263] Loading producer state till offset 0 with message format version 2
2025-01-12T02:53:08.141+01:00  INFO 8664 --- [cashcard-transaction-sink] [quest-handler-1] kafka.log.LogManager                     : Created log for partition approval-requests-0 in C:\Users\HP\AppData\Local\Temp\spring.kafka.59fe7301-c536-4a35-953f-fc31afa5423616748842595902603263\approval-requests-0 with properties {}
2025-01-12T02:53:08.141+01:00  INFO 8664 --- [cashcard-transaction-sink] [quest-handler-1] kafka.cluster.Partition                  : [Partition approval-requests-0 broker=0] No checkpointed highwatermark is found for partition approval-requests-0
2025-01-12T02:53:08.141+01:00  INFO 8664 --- [cashcard-transaction-sink] [quest-handler-1] kafka.cluster.Partition                  : [Partition approval-requests-0 broker=0] Log loaded for partition approval-requests-0 with initial high watermark 0
2025-01-12T02:53:08.142+01:00  INFO 8664 --- [cashcard-transaction-sink] [quest-handler-1] state.change.logger                      : [Broker id=0] Leader approval-requests-0 with topic id Some(Pyr8oz7pS8qZE5uXtU1AtQ) starts at leader epoch 0 from offset 0 with partition epoch 0, high watermark 0, ISR [0], adding replicas [] and removing replicas [] . Previous leader None and previous leader epoch was -1.
2025-01-12T02:53:08.145+01:00  INFO 8664 --- [cashcard-transaction-sink] [quest-handler-1] state.change.logger                      : [Broker id=0] Finished LeaderAndIsr request in 12ms correlationId 1 from controller 0 for 1 partitions
2025-01-12T02:53:08.146+01:00  INFO 8664 --- [cashcard-transaction-sink] [quest-handler-7] state.change.logger                      : [Broker id=0] Add 1 partitions and deleted 0 partitions from metadata cache in response to UpdateMetadata request sent by controller 0 epoch 1 with correlation id 2
2025-01-12T02:53:08.148+01:00  WARN 8664 --- [cashcard-transaction-sink] [ adminclient-11] o.a.k.clients.admin.KafkaAdminClient     : [AdminClient clientId=adminclient-11] The DescribeTopicPartitions API is not supported, using Metadata API to describe topics.
2025-01-12T02:53:08.149+01:00  INFO 8664 --- [cashcard-transaction-sink] [ adminclient-11] o.a.kafka.common.utils.AppInfoParser     : App info kafka.admin.client for adminclient-11 unregistered
2025-01-12T02:53:08.150+01:00  INFO 8664 --- [cashcard-transaction-sink] [ adminclient-11] o.apache.kafka.common.metrics.Metrics    : Metrics scheduler closed
2025-01-12T02:53:08.151+01:00  INFO 8664 --- [cashcard-transaction-sink] [ adminclient-11] o.apache.kafka.common.metrics.Metrics    : Closing reporter org.apache.kafka.common.metrics.JmxReporter
2025-01-12T02:53:08.151+01:00  INFO 8664 --- [cashcard-transaction-sink] [ adminclient-11] o.apache.kafka.common.metrics.Metrics    : Metrics reporters closed
2025-01-12T02:53:08.151+01:00  INFO 8664 --- [cashcard-transaction-sink] [           main] o.a.k.clients.producer.ProducerConfig    : Idempotence will be disabled because acks is set to 1, not set to 'all'.
2025-01-12T02:53:08.151+01:00  INFO 8664 --- [cashcard-transaction-sink] [           main] o.a.k.clients.producer.ProducerConfig    : ProducerConfig values: 
	acks = 1
	auto.include.jmx.reporter = true
	batch.size = 16384
	bootstrap.servers = [127.0.0.1:59863]
	buffer.memory = 33554432
	client.dns.lookup = use_all_dns_ips
	client.id = producer-5
	compression.gzip.level = -1
	compression.lz4.level = 9
	compression.type = none
	compression.zstd.level = 3
	connections.max.idle.ms = 540000
	delivery.timeout.ms = 120000
	enable.idempotence = false
	enable.metrics.push = true
	interceptor.classes = []
	key.serializer = class org.apache.kafka.common.serialization.ByteArraySerializer
	linger.ms = 0
	max.block.ms = 60000
	max.in.flight.requests.per.connection = 5
	max.request.size = 1048576
	metadata.max.age.ms = 300000
	metadata.max.idle.ms = 300000
	metadata.recovery.strategy = none
	metric.reporters = []
	metrics.num.samples = 2
	metrics.recording.level = INFO
	metrics.sample.window.ms = 30000
	partitioner.adaptive.partitioning.enable = true
	partitioner.availability.timeout.ms = 0
	partitioner.class = null
	partitioner.ignore.keys = false
	receive.buffer.bytes = 32768
	reconnect.backoff.max.ms = 1000
	reconnect.backoff.ms = 50
	request.timeout.ms = 30000
	retries = 2147483647
	retry.backoff.max.ms = 1000
	retry.backoff.ms = 100
	sasl.client.callback.handler.class = null
	sasl.jaas.config = null
	sasl.kerberos.kinit.cmd = /usr/bin/kinit
	sasl.kerberos.min.time.before.relogin = 60000
	sasl.kerberos.service.name = null
	sasl.kerberos.ticket.renew.jitter = 0.05
	sasl.kerberos.ticket.renew.window.factor = 0.8
	sasl.login.callback.handler.class = null
	sasl.login.class = null
	sasl.login.connect.timeout.ms = null
	sasl.login.read.timeout.ms = null
	sasl.login.refresh.buffer.seconds = 300
	sasl.login.refresh.min.period.seconds = 60
	sasl.login.refresh.window.factor = 0.8
	sasl.login.refresh.window.jitter = 0.05
	sasl.login.retry.backoff.max.ms = 10000
	sasl.login.retry.backoff.ms = 100
	sasl.mechanism = GSSAPI
	sasl.oauthbearer.clock.skew.seconds = 30
	sasl.oauthbearer.expected.audience = null
	sasl.oauthbearer.expected.issuer = null
	sasl.oauthbearer.jwks.endpoint.refresh.ms = 3600000
	sasl.oauthbearer.jwks.endpoint.retry.backoff.max.ms = 10000
	sasl.oauthbearer.jwks.endpoint.retry.backoff.ms = 100
	sasl.oauthbearer.jwks.endpoint.url = null
	sasl.oauthbearer.scope.claim.name = scope
	sasl.oauthbearer.sub.claim.name = sub
	sasl.oauthbearer.token.endpoint.url = null
	security.protocol = PLAINTEXT
	security.providers = null
	send.buffer.bytes = 131072
	socket.connection.setup.timeout.max.ms = 30000
	socket.connection.setup.timeout.ms = 10000
	ssl.cipher.suites = null
	ssl.enabled.protocols = [TLSv1.2, TLSv1.3]
	ssl.endpoint.identification.algorithm = https
	ssl.engine.factory.class = null
	ssl.key.password = null
	ssl.keymanager.algorithm = SunX509
	ssl.keystore.certificate.chain = null
	ssl.keystore.key = null
	ssl.keystore.location = null
	ssl.keystore.password = null
	ssl.keystore.type = JKS
	ssl.protocol = TLSv1.3
	ssl.provider = null
	ssl.secure.random.implementation = null
	ssl.trustmanager.algorithm = PKIX
	ssl.truststore.certificates = null
	ssl.truststore.location = null
	ssl.truststore.password = null
	ssl.truststore.type = JKS
	transaction.timeout.ms = 60000
	transactional.id = null
	value.serializer = class org.apache.kafka.common.serialization.ByteArraySerializer

2025-01-12T02:53:08.151+01:00  INFO 8664 --- [cashcard-transaction-sink] [           main] o.a.k.c.t.i.KafkaMetricsCollector        : initializing Kafka metrics collector
2025-01-12T02:53:08.155+01:00  INFO 8664 --- [cashcard-transaction-sink] [           main] o.a.kafka.common.utils.AppInfoParser     : Kafka version: 3.8.1
2025-01-12T02:53:08.155+01:00  INFO 8664 --- [cashcard-transaction-sink] [           main] o.a.kafka.common.utils.AppInfoParser     : Kafka commitId: 70d6ff42debf7e17
2025-01-12T02:53:08.155+01:00  INFO 8664 --- [cashcard-transaction-sink] [           main] o.a.kafka.common.utils.AppInfoParser     : Kafka startTimeMs: 1736646788155
2025-01-12T02:53:08.158+01:00  INFO 8664 --- [cashcard-transaction-sink] [ad | producer-5] org.apache.kafka.clients.Metadata        : [Producer clientId=producer-5] Cluster ID: Rkj1C7eTTZiJ5lzx6NMWPA
2025-01-12T02:53:08.159+01:00  INFO 8664 --- [cashcard-transaction-sink] [           main] o.s.c.s.m.DirectWithAttributesChannel    : Channel 'cashcard-transaction-sink.approvalRequest-out-0' has 1 subscriber(s).
2025-01-12T02:53:08.164+01:00  INFO 8664 --- [cashcard-transaction-sink] [           main] o.s.c.s.b.k.p.KafkaTopicProvisioner      : Using kafka topic for outbound: enriched-transactions
2025-01-12T02:53:08.164+01:00  INFO 8664 --- [cashcard-transaction-sink] [           main] o.a.k.clients.admin.AdminClientConfig    : AdminClientConfig values: 
	auto.include.jmx.reporter = true
	bootstrap.controllers = []
	bootstrap.servers = [127.0.0.1:59863]
	client.dns.lookup = use_all_dns_ips
	client.id = 
	connections.max.idle.ms = 300000
	default.api.timeout.ms = 60000
	enable.metrics.push = true
	metadata.max.age.ms = 300000
	metadata.recovery.strategy = none
	metric.reporters = []
	metrics.num.samples = 2
	metrics.recording.level = INFO
	metrics.sample.window.ms = 30000
	receive.buffer.bytes = 65536
	reconnect.backoff.max.ms = 1000
	reconnect.backoff.ms = 50
	request.timeout.ms = 30000
	retries = 2147483647
	retry.backoff.max.ms = 1000
	retry.backoff.ms = 100
	sasl.client.callback.handler.class = null
	sasl.jaas.config = null
	sasl.kerberos.kinit.cmd = /usr/bin/kinit
	sasl.kerberos.min.time.before.relogin = 60000
	sasl.kerberos.service.name = null
	sasl.kerberos.ticket.renew.jitter = 0.05
	sasl.kerberos.ticket.renew.window.factor = 0.8
	sasl.login.callback.handler.class = null
	sasl.login.class = null
	sasl.login.connect.timeout.ms = null
	sasl.login.read.timeout.ms = null
	sasl.login.refresh.buffer.seconds = 300
	sasl.login.refresh.min.period.seconds = 60
	sasl.login.refresh.window.factor = 0.8
	sasl.login.refresh.window.jitter = 0.05
	sasl.login.retry.backoff.max.ms = 10000
	sasl.login.retry.backoff.ms = 100
	sasl.mechanism = GSSAPI
	sasl.oauthbearer.clock.skew.seconds = 30
	sasl.oauthbearer.expected.audience = null
	sasl.oauthbearer.expected.issuer = null
	sasl.oauthbearer.jwks.endpoint.refresh.ms = 3600000
	sasl.oauthbearer.jwks.endpoint.retry.backoff.max.ms = 10000
	sasl.oauthbearer.jwks.endpoint.retry.backoff.ms = 100
	sasl.oauthbearer.jwks.endpoint.url = null
	sasl.oauthbearer.scope.claim.name = scope
	sasl.oauthbearer.sub.claim.name = sub
	sasl.oauthbearer.token.endpoint.url = null
	security.protocol = PLAINTEXT
	security.providers = null
	send.buffer.bytes = 131072
	socket.connection.setup.timeout.max.ms = 30000
	socket.connection.setup.timeout.ms = 10000
	ssl.cipher.suites = null
	ssl.enabled.protocols = [TLSv1.2, TLSv1.3]
	ssl.endpoint.identification.algorithm = https
	ssl.engine.factory.class = null
	ssl.key.password = null
	ssl.keymanager.algorithm = SunX509
	ssl.keystore.certificate.chain = null
	ssl.keystore.key = null
	ssl.keystore.location = null
	ssl.keystore.password = null
	ssl.keystore.type = JKS
	ssl.protocol = TLSv1.3
	ssl.provider = null
	ssl.secure.random.implementation = null
	ssl.trustmanager.algorithm = PKIX
	ssl.truststore.certificates = null
	ssl.truststore.location = null
	ssl.truststore.password = null
	ssl.truststore.type = JKS

2025-01-12T02:53:08.167+01:00  INFO 8664 --- [cashcard-transaction-sink] [           main] o.a.kafka.common.utils.AppInfoParser     : Kafka version: 3.8.1
2025-01-12T02:53:08.167+01:00  INFO 8664 --- [cashcard-transaction-sink] [           main] o.a.kafka.common.utils.AppInfoParser     : Kafka commitId: 70d6ff42debf7e17
2025-01-12T02:53:08.167+01:00  INFO 8664 --- [cashcard-transaction-sink] [           main] o.a.kafka.common.utils.AppInfoParser     : Kafka startTimeMs: 1736646788167
2025-01-12T02:53:08.180+01:00  INFO 8664 --- [cashcard-transaction-sink] [quest-handler-0] kafka.zk.AdminZkClient                   : Creating topic enriched-transactions with configuration {} and initial partition assignment HashMap(0 -> ArrayBuffer(0))
2025-01-12T02:53:08.188+01:00  INFO 8664 --- [cashcard-transaction-sink] [er-event-thread] kafka.controller.KafkaController         : [Controller id=0] New topics: [Set(enriched-transactions)], deleted topics: [HashSet()], new partition replica assignment [Set(TopicIdReplicaAssignment(enriched-transactions,Some(ZdpaGKr9TWalp6EenchYjA),Map(enriched-transactions-0 -> ReplicaAssignment(replicas=0, addingReplicas=, removingReplicas=))))]
2025-01-12T02:53:08.189+01:00  INFO 8664 --- [cashcard-transaction-sink] [er-event-thread] kafka.controller.KafkaController         : [Controller id=0] New partition creation callback for enriched-transactions-0
2025-01-12T02:53:08.189+01:00  INFO 8664 --- [cashcard-transaction-sink] [er-event-thread] state.change.logger                      : [Controller id=0 epoch=1] Changed partition enriched-transactions-0 state from NonExistentPartition to NewPartition with assigned replicas 0
2025-01-12T02:53:08.189+01:00  INFO 8664 --- [cashcard-transaction-sink] [er-event-thread] state.change.logger                      : [Controller id=0 epoch=1] Sending UpdateMetadata request to brokers HashSet() for 0 partitions
2025-01-12T02:53:08.189+01:00  INFO 8664 --- [cashcard-transaction-sink] [er-event-thread] state.change.logger                      : [Controller id=0 epoch=1] Sending UpdateMetadata request to brokers HashSet() for 0 partitions
2025-01-12T02:53:08.194+01:00  INFO 8664 --- [cashcard-transaction-sink] [er-event-thread] state.change.logger                      : [Controller id=0 epoch=1] Changed partition enriched-transactions-0 from NewPartition to OnlinePartition with state LeaderAndIsr(leader=0, leaderEpoch=0, isrWithBrokerEpoch=List(BrokerState(brokerId=0, brokerEpoch=-1)), leaderRecoveryState=RECOVERED, partitionEpoch=0)
2025-01-12T02:53:08.194+01:00  INFO 8664 --- [cashcard-transaction-sink] [er-event-thread] state.change.logger                      : [Controller id=0 epoch=1] Sending LeaderAndIsr request to broker 0 with 1 become-leader and 0 become-follower partitions
2025-01-12T02:53:08.195+01:00  INFO 8664 --- [cashcard-transaction-sink] [er-event-thread] state.change.logger                      : [Controller id=0 epoch=1] Sending UpdateMetadata request to brokers HashSet(0) for 1 partitions
2025-01-12T02:53:08.195+01:00  INFO 8664 --- [cashcard-transaction-sink] [er-event-thread] state.change.logger                      : [Controller id=0 epoch=1] Sending UpdateMetadata request to brokers HashSet() for 0 partitions
2025-01-12T02:53:08.195+01:00  INFO 8664 --- [cashcard-transaction-sink] [quest-handler-3] state.change.logger                      : [Broker id=0] Handling LeaderAndIsr request correlationId 3 from controller 0 for 1 partitions
2025-01-12T02:53:08.195+01:00  INFO 8664 --- [cashcard-transaction-sink] [quest-handler-3] kafka.server.ReplicaFetcherManager       : [ReplicaFetcherManager on broker 0] Removed fetcher for partitions Set(enriched-transactions-0)
2025-01-12T02:53:08.195+01:00  INFO 8664 --- [cashcard-transaction-sink] [quest-handler-3] state.change.logger                      : [Broker id=0] Stopped fetchers as part of LeaderAndIsr request correlationId 3 from controller 0 epoch 1 as part of the become-leader transition for 1 partitions
2025-01-12T02:53:08.201+01:00  INFO 8664 --- [cashcard-transaction-sink] [quest-handler-3] kafka.log.UnifiedLog$                    : [LogLoader partition=enriched-transactions-0, dir=C:\Users\HP\AppData\Local\Temp\spring.kafka.59fe7301-c536-4a35-953f-fc31afa5423616748842595902603263] Loading producer state till offset 0 with message format version 2
2025-01-12T02:53:08.201+01:00  INFO 8664 --- [cashcard-transaction-sink] [quest-handler-3] kafka.log.LogManager                     : Created log for partition enriched-transactions-0 in C:\Users\HP\AppData\Local\Temp\spring.kafka.59fe7301-c536-4a35-953f-fc31afa5423616748842595902603263\enriched-transactions-0 with properties {}
2025-01-12T02:53:08.202+01:00  INFO 8664 --- [cashcard-transaction-sink] [quest-handler-3] kafka.cluster.Partition                  : [Partition enriched-transactions-0 broker=0] No checkpointed highwatermark is found for partition enriched-transactions-0
2025-01-12T02:53:08.202+01:00  INFO 8664 --- [cashcard-transaction-sink] [quest-handler-3] kafka.cluster.Partition                  : [Partition enriched-transactions-0 broker=0] Log loaded for partition enriched-transactions-0 with initial high watermark 0
2025-01-12T02:53:08.202+01:00  INFO 8664 --- [cashcard-transaction-sink] [quest-handler-3] state.change.logger                      : [Broker id=0] Leader enriched-transactions-0 with topic id Some(ZdpaGKr9TWalp6EenchYjA) starts at leader epoch 0 from offset 0 with partition epoch 0, high watermark 0, ISR [0], adding replicas [] and removing replicas [] . Previous leader None and previous leader epoch was -1.
2025-01-12T02:53:08.205+01:00  INFO 8664 --- [cashcard-transaction-sink] [quest-handler-3] state.change.logger                      : [Broker id=0] Finished LeaderAndIsr request in 10ms correlationId 3 from controller 0 for 1 partitions
2025-01-12T02:53:08.206+01:00  INFO 8664 --- [cashcard-transaction-sink] [quest-handler-5] state.change.logger                      : [Broker id=0] Add 1 partitions and deleted 0 partitions from metadata cache in response to UpdateMetadata request sent by controller 0 epoch 1 with correlation id 4
2025-01-12T02:53:08.208+01:00  WARN 8664 --- [cashcard-transaction-sink] [ adminclient-12] o.a.k.clients.admin.KafkaAdminClient     : [AdminClient clientId=adminclient-12] The DescribeTopicPartitions API is not supported, using Metadata API to describe topics.
2025-01-12T02:53:08.209+01:00  INFO 8664 --- [cashcard-transaction-sink] [ adminclient-12] o.a.kafka.common.utils.AppInfoParser     : App info kafka.admin.client for adminclient-12 unregistered
2025-01-12T02:53:08.210+01:00  INFO 8664 --- [cashcard-transaction-sink] [ adminclient-12] o.apache.kafka.common.metrics.Metrics    : Metrics scheduler closed
2025-01-12T02:53:08.211+01:00  INFO 8664 --- [cashcard-transaction-sink] [ adminclient-12] o.apache.kafka.common.metrics.Metrics    : Closing reporter org.apache.kafka.common.metrics.JmxReporter
2025-01-12T02:53:08.211+01:00  INFO 8664 --- [cashcard-transaction-sink] [ adminclient-12] o.apache.kafka.common.metrics.Metrics    : Metrics reporters closed
2025-01-12T02:53:08.211+01:00  INFO 8664 --- [cashcard-transaction-sink] [           main] o.a.k.clients.producer.ProducerConfig    : Idempotence will be disabled because acks is set to 1, not set to 'all'.
2025-01-12T02:53:08.211+01:00  INFO 8664 --- [cashcard-transaction-sink] [           main] o.a.k.clients.producer.ProducerConfig    : ProducerConfig values: 
	acks = 1
	auto.include.jmx.reporter = true
	batch.size = 16384
	bootstrap.servers = [127.0.0.1:59863]
	buffer.memory = 33554432
	client.dns.lookup = use_all_dns_ips
	client.id = producer-6
	compression.gzip.level = -1
	compression.lz4.level = 9
	compression.type = none
	compression.zstd.level = 3
	connections.max.idle.ms = 540000
	delivery.timeout.ms = 120000
	enable.idempotence = false
	enable.metrics.push = true
	interceptor.classes = []
	key.serializer = class org.apache.kafka.common.serialization.ByteArraySerializer
	linger.ms = 0
	max.block.ms = 60000
	max.in.flight.requests.per.connection = 5
	max.request.size = 1048576
	metadata.max.age.ms = 300000
	metadata.max.idle.ms = 300000
	metadata.recovery.strategy = none
	metric.reporters = []
	metrics.num.samples = 2
	metrics.recording.level = INFO
	metrics.sample.window.ms = 30000
	partitioner.adaptive.partitioning.enable = true
	partitioner.availability.timeout.ms = 0
	partitioner.class = null
	partitioner.ignore.keys = false
	receive.buffer.bytes = 32768
	reconnect.backoff.max.ms = 1000
	reconnect.backoff.ms = 50
	request.timeout.ms = 30000
	retries = 2147483647
	retry.backoff.max.ms = 1000
	retry.backoff.ms = 100
	sasl.client.callback.handler.class = null
	sasl.jaas.config = null
	sasl.kerberos.kinit.cmd = /usr/bin/kinit
	sasl.kerberos.min.time.before.relogin = 60000
	sasl.kerberos.service.name = null
	sasl.kerberos.ticket.renew.jitter = 0.05
	sasl.kerberos.ticket.renew.window.factor = 0.8
	sasl.login.callback.handler.class = null
	sasl.login.class = null
	sasl.login.connect.timeout.ms = null
	sasl.login.read.timeout.ms = null
	sasl.login.refresh.buffer.seconds = 300
	sasl.login.refresh.min.period.seconds = 60
	sasl.login.refresh.window.factor = 0.8
	sasl.login.refresh.window.jitter = 0.05
	sasl.login.retry.backoff.max.ms = 10000
	sasl.login.retry.backoff.ms = 100
	sasl.mechanism = GSSAPI
	sasl.oauthbearer.clock.skew.seconds = 30
	sasl.oauthbearer.expected.audience = null
	sasl.oauthbearer.expected.issuer = null
	sasl.oauthbearer.jwks.endpoint.refresh.ms = 3600000
	sasl.oauthbearer.jwks.endpoint.retry.backoff.max.ms = 10000
	sasl.oauthbearer.jwks.endpoint.retry.backoff.ms = 100
	sasl.oauthbearer.jwks.endpoint.url = null
	sasl.oauthbearer.scope.claim.name = scope
	sasl.oauthbearer.sub.claim.name = sub
	sasl.oauthbearer.token.endpoint.url = null
	security.protocol = PLAINTEXT
	security.providers = null
	send.buffer.bytes = 131072
	socket.connection.setup.timeout.max.ms = 30000
	socket.connection.setup.timeout.ms = 10000
	ssl.cipher.suites = null
	ssl.enabled.protocols = [TLSv1.2, TLSv1.3]
	ssl.endpoint.identification.algorithm = https
	ssl.engine.factory.class = null
	ssl.key.password = null
	ssl.keymanager.algorithm = SunX509
	ssl.keystore.certificate.chain = null
	ssl.keystore.key = null
	ssl.keystore.location = null
	ssl.keystore.password = null
	ssl.keystore.type = JKS
	ssl.protocol = TLSv1.3
	ssl.provider = null
	ssl.secure.random.implementation = null
	ssl.trustmanager.algorithm = PKIX
	ssl.truststore.certificates = null
	ssl.truststore.location = null
	ssl.truststore.password = null
	ssl.truststore.type = JKS
	transaction.timeout.ms = 60000
	transactional.id = null
	value.serializer = class org.apache.kafka.common.serialization.ByteArraySerializer

2025-01-12T02:53:08.211+01:00  INFO 8664 --- [cashcard-transaction-sink] [           main] o.a.k.c.t.i.KafkaMetricsCollector        : initializing Kafka metrics collector
2025-01-12T02:53:08.215+01:00  INFO 8664 --- [cashcard-transaction-sink] [           main] o.a.kafka.common.utils.AppInfoParser     : Kafka version: 3.8.1
2025-01-12T02:53:08.215+01:00  INFO 8664 --- [cashcard-transaction-sink] [           main] o.a.kafka.common.utils.AppInfoParser     : Kafka commitId: 70d6ff42debf7e17
2025-01-12T02:53:08.215+01:00  INFO 8664 --- [cashcard-transaction-sink] [           main] o.a.kafka.common.utils.AppInfoParser     : Kafka startTimeMs: 1736646788215
2025-01-12T02:53:08.218+01:00  INFO 8664 --- [cashcard-transaction-sink] [ad | producer-6] org.apache.kafka.clients.Metadata        : [Producer clientId=producer-6] Cluster ID: Rkj1C7eTTZiJ5lzx6NMWPA
2025-01-12T02:53:08.219+01:00  INFO 8664 --- [cashcard-transaction-sink] [           main] o.s.c.s.m.DirectWithAttributesChannel    : Channel 'cashcard-transaction-sink.enrichTransaction-out-0' has 1 subscriber(s).
2025-01-12T02:53:08.219+01:00  INFO 8664 --- [cashcard-transaction-sink] [           main] o.s.i.e.SourcePollingChannelAdapter      : started bean 'approvalRequest-out-0_spca'
2025-01-12T02:53:08.225+01:00  INFO 8664 --- [cashcard-transaction-sink] [           main] o.a.k.clients.admin.AdminClientConfig    : AdminClientConfig values: 
	auto.include.jmx.reporter = true
	bootstrap.controllers = []
	bootstrap.servers = [127.0.0.1:59863]
	client.dns.lookup = use_all_dns_ips
	client.id = 
	connections.max.idle.ms = 300000
	default.api.timeout.ms = 60000
	enable.metrics.push = true
	metadata.max.age.ms = 300000
	metadata.recovery.strategy = none
	metric.reporters = []
	metrics.num.samples = 2
	metrics.recording.level = INFO
	metrics.sample.window.ms = 30000
	receive.buffer.bytes = 65536
	reconnect.backoff.max.ms = 1000
	reconnect.backoff.ms = 50
	request.timeout.ms = 30000
	retries = 2147483647
	retry.backoff.max.ms = 1000
	retry.backoff.ms = 100
	sasl.client.callback.handler.class = null
	sasl.jaas.config = null
	sasl.kerberos.kinit.cmd = /usr/bin/kinit
	sasl.kerberos.min.time.before.relogin = 60000
	sasl.kerberos.service.name = null
	sasl.kerberos.ticket.renew.jitter = 0.05
	sasl.kerberos.ticket.renew.window.factor = 0.8
	sasl.login.callback.handler.class = null
	sasl.login.class = null
	sasl.login.connect.timeout.ms = null
	sasl.login.read.timeout.ms = null
	sasl.login.refresh.buffer.seconds = 300
	sasl.login.refresh.min.period.seconds = 60
	sasl.login.refresh.window.factor = 0.8
	sasl.login.refresh.window.jitter = 0.05
	sasl.login.retry.backoff.max.ms = 10000
	sasl.login.retry.backoff.ms = 100
	sasl.mechanism = GSSAPI
	sasl.oauthbearer.clock.skew.seconds = 30
	sasl.oauthbearer.expected.audience = null
	sasl.oauthbearer.expected.issuer = null
	sasl.oauthbearer.jwks.endpoint.refresh.ms = 3600000
	sasl.oauthbearer.jwks.endpoint.retry.backoff.max.ms = 10000
	sasl.oauthbearer.jwks.endpoint.retry.backoff.ms = 100
	sasl.oauthbearer.jwks.endpoint.url = null
	sasl.oauthbearer.scope.claim.name = scope
	sasl.oauthbearer.sub.claim.name = sub
	sasl.oauthbearer.token.endpoint.url = null
	security.protocol = PLAINTEXT
	security.providers = null
	send.buffer.bytes = 131072
	socket.connection.setup.timeout.max.ms = 30000
	socket.connection.setup.timeout.ms = 10000
	ssl.cipher.suites = null
	ssl.enabled.protocols = [TLSv1.2, TLSv1.3]
	ssl.endpoint.identification.algorithm = https
	ssl.engine.factory.class = null
	ssl.key.password = null
	ssl.keymanager.algorithm = SunX509
	ssl.keystore.certificate.chain = null
	ssl.keystore.key = null
	ssl.keystore.location = null
	ssl.keystore.password = null
	ssl.keystore.type = JKS
	ssl.protocol = TLSv1.3
	ssl.provider = null
	ssl.secure.random.implementation = null
	ssl.trustmanager.algorithm = PKIX
	ssl.truststore.certificates = null
	ssl.truststore.location = null
	ssl.truststore.password = null
	ssl.truststore.type = JKS

2025-01-12T02:53:08.227+01:00  INFO 8664 --- [cashcard-transaction-sink] [           main] o.a.kafka.common.utils.AppInfoParser     : Kafka version: 3.8.1
2025-01-12T02:53:08.227+01:00  INFO 8664 --- [cashcard-transaction-sink] [           main] o.a.kafka.common.utils.AppInfoParser     : Kafka commitId: 70d6ff42debf7e17
2025-01-12T02:53:08.227+01:00  INFO 8664 --- [cashcard-transaction-sink] [           main] o.a.kafka.common.utils.AppInfoParser     : Kafka startTimeMs: 1736646788227
2025-01-12T02:53:08.233+01:00  WARN 8664 --- [cashcard-transaction-sink] [ adminclient-13] o.a.k.clients.admin.KafkaAdminClient     : [AdminClient clientId=adminclient-13] The DescribeTopicPartitions API is not supported, using Metadata API to describe topics.
2025-01-12T02:53:08.235+01:00  WARN 8664 --- [cashcard-transaction-sink] [ adminclient-13] o.a.k.clients.admin.KafkaAdminClient     : [AdminClient clientId=adminclient-13] The DescribeTopicPartitions API is not supported, using Metadata API to describe topics.
2025-01-12T02:53:08.236+01:00  INFO 8664 --- [cashcard-transaction-sink] [ adminclient-13] o.a.kafka.common.utils.AppInfoParser     : App info kafka.admin.client for adminclient-13 unregistered
2025-01-12T02:53:08.237+01:00  INFO 8664 --- [cashcard-transaction-sink] [ adminclient-13] o.apache.kafka.common.metrics.Metrics    : Metrics scheduler closed
2025-01-12T02:53:08.237+01:00  INFO 8664 --- [cashcard-transaction-sink] [ adminclient-13] o.apache.kafka.common.metrics.Metrics    : Closing reporter org.apache.kafka.common.metrics.JmxReporter
2025-01-12T02:53:08.237+01:00  INFO 8664 --- [cashcard-transaction-sink] [ adminclient-13] o.apache.kafka.common.metrics.Metrics    : Metrics reporters closed
2025-01-12T02:53:08.237+01:00  INFO 8664 --- [cashcard-transaction-sink] [           main] o.a.k.clients.consumer.ConsumerConfig    : ConsumerConfig values: 
	allow.auto.create.topics = true
	auto.commit.interval.ms = 100
	auto.include.jmx.reporter = true
	auto.offset.reset = latest
	bootstrap.servers = [127.0.0.1:59863]
	check.crcs = true
	client.dns.lookup = use_all_dns_ips
	client.id = consumer-anonymous.f670431d-f475-415f-8a1f-a985a0bcc6d9-9
	client.rack = 
	connections.max.idle.ms = 540000
	default.api.timeout.ms = 60000
	enable.auto.commit = false
	enable.metrics.push = true
	exclude.internal.topics = true
	fetch.max.bytes = 52428800
	fetch.max.wait.ms = 500
	fetch.min.bytes = 1
	group.id = anonymous.f670431d-f475-415f-8a1f-a985a0bcc6d9
	group.instance.id = null
	group.protocol = classic
	group.remote.assignor = null
	heartbeat.interval.ms = 3000
	interceptor.classes = []
	internal.leave.group.on.close = true
	internal.throw.on.fetch.stable.offset.unsupported = false
	isolation.level = read_uncommitted
	key.deserializer = class org.apache.kafka.common.serialization.ByteArrayDeserializer
	max.partition.fetch.bytes = 1048576
	max.poll.interval.ms = 300000
	max.poll.records = 500
	metadata.max.age.ms = 300000
	metadata.recovery.strategy = none
	metric.reporters = []
	metrics.num.samples = 2
	metrics.recording.level = INFO
	metrics.sample.window.ms = 30000
	partition.assignment.strategy = [class org.apache.kafka.clients.consumer.RangeAssignor, class org.apache.kafka.clients.consumer.CooperativeStickyAssignor]
	receive.buffer.bytes = 65536
	reconnect.backoff.max.ms = 1000
	reconnect.backoff.ms = 50
	request.timeout.ms = 30000
	retry.backoff.max.ms = 1000
	retry.backoff.ms = 100
	sasl.client.callback.handler.class = null
	sasl.jaas.config = null
	sasl.kerberos.kinit.cmd = /usr/bin/kinit
	sasl.kerberos.min.time.before.relogin = 60000
	sasl.kerberos.service.name = null
	sasl.kerberos.ticket.renew.jitter = 0.05
	sasl.kerberos.ticket.renew.window.factor = 0.8
	sasl.login.callback.handler.class = null
	sasl.login.class = null
	sasl.login.connect.timeout.ms = null
	sasl.login.read.timeout.ms = null
	sasl.login.refresh.buffer.seconds = 300
	sasl.login.refresh.min.period.seconds = 60
	sasl.login.refresh.window.factor = 0.8
	sasl.login.refresh.window.jitter = 0.05
	sasl.login.retry.backoff.max.ms = 10000
	sasl.login.retry.backoff.ms = 100
	sasl.mechanism = GSSAPI
	sasl.oauthbearer.clock.skew.seconds = 30
	sasl.oauthbearer.expected.audience = null
	sasl.oauthbearer.expected.issuer = null
	sasl.oauthbearer.jwks.endpoint.refresh.ms = 3600000
	sasl.oauthbearer.jwks.endpoint.retry.backoff.max.ms = 10000
	sasl.oauthbearer.jwks.endpoint.retry.backoff.ms = 100
	sasl.oauthbearer.jwks.endpoint.url = null
	sasl.oauthbearer.scope.claim.name = scope
	sasl.oauthbearer.sub.claim.name = sub
	sasl.oauthbearer.token.endpoint.url = null
	security.protocol = PLAINTEXT
	security.providers = null
	send.buffer.bytes = 131072
	session.timeout.ms = 45000
	socket.connection.setup.timeout.max.ms = 30000
	socket.connection.setup.timeout.ms = 10000
	ssl.cipher.suites = null
	ssl.enabled.protocols = [TLSv1.2, TLSv1.3]
	ssl.endpoint.identification.algorithm = https
	ssl.engine.factory.class = null
	ssl.key.password = null
	ssl.keymanager.algorithm = SunX509
	ssl.keystore.certificate.chain = null
	ssl.keystore.key = null
	ssl.keystore.location = null
	ssl.keystore.password = null
	ssl.keystore.type = JKS
	ssl.protocol = TLSv1.3
	ssl.provider = null
	ssl.secure.random.implementation = null
	ssl.trustmanager.algorithm = PKIX
	ssl.truststore.certificates = null
	ssl.truststore.location = null
	ssl.truststore.password = null
	ssl.truststore.type = JKS
	value.deserializer = class org.apache.kafka.common.serialization.ByteArrayDeserializer

2025-01-12T02:53:08.237+01:00  INFO 8664 --- [cashcard-transaction-sink] [           main] o.a.k.c.t.i.KafkaMetricsCollector        : initializing Kafka metrics collector
2025-01-12T02:53:08.240+01:00  INFO 8664 --- [cashcard-transaction-sink] [           main] o.a.kafka.common.utils.AppInfoParser     : Kafka version: 3.8.1
2025-01-12T02:53:08.240+01:00  INFO 8664 --- [cashcard-transaction-sink] [           main] o.a.kafka.common.utils.AppInfoParser     : Kafka commitId: 70d6ff42debf7e17
2025-01-12T02:53:08.240+01:00  INFO 8664 --- [cashcard-transaction-sink] [           main] o.a.kafka.common.utils.AppInfoParser     : Kafka startTimeMs: 1736646788240
2025-01-12T02:53:08.243+01:00  INFO 8664 --- [cashcard-transaction-sink] [           main] org.apache.kafka.clients.Metadata        : [Consumer clientId=consumer-anonymous.f670431d-f475-415f-8a1f-a985a0bcc6d9-9, groupId=anonymous.f670431d-f475-415f-8a1f-a985a0bcc6d9] Cluster ID: Rkj1C7eTTZiJ5lzx6NMWPA
2025-01-12T02:53:08.244+01:00  INFO 8664 --- [cashcard-transaction-sink] [           main] o.a.k.c.c.internals.ConsumerCoordinator  : [Consumer clientId=consumer-anonymous.f670431d-f475-415f-8a1f-a985a0bcc6d9-9, groupId=anonymous.f670431d-f475-415f-8a1f-a985a0bcc6d9] Resetting generation and member id due to: consumer pro-actively leaving the group
2025-01-12T02:53:08.244+01:00  INFO 8664 --- [cashcard-transaction-sink] [           main] o.a.k.c.c.internals.ConsumerCoordinator  : [Consumer clientId=consumer-anonymous.f670431d-f475-415f-8a1f-a985a0bcc6d9-9, groupId=anonymous.f670431d-f475-415f-8a1f-a985a0bcc6d9] Request joining group due to: consumer pro-actively leaving the group
2025-01-12T02:53:08.244+01:00  INFO 8664 --- [cashcard-transaction-sink] [           main] o.apache.kafka.common.metrics.Metrics    : Metrics scheduler closed
2025-01-12T02:53:08.244+01:00  INFO 8664 --- [cashcard-transaction-sink] [           main] o.apache.kafka.common.metrics.Metrics    : Closing reporter org.apache.kafka.common.metrics.JmxReporter
2025-01-12T02:53:08.244+01:00  INFO 8664 --- [cashcard-transaction-sink] [           main] o.apache.kafka.common.metrics.Metrics    : Closing reporter org.apache.kafka.common.telemetry.internals.ClientTelemetryReporter
2025-01-12T02:53:08.244+01:00  INFO 8664 --- [cashcard-transaction-sink] [           main] o.apache.kafka.common.metrics.Metrics    : Metrics reporters closed
2025-01-12T02:53:08.246+01:00  INFO 8664 --- [cashcard-transaction-sink] [           main] o.a.kafka.common.utils.AppInfoParser     : App info kafka.consumer for consumer-anonymous.f670431d-f475-415f-8a1f-a985a0bcc6d9-9 unregistered
2025-01-12T02:53:08.248+01:00  INFO 8664 --- [cashcard-transaction-sink] [           main] o.s.c.stream.binder.BinderErrorChannel   : Channel 'kafka-1272713136.enrichTransaction-in-0.errors' has 1 subscriber(s).
2025-01-12T02:53:08.248+01:00  INFO 8664 --- [cashcard-transaction-sink] [           main] o.s.c.stream.binder.BinderErrorChannel   : Channel 'kafka-1272713136.enrichTransaction-in-0.errors' has 0 subscriber(s).
2025-01-12T02:53:08.248+01:00  INFO 8664 --- [cashcard-transaction-sink] [           main] o.s.c.stream.binder.BinderErrorChannel   : Channel 'kafka-1272713136.enrichTransaction-in-0.errors' has 1 subscriber(s).
2025-01-12T02:53:08.248+01:00  INFO 8664 --- [cashcard-transaction-sink] [           main] o.s.c.stream.binder.BinderErrorChannel   : Channel 'kafka-1272713136.enrichTransaction-in-0.errors' has 2 subscriber(s).
2025-01-12T02:53:08.250+01:00  INFO 8664 --- [cashcard-transaction-sink] [           main] o.a.k.clients.consumer.ConsumerConfig    : ConsumerConfig values: 
	allow.auto.create.topics = true
	auto.commit.interval.ms = 100
	auto.include.jmx.reporter = true
	auto.offset.reset = latest
	bootstrap.servers = [127.0.0.1:59863]
	check.crcs = true
	client.dns.lookup = use_all_dns_ips
	client.id = consumer-anonymous.f670431d-f475-415f-8a1f-a985a0bcc6d9-10
	client.rack = 
	connections.max.idle.ms = 540000
	default.api.timeout.ms = 60000
	enable.auto.commit = false
	enable.metrics.push = true
	exclude.internal.topics = true
	fetch.max.bytes = 52428800
	fetch.max.wait.ms = 500
	fetch.min.bytes = 1
	group.id = anonymous.f670431d-f475-415f-8a1f-a985a0bcc6d9
	group.instance.id = null
	group.protocol = classic
	group.remote.assignor = null
	heartbeat.interval.ms = 3000
	interceptor.classes = []
	internal.leave.group.on.close = true
	internal.throw.on.fetch.stable.offset.unsupported = false
	isolation.level = read_uncommitted
	key.deserializer = class org.apache.kafka.common.serialization.ByteArrayDeserializer
	max.partition.fetch.bytes = 1048576
	max.poll.interval.ms = 300000
	max.poll.records = 500
	metadata.max.age.ms = 300000
	metadata.recovery.strategy = none
	metric.reporters = []
	metrics.num.samples = 2
	metrics.recording.level = INFO
	metrics.sample.window.ms = 30000
	partition.assignment.strategy = [class org.apache.kafka.clients.consumer.RangeAssignor, class org.apache.kafka.clients.consumer.CooperativeStickyAssignor]
	receive.buffer.bytes = 65536
	reconnect.backoff.max.ms = 1000
	reconnect.backoff.ms = 50
	request.timeout.ms = 30000
	retry.backoff.max.ms = 1000
	retry.backoff.ms = 100
	sasl.client.callback.handler.class = null
	sasl.jaas.config = null
	sasl.kerberos.kinit.cmd = /usr/bin/kinit
	sasl.kerberos.min.time.before.relogin = 60000
	sasl.kerberos.service.name = null
	sasl.kerberos.ticket.renew.jitter = 0.05
	sasl.kerberos.ticket.renew.window.factor = 0.8
	sasl.login.callback.handler.class = null
	sasl.login.class = null
	sasl.login.connect.timeout.ms = null
	sasl.login.read.timeout.ms = null
	sasl.login.refresh.buffer.seconds = 300
	sasl.login.refresh.min.period.seconds = 60
	sasl.login.refresh.window.factor = 0.8
	sasl.login.refresh.window.jitter = 0.05
	sasl.login.retry.backoff.max.ms = 10000
	sasl.login.retry.backoff.ms = 100
	sasl.mechanism = GSSAPI
	sasl.oauthbearer.clock.skew.seconds = 30
	sasl.oauthbearer.expected.audience = null
	sasl.oauthbearer.expected.issuer = null
	sasl.oauthbearer.jwks.endpoint.refresh.ms = 3600000
	sasl.oauthbearer.jwks.endpoint.retry.backoff.max.ms = 10000
	sasl.oauthbearer.jwks.endpoint.retry.backoff.ms = 100
	sasl.oauthbearer.jwks.endpoint.url = null
	sasl.oauthbearer.scope.claim.name = scope
	sasl.oauthbearer.sub.claim.name = sub
	sasl.oauthbearer.token.endpoint.url = null
	security.protocol = PLAINTEXT
	security.providers = null
	send.buffer.bytes = 131072
	session.timeout.ms = 45000
	socket.connection.setup.timeout.max.ms = 30000
	socket.connection.setup.timeout.ms = 10000
	ssl.cipher.suites = null
	ssl.enabled.protocols = [TLSv1.2, TLSv1.3]
	ssl.endpoint.identification.algorithm = https
	ssl.engine.factory.class = null
	ssl.key.password = null
	ssl.keymanager.algorithm = SunX509
	ssl.keystore.certificate.chain = null
	ssl.keystore.key = null
	ssl.keystore.location = null
	ssl.keystore.password = null
	ssl.keystore.type = JKS
	ssl.protocol = TLSv1.3
	ssl.provider = null
	ssl.secure.random.implementation = null
	ssl.trustmanager.algorithm = PKIX
	ssl.truststore.certificates = null
	ssl.truststore.location = null
	ssl.truststore.password = null
	ssl.truststore.type = JKS
	value.deserializer = class org.apache.kafka.common.serialization.ByteArrayDeserializer

2025-01-12T02:53:08.250+01:00  INFO 8664 --- [cashcard-transaction-sink] [           main] o.a.k.c.t.i.KafkaMetricsCollector        : initializing Kafka metrics collector
2025-01-12T02:53:08.254+01:00  INFO 8664 --- [cashcard-transaction-sink] [           main] o.a.kafka.common.utils.AppInfoParser     : Kafka version: 3.8.1
2025-01-12T02:53:08.255+01:00  INFO 8664 --- [cashcard-transaction-sink] [           main] o.a.kafka.common.utils.AppInfoParser     : Kafka commitId: 70d6ff42debf7e17
2025-01-12T02:53:08.255+01:00  INFO 8664 --- [cashcard-transaction-sink] [           main] o.a.kafka.common.utils.AppInfoParser     : Kafka startTimeMs: 1736646788254
2025-01-12T02:53:08.255+01:00  INFO 8664 --- [cashcard-transaction-sink] [           main] o.a.k.c.c.internals.LegacyKafkaConsumer  : [Consumer clientId=consumer-anonymous.f670431d-f475-415f-8a1f-a985a0bcc6d9-10, groupId=anonymous.f670431d-f475-415f-8a1f-a985a0bcc6d9] Subscribed to topic(s): approval-requests
2025-01-12T02:53:08.256+01:00  INFO 8664 --- [cashcard-transaction-sink] [           main] s.i.k.i.KafkaMessageDrivenChannelAdapter : started org.springframework.integration.kafka.inbound.KafkaMessageDrivenChannelAdapter@32daccab
2025-01-12T02:53:08.260+01:00  INFO 8664 --- [cashcard-transaction-sink] [container-0-C-1] org.apache.kafka.clients.Metadata        : [Consumer clientId=consumer-anonymous.f670431d-f475-415f-8a1f-a985a0bcc6d9-10, groupId=anonymous.f670431d-f475-415f-8a1f-a985a0bcc6d9] Cluster ID: Rkj1C7eTTZiJ5lzx6NMWPA
2025-01-12T02:53:08.263+01:00  INFO 8664 --- [cashcard-transaction-sink] [           main] o.a.k.clients.admin.AdminClientConfig    : AdminClientConfig values: 
	auto.include.jmx.reporter = true
	bootstrap.controllers = []
	bootstrap.servers = [127.0.0.1:59863]
	client.dns.lookup = use_all_dns_ips
	client.id = 
	connections.max.idle.ms = 300000
	default.api.timeout.ms = 60000
	enable.metrics.push = true
	metadata.max.age.ms = 300000
	metadata.recovery.strategy = none
	metric.reporters = []
	metrics.num.samples = 2
	metrics.recording.level = INFO
	metrics.sample.window.ms = 30000
	receive.buffer.bytes = 65536
	reconnect.backoff.max.ms = 1000
	reconnect.backoff.ms = 50
	request.timeout.ms = 30000
	retries = 2147483647
	retry.backoff.max.ms = 1000
	retry.backoff.ms = 100
	sasl.client.callback.handler.class = null
	sasl.jaas.config = null
	sasl.kerberos.kinit.cmd = /usr/bin/kinit
	sasl.kerberos.min.time.before.relogin = 60000
	sasl.kerberos.service.name = null
	sasl.kerberos.ticket.renew.jitter = 0.05
	sasl.kerberos.ticket.renew.window.factor = 0.8
	sasl.login.callback.handler.class = null
	sasl.login.class = null
	sasl.login.connect.timeout.ms = null
	sasl.login.read.timeout.ms = null
	sasl.login.refresh.buffer.seconds = 300
	sasl.login.refresh.min.period.seconds = 60
	sasl.login.refresh.window.factor = 0.8
	sasl.login.refresh.window.jitter = 0.05
	sasl.login.retry.backoff.max.ms = 10000
	sasl.login.retry.backoff.ms = 100
	sasl.mechanism = GSSAPI
	sasl.oauthbearer.clock.skew.seconds = 30
	sasl.oauthbearer.expected.audience = null
	sasl.oauthbearer.expected.issuer = null
	sasl.oauthbearer.jwks.endpoint.refresh.ms = 3600000
	sasl.oauthbearer.jwks.endpoint.retry.backoff.max.ms = 10000
	sasl.oauthbearer.jwks.endpoint.retry.backoff.ms = 100
	sasl.oauthbearer.jwks.endpoint.url = null
	sasl.oauthbearer.scope.claim.name = scope
	sasl.oauthbearer.sub.claim.name = sub
	sasl.oauthbearer.token.endpoint.url = null
	security.protocol = PLAINTEXT
	security.providers = null
	send.buffer.bytes = 131072
	socket.connection.setup.timeout.max.ms = 30000
	socket.connection.setup.timeout.ms = 10000
	ssl.cipher.suites = null
	ssl.enabled.protocols = [TLSv1.2, TLSv1.3]
	ssl.endpoint.identification.algorithm = https
	ssl.engine.factory.class = null
	ssl.key.password = null
	ssl.keymanager.algorithm = SunX509
	ssl.keystore.certificate.chain = null
	ssl.keystore.key = null
	ssl.keystore.location = null
	ssl.keystore.password = null
	ssl.keystore.type = JKS
	ssl.protocol = TLSv1.3
	ssl.provider = null
	ssl.secure.random.implementation = null
	ssl.trustmanager.algorithm = PKIX
	ssl.truststore.certificates = null
	ssl.truststore.location = null
	ssl.truststore.password = null
	ssl.truststore.type = JKS

2025-01-12T02:53:08.263+01:00  INFO 8664 --- [cashcard-transaction-sink] [quest-handler-1] kafka.zk.AdminZkClient                   : Creating topic __consumer_offsets with configuration {compression.type=producer, cleanup.policy=compact, segment.bytes=104857600} and initial partition assignment HashMap(0 -> ArrayBuffer(0), 1 -> ArrayBuffer(0), 2 -> ArrayBuffer(0), 3 -> ArrayBuffer(0), 4 -> ArrayBuffer(0))
2025-01-12T02:53:08.265+01:00  INFO 8664 --- [cashcard-transaction-sink] [           main] o.a.kafka.common.utils.AppInfoParser     : Kafka version: 3.8.1
2025-01-12T02:53:08.265+01:00  INFO 8664 --- [cashcard-transaction-sink] [           main] o.a.kafka.common.utils.AppInfoParser     : Kafka commitId: 70d6ff42debf7e17
2025-01-12T02:53:08.265+01:00  INFO 8664 --- [cashcard-transaction-sink] [           main] o.a.kafka.common.utils.AppInfoParser     : Kafka startTimeMs: 1736646788265
2025-01-12T02:53:08.271+01:00  INFO 8664 --- [cashcard-transaction-sink] [er-event-thread] kafka.controller.KafkaController         : [Controller id=0] New topics: [Set(__consumer_offsets)], deleted topics: [HashSet()], new partition replica assignment [Set(TopicIdReplicaAssignment(__consumer_offsets,Some(YD0KAw2iQSGLl9decb7cKA),HashMap(__consumer_offsets-4 -> ReplicaAssignment(replicas=0, addingReplicas=, removingReplicas=), __consumer_offsets-3 -> ReplicaAssignment(replicas=0, addingReplicas=, removingReplicas=), __consumer_offsets-2 -> ReplicaAssignment(replicas=0, addingReplicas=, removingReplicas=), __consumer_offsets-0 -> ReplicaAssignment(replicas=0, addingReplicas=, removingReplicas=), __consumer_offsets-1 -> ReplicaAssignment(replicas=0, addingReplicas=, removingReplicas=))))]
2025-01-12T02:53:08.271+01:00  INFO 8664 --- [cashcard-transaction-sink] [er-event-thread] kafka.controller.KafkaController         : [Controller id=0] New partition creation callback for __consumer_offsets-4,__consumer_offsets-3,__consumer_offsets-2,__consumer_offsets-0,__consumer_offsets-1
2025-01-12T02:53:08.271+01:00  INFO 8664 --- [cashcard-transaction-sink] [er-event-thread] state.change.logger                      : [Controller id=0 epoch=1] Changed partition __consumer_offsets-4 state from NonExistentPartition to NewPartition with assigned replicas 0
2025-01-12T02:53:08.271+01:00  INFO 8664 --- [cashcard-transaction-sink] [er-event-thread] state.change.logger                      : [Controller id=0 epoch=1] Changed partition __consumer_offsets-3 state from NonExistentPartition to NewPartition with assigned replicas 0
2025-01-12T02:53:08.271+01:00  INFO 8664 --- [cashcard-transaction-sink] [er-event-thread] state.change.logger                      : [Controller id=0 epoch=1] Changed partition __consumer_offsets-2 state from NonExistentPartition to NewPartition with assigned replicas 0
2025-01-12T02:53:08.271+01:00  INFO 8664 --- [cashcard-transaction-sink] [er-event-thread] state.change.logger                      : [Controller id=0 epoch=1] Changed partition __consumer_offsets-0 state from NonExistentPartition to NewPartition with assigned replicas 0
2025-01-12T02:53:08.271+01:00  INFO 8664 --- [cashcard-transaction-sink] [er-event-thread] state.change.logger                      : [Controller id=0 epoch=1] Changed partition __consumer_offsets-1 state from NonExistentPartition to NewPartition with assigned replicas 0
2025-01-12T02:53:08.271+01:00  INFO 8664 --- [cashcard-transaction-sink] [er-event-thread] state.change.logger                      : [Controller id=0 epoch=1] Sending UpdateMetadata request to brokers HashSet() for 0 partitions
2025-01-12T02:53:08.272+01:00  INFO 8664 --- [cashcard-transaction-sink] [er-event-thread] state.change.logger                      : [Controller id=0 epoch=1] Sending UpdateMetadata request to brokers HashSet() for 0 partitions
2025-01-12T02:53:08.273+01:00  WARN 8664 --- [cashcard-transaction-sink] [ adminclient-14] o.a.k.clients.admin.KafkaAdminClient     : [AdminClient clientId=adminclient-14] The DescribeTopicPartitions API is not supported, using Metadata API to describe topics.
2025-01-12T02:53:08.275+01:00  WARN 8664 --- [cashcard-transaction-sink] [ adminclient-14] o.a.k.clients.admin.KafkaAdminClient     : [AdminClient clientId=adminclient-14] The DescribeTopicPartitions API is not supported, using Metadata API to describe topics.
2025-01-12T02:53:08.276+01:00  INFO 8664 --- [cashcard-transaction-sink] [ adminclient-14] o.a.kafka.common.utils.AppInfoParser     : App info kafka.admin.client for adminclient-14 unregistered
2025-01-12T02:53:08.278+01:00  INFO 8664 --- [cashcard-transaction-sink] [ adminclient-14] o.apache.kafka.common.metrics.Metrics    : Metrics scheduler closed
2025-01-12T02:53:08.278+01:00  INFO 8664 --- [cashcard-transaction-sink] [ adminclient-14] o.apache.kafka.common.metrics.Metrics    : Closing reporter org.apache.kafka.common.metrics.JmxReporter
2025-01-12T02:53:08.278+01:00  INFO 8664 --- [cashcard-transaction-sink] [ adminclient-14] o.apache.kafka.common.metrics.Metrics    : Metrics reporters closed
2025-01-12T02:53:08.279+01:00  INFO 8664 --- [cashcard-transaction-sink] [           main] o.a.k.clients.consumer.ConsumerConfig    : ConsumerConfig values: 
	allow.auto.create.topics = true
	auto.commit.interval.ms = 100
	auto.include.jmx.reporter = true
	auto.offset.reset = latest
	bootstrap.servers = [127.0.0.1:59863]
	check.crcs = true
	client.dns.lookup = use_all_dns_ips
	client.id = consumer-anonymous.897df9f1-93ec-4ec7-a022-d615960c9d79-11
	client.rack = 
	connections.max.idle.ms = 540000
	default.api.timeout.ms = 60000
	enable.auto.commit = false
	enable.metrics.push = true
	exclude.internal.topics = true
	fetch.max.bytes = 52428800
	fetch.max.wait.ms = 500
	fetch.min.bytes = 1
	group.id = anonymous.897df9f1-93ec-4ec7-a022-d615960c9d79
	group.instance.id = null
	group.protocol = classic
	group.remote.assignor = null
	heartbeat.interval.ms = 3000
	interceptor.classes = []
	internal.leave.group.on.close = true
	internal.throw.on.fetch.stable.offset.unsupported = false
	isolation.level = read_uncommitted
	key.deserializer = class org.apache.kafka.common.serialization.ByteArrayDeserializer
	max.partition.fetch.bytes = 1048576
	max.poll.interval.ms = 300000
	max.poll.records = 500
	metadata.max.age.ms = 300000
	metadata.recovery.strategy = none
	metric.reporters = []
	metrics.num.samples = 2
	metrics.recording.level = INFO
	metrics.sample.window.ms = 30000
	partition.assignment.strategy = [class org.apache.kafka.clients.consumer.RangeAssignor, class org.apache.kafka.clients.consumer.CooperativeStickyAssignor]
	receive.buffer.bytes = 65536
	reconnect.backoff.max.ms = 1000
	reconnect.backoff.ms = 50
	request.timeout.ms = 30000
	retry.backoff.max.ms = 1000
	retry.backoff.ms = 100
	sasl.client.callback.handler.class = null
	sasl.jaas.config = null
	sasl.kerberos.kinit.cmd = /usr/bin/kinit
	sasl.kerberos.min.time.before.relogin = 60000
	sasl.kerberos.service.name = null
	sasl.kerberos.ticket.renew.jitter = 0.05
	sasl.kerberos.ticket.renew.window.factor = 0.8
	sasl.login.callback.handler.class = null
	sasl.login.class = null
	sasl.login.connect.timeout.ms = null
	sasl.login.read.timeout.ms = null
	sasl.login.refresh.buffer.seconds = 300
	sasl.login.refresh.min.period.seconds = 60
	sasl.login.refresh.window.factor = 0.8
	sasl.login.refresh.window.jitter = 0.05
	sasl.login.retry.backoff.max.ms = 10000
	sasl.login.retry.backoff.ms = 100
	sasl.mechanism = GSSAPI
	sasl.oauthbearer.clock.skew.seconds = 30
	sasl.oauthbearer.expected.audience = null
	sasl.oauthbearer.expected.issuer = null
	sasl.oauthbearer.jwks.endpoint.refresh.ms = 3600000
	sasl.oauthbearer.jwks.endpoint.retry.backoff.max.ms = 10000
	sasl.oauthbearer.jwks.endpoint.retry.backoff.ms = 100
	sasl.oauthbearer.jwks.endpoint.url = null
	sasl.oauthbearer.scope.claim.name = scope
	sasl.oauthbearer.sub.claim.name = sub
	sasl.oauthbearer.token.endpoint.url = null
	security.protocol = PLAINTEXT
	security.providers = null
	send.buffer.bytes = 131072
	session.timeout.ms = 45000
	socket.connection.setup.timeout.max.ms = 30000
	socket.connection.setup.timeout.ms = 10000
	ssl.cipher.suites = null
	ssl.enabled.protocols = [TLSv1.2, TLSv1.3]
	ssl.endpoint.identification.algorithm = https
	ssl.engine.factory.class = null
	ssl.key.password = null
	ssl.keymanager.algorithm = SunX509
	ssl.keystore.certificate.chain = null
	ssl.keystore.key = null
	ssl.keystore.location = null
	ssl.keystore.password = null
	ssl.keystore.type = JKS
	ssl.protocol = TLSv1.3
	ssl.provider = null
	ssl.secure.random.implementation = null
	ssl.trustmanager.algorithm = PKIX
	ssl.truststore.certificates = null
	ssl.truststore.location = null
	ssl.truststore.password = null
	ssl.truststore.type = JKS
	value.deserializer = class org.apache.kafka.common.serialization.ByteArrayDeserializer

2025-01-12T02:53:08.279+01:00  INFO 8664 --- [cashcard-transaction-sink] [           main] o.a.k.c.t.i.KafkaMetricsCollector        : initializing Kafka metrics collector
2025-01-12T02:53:08.280+01:00  INFO 8664 --- [cashcard-transaction-sink] [er-event-thread] state.change.logger                      : [Controller id=0 epoch=1] Changed partition __consumer_offsets-4 from NewPartition to OnlinePartition with state LeaderAndIsr(leader=0, leaderEpoch=0, isrWithBrokerEpoch=List(BrokerState(brokerId=0, brokerEpoch=-1)), leaderRecoveryState=RECOVERED, partitionEpoch=0)
2025-01-12T02:53:08.281+01:00  INFO 8664 --- [cashcard-transaction-sink] [er-event-thread] state.change.logger                      : [Controller id=0 epoch=1] Changed partition __consumer_offsets-3 from NewPartition to OnlinePartition with state LeaderAndIsr(leader=0, leaderEpoch=0, isrWithBrokerEpoch=List(BrokerState(brokerId=0, brokerEpoch=-1)), leaderRecoveryState=RECOVERED, partitionEpoch=0)
2025-01-12T02:53:08.281+01:00  INFO 8664 --- [cashcard-transaction-sink] [er-event-thread] state.change.logger                      : [Controller id=0 epoch=1] Changed partition __consumer_offsets-2 from NewPartition to OnlinePartition with state LeaderAndIsr(leader=0, leaderEpoch=0, isrWithBrokerEpoch=List(BrokerState(brokerId=0, brokerEpoch=-1)), leaderRecoveryState=RECOVERED, partitionEpoch=0)
2025-01-12T02:53:08.281+01:00  INFO 8664 --- [cashcard-transaction-sink] [er-event-thread] state.change.logger                      : [Controller id=0 epoch=1] Changed partition __consumer_offsets-0 from NewPartition to OnlinePartition with state LeaderAndIsr(leader=0, leaderEpoch=0, isrWithBrokerEpoch=List(BrokerState(brokerId=0, brokerEpoch=-1)), leaderRecoveryState=RECOVERED, partitionEpoch=0)
2025-01-12T02:53:08.281+01:00  INFO 8664 --- [cashcard-transaction-sink] [er-event-thread] state.change.logger                      : [Controller id=0 epoch=1] Changed partition __consumer_offsets-1 from NewPartition to OnlinePartition with state LeaderAndIsr(leader=0, leaderEpoch=0, isrWithBrokerEpoch=List(BrokerState(brokerId=0, brokerEpoch=-1)), leaderRecoveryState=RECOVERED, partitionEpoch=0)
2025-01-12T02:53:08.281+01:00  INFO 8664 --- [cashcard-transaction-sink] [er-event-thread] state.change.logger                      : [Controller id=0 epoch=1] Sending LeaderAndIsr request to broker 0 with 5 become-leader and 0 become-follower partitions
2025-01-12T02:53:08.281+01:00  INFO 8664 --- [cashcard-transaction-sink] [er-event-thread] state.change.logger                      : [Controller id=0 epoch=1] Sending UpdateMetadata request to brokers HashSet(0) for 5 partitions
2025-01-12T02:53:08.281+01:00  INFO 8664 --- [cashcard-transaction-sink] [er-event-thread] state.change.logger                      : [Controller id=0 epoch=1] Sending UpdateMetadata request to brokers HashSet() for 0 partitions
2025-01-12T02:53:08.281+01:00  INFO 8664 --- [cashcard-transaction-sink] [quest-handler-0] state.change.logger                      : [Broker id=0] Handling LeaderAndIsr request correlationId 5 from controller 0 for 5 partitions
2025-01-12T02:53:08.282+01:00  INFO 8664 --- [cashcard-transaction-sink] [quest-handler-0] kafka.server.ReplicaFetcherManager       : [ReplicaFetcherManager on broker 0] Removed fetcher for partitions HashSet(__consumer_offsets-4, __consumer_offsets-3, __consumer_offsets-2, __consumer_offsets-0, __consumer_offsets-1)
2025-01-12T02:53:08.283+01:00  INFO 8664 --- [cashcard-transaction-sink] [quest-handler-0] state.change.logger                      : [Broker id=0] Stopped fetchers as part of LeaderAndIsr request correlationId 5 from controller 0 epoch 1 as part of the become-leader transition for 5 partitions
2025-01-12T02:53:08.284+01:00  INFO 8664 --- [cashcard-transaction-sink] [           main] o.a.kafka.common.utils.AppInfoParser     : Kafka version: 3.8.1
2025-01-12T02:53:08.284+01:00  INFO 8664 --- [cashcard-transaction-sink] [           main] o.a.kafka.common.utils.AppInfoParser     : Kafka commitId: 70d6ff42debf7e17
2025-01-12T02:53:08.284+01:00  INFO 8664 --- [cashcard-transaction-sink] [           main] o.a.kafka.common.utils.AppInfoParser     : Kafka startTimeMs: 1736646788284
2025-01-12T02:53:08.288+01:00  INFO 8664 --- [cashcard-transaction-sink] [           main] org.apache.kafka.clients.Metadata        : [Consumer clientId=consumer-anonymous.897df9f1-93ec-4ec7-a022-d615960c9d79-11, groupId=anonymous.897df9f1-93ec-4ec7-a022-d615960c9d79] Cluster ID: Rkj1C7eTTZiJ5lzx6NMWPA
2025-01-12T02:53:08.289+01:00  INFO 8664 --- [cashcard-transaction-sink] [           main] o.a.k.c.c.internals.ConsumerCoordinator  : [Consumer clientId=consumer-anonymous.897df9f1-93ec-4ec7-a022-d615960c9d79-11, groupId=anonymous.897df9f1-93ec-4ec7-a022-d615960c9d79] Resetting generation and member id due to: consumer pro-actively leaving the group
2025-01-12T02:53:08.289+01:00  INFO 8664 --- [cashcard-transaction-sink] [           main] o.a.k.c.c.internals.ConsumerCoordinator  : [Consumer clientId=consumer-anonymous.897df9f1-93ec-4ec7-a022-d615960c9d79-11, groupId=anonymous.897df9f1-93ec-4ec7-a022-d615960c9d79] Request joining group due to: consumer pro-actively leaving the group
2025-01-12T02:53:08.289+01:00  INFO 8664 --- [cashcard-transaction-sink] [           main] o.apache.kafka.common.metrics.Metrics    : Metrics scheduler closed
2025-01-12T02:53:08.289+01:00  INFO 8664 --- [cashcard-transaction-sink] [           main] o.apache.kafka.common.metrics.Metrics    : Closing reporter org.apache.kafka.common.metrics.JmxReporter
2025-01-12T02:53:08.289+01:00  INFO 8664 --- [cashcard-transaction-sink] [           main] o.apache.kafka.common.metrics.Metrics    : Closing reporter org.apache.kafka.common.telemetry.internals.ClientTelemetryReporter
2025-01-12T02:53:08.289+01:00  INFO 8664 --- [cashcard-transaction-sink] [           main] o.apache.kafka.common.metrics.Metrics    : Metrics reporters closed
2025-01-12T02:53:08.289+01:00  INFO 8664 --- [cashcard-transaction-sink] [quest-handler-0] kafka.log.UnifiedLog$                    : [LogLoader partition=__consumer_offsets-3, dir=C:\Users\HP\AppData\Local\Temp\spring.kafka.59fe7301-c536-4a35-953f-fc31afa5423616748842595902603263] Loading producer state till offset 0 with message format version 2
2025-01-12T02:53:08.291+01:00  INFO 8664 --- [cashcard-transaction-sink] [quest-handler-0] kafka.log.LogManager                     : Created log for partition __consumer_offsets-3 in C:\Users\HP\AppData\Local\Temp\spring.kafka.59fe7301-c536-4a35-953f-fc31afa5423616748842595902603263\__consumer_offsets-3 with properties {cleanup.policy=compact, compression.type="producer", segment.bytes=104857600}
2025-01-12T02:53:08.292+01:00  INFO 8664 --- [cashcard-transaction-sink] [           main] o.a.kafka.common.utils.AppInfoParser     : App info kafka.consumer for consumer-anonymous.897df9f1-93ec-4ec7-a022-d615960c9d79-11 unregistered
2025-01-12T02:53:08.292+01:00  INFO 8664 --- [cashcard-transaction-sink] [quest-handler-0] kafka.cluster.Partition                  : [Partition __consumer_offsets-3 broker=0] No checkpointed highwatermark is found for partition __consumer_offsets-3
2025-01-12T02:53:08.292+01:00  INFO 8664 --- [cashcard-transaction-sink] [quest-handler-0] kafka.cluster.Partition                  : [Partition __consumer_offsets-3 broker=0] Log loaded for partition __consumer_offsets-3 with initial high watermark 0
2025-01-12T02:53:08.292+01:00  INFO 8664 --- [cashcard-transaction-sink] [quest-handler-0] state.change.logger                      : [Broker id=0] Leader __consumer_offsets-3 with topic id Some(YD0KAw2iQSGLl9decb7cKA) starts at leader epoch 0 from offset 0 with partition epoch 0, high watermark 0, ISR [0], adding replicas [] and removing replicas [] . Previous leader None and previous leader epoch was -1.
2025-01-12T02:53:08.295+01:00  INFO 8664 --- [cashcard-transaction-sink] [           main] o.s.c.stream.binder.BinderErrorChannel   : Channel 'kafka-1272713136.cashCardTransactionFileSink-in-0.errors' has 1 subscriber(s).
2025-01-12T02:53:08.295+01:00  INFO 8664 --- [cashcard-transaction-sink] [           main] o.s.c.stream.binder.BinderErrorChannel   : Channel 'kafka-1272713136.cashCardTransactionFileSink-in-0.errors' has 0 subscriber(s).
2025-01-12T02:53:08.295+01:00  INFO 8664 --- [cashcard-transaction-sink] [           main] o.s.c.stream.binder.BinderErrorChannel   : Channel 'kafka-1272713136.cashCardTransactionFileSink-in-0.errors' has 1 subscriber(s).
2025-01-12T02:53:08.295+01:00  INFO 8664 --- [cashcard-transaction-sink] [           main] o.s.c.stream.binder.BinderErrorChannel   : Channel 'kafka-1272713136.cashCardTransactionFileSink-in-0.errors' has 2 subscriber(s).
2025-01-12T02:53:08.297+01:00  INFO 8664 --- [cashcard-transaction-sink] [           main] o.a.k.clients.consumer.ConsumerConfig    : ConsumerConfig values: 
	allow.auto.create.topics = true
	auto.commit.interval.ms = 100
	auto.include.jmx.reporter = true
	auto.offset.reset = latest
	bootstrap.servers = [127.0.0.1:59863]
	check.crcs = true
	client.dns.lookup = use_all_dns_ips
	client.id = consumer-anonymous.897df9f1-93ec-4ec7-a022-d615960c9d79-12
	client.rack = 
	connections.max.idle.ms = 540000
	default.api.timeout.ms = 60000
	enable.auto.commit = false
	enable.metrics.push = true
	exclude.internal.topics = true
	fetch.max.bytes = 52428800
	fetch.max.wait.ms = 500
	fetch.min.bytes = 1
	group.id = anonymous.897df9f1-93ec-4ec7-a022-d615960c9d79
	group.instance.id = null
	group.protocol = classic
	group.remote.assignor = null
	heartbeat.interval.ms = 3000
	interceptor.classes = []
	internal.leave.group.on.close = true
	internal.throw.on.fetch.stable.offset.unsupported = false
	isolation.level = read_uncommitted
	key.deserializer = class org.apache.kafka.common.serialization.ByteArrayDeserializer
	max.partition.fetch.bytes = 1048576
	max.poll.interval.ms = 300000
	max.poll.records = 500
	metadata.max.age.ms = 300000
	metadata.recovery.strategy = none
	metric.reporters = []
	metrics.num.samples = 2
	metrics.recording.level = INFO
	metrics.sample.window.ms = 30000
	partition.assignment.strategy = [class org.apache.kafka.clients.consumer.RangeAssignor, class org.apache.kafka.clients.consumer.CooperativeStickyAssignor]
	receive.buffer.bytes = 65536
	reconnect.backoff.max.ms = 1000
	reconnect.backoff.ms = 50
	request.timeout.ms = 30000
	retry.backoff.max.ms = 1000
	retry.backoff.ms = 100
	sasl.client.callback.handler.class = null
	sasl.jaas.config = null
	sasl.kerberos.kinit.cmd = /usr/bin/kinit
	sasl.kerberos.min.time.before.relogin = 60000
	sasl.kerberos.service.name = null
	sasl.kerberos.ticket.renew.jitter = 0.05
	sasl.kerberos.ticket.renew.window.factor = 0.8
	sasl.login.callback.handler.class = null
	sasl.login.class = null
	sasl.login.connect.timeout.ms = null
	sasl.login.read.timeout.ms = null
	sasl.login.refresh.buffer.seconds = 300
	sasl.login.refresh.min.period.seconds = 60
	sasl.login.refresh.window.factor = 0.8
	sasl.login.refresh.window.jitter = 0.05
	sasl.login.retry.backoff.max.ms = 10000
	sasl.login.retry.backoff.ms = 100
	sasl.mechanism = GSSAPI
	sasl.oauthbearer.clock.skew.seconds = 30
	sasl.oauthbearer.expected.audience = null
	sasl.oauthbearer.expected.issuer = null
	sasl.oauthbearer.jwks.endpoint.refresh.ms = 3600000
	sasl.oauthbearer.jwks.endpoint.retry.backoff.max.ms = 10000
	sasl.oauthbearer.jwks.endpoint.retry.backoff.ms = 100
	sasl.oauthbearer.jwks.endpoint.url = null
	sasl.oauthbearer.scope.claim.name = scope
	sasl.oauthbearer.sub.claim.name = sub
	sasl.oauthbearer.token.endpoint.url = null
	security.protocol = PLAINTEXT
	security.providers = null
	send.buffer.bytes = 131072
	session.timeout.ms = 45000
	socket.connection.setup.timeout.max.ms = 30000
	socket.connection.setup.timeout.ms = 10000
	ssl.cipher.suites = null
	ssl.enabled.protocols = [TLSv1.2, TLSv1.3]
	ssl.endpoint.identification.algorithm = https
	ssl.engine.factory.class = null
	ssl.key.password = null
	ssl.keymanager.algorithm = SunX509
	ssl.keystore.certificate.chain = null
	ssl.keystore.key = null
	ssl.keystore.location = null
	ssl.keystore.password = null
	ssl.keystore.type = JKS
	ssl.protocol = TLSv1.3
	ssl.provider = null
	ssl.secure.random.implementation = null
	ssl.trustmanager.algorithm = PKIX
	ssl.truststore.certificates = null
	ssl.truststore.location = null
	ssl.truststore.password = null
	ssl.truststore.type = JKS
	value.deserializer = class org.apache.kafka.common.serialization.ByteArrayDeserializer

2025-01-12T02:53:08.297+01:00  INFO 8664 --- [cashcard-transaction-sink] [           main] o.a.k.c.t.i.KafkaMetricsCollector        : initializing Kafka metrics collector
2025-01-12T02:53:08.302+01:00  INFO 8664 --- [cashcard-transaction-sink] [           main] o.a.kafka.common.utils.AppInfoParser     : Kafka version: 3.8.1
2025-01-12T02:53:08.302+01:00  INFO 8664 --- [cashcard-transaction-sink] [           main] o.a.kafka.common.utils.AppInfoParser     : Kafka commitId: 70d6ff42debf7e17
2025-01-12T02:53:08.302+01:00  INFO 8664 --- [cashcard-transaction-sink] [           main] o.a.kafka.common.utils.AppInfoParser     : Kafka startTimeMs: 1736646788302
2025-01-12T02:53:08.302+01:00  INFO 8664 --- [cashcard-transaction-sink] [           main] o.a.k.c.c.internals.LegacyKafkaConsumer  : [Consumer clientId=consumer-anonymous.897df9f1-93ec-4ec7-a022-d615960c9d79-12, groupId=anonymous.897df9f1-93ec-4ec7-a022-d615960c9d79] Subscribed to topic(s): enriched-transactions
2025-01-12T02:53:08.303+01:00  INFO 8664 --- [cashcard-transaction-sink] [quest-handler-0] kafka.log.UnifiedLog$                    : [LogLoader partition=__consumer_offsets-2, dir=C:\Users\HP\AppData\Local\Temp\spring.kafka.59fe7301-c536-4a35-953f-fc31afa5423616748842595902603263] Loading producer state till offset 0 with message format version 2
2025-01-12T02:53:08.303+01:00  INFO 8664 --- [cashcard-transaction-sink] [           main] s.i.k.i.KafkaMessageDrivenChannelAdapter : started org.springframework.integration.kafka.inbound.KafkaMessageDrivenChannelAdapter@a538180
2025-01-12T02:53:08.303+01:00  INFO 8664 --- [cashcard-transaction-sink] [quest-handler-0] kafka.log.LogManager                     : Created log for partition __consumer_offsets-2 in C:\Users\HP\AppData\Local\Temp\spring.kafka.59fe7301-c536-4a35-953f-fc31afa5423616748842595902603263\__consumer_offsets-2 with properties {cleanup.policy=compact, compression.type="producer", segment.bytes=104857600}
2025-01-12T02:53:08.303+01:00  INFO 8664 --- [cashcard-transaction-sink] [quest-handler-0] kafka.cluster.Partition                  : [Partition __consumer_offsets-2 broker=0] No checkpointed highwatermark is found for partition __consumer_offsets-2
2025-01-12T02:53:08.303+01:00  INFO 8664 --- [cashcard-transaction-sink] [quest-handler-0] kafka.cluster.Partition                  : [Partition __consumer_offsets-2 broker=0] Log loaded for partition __consumer_offsets-2 with initial high watermark 0
2025-01-12T02:53:08.303+01:00  INFO 8664 --- [cashcard-transaction-sink] [quest-handler-0] state.change.logger                      : [Broker id=0] Leader __consumer_offsets-2 with topic id Some(YD0KAw2iQSGLl9decb7cKA) starts at leader epoch 0 from offset 0 with partition epoch 0, high watermark 0, ISR [0], adding replicas [] and removing replicas [] . Previous leader None and previous leader epoch was -1.
2025-01-12T02:53:08.307+01:00  INFO 8664 --- [cashcard-transaction-sink] [container-0-C-1] org.apache.kafka.clients.Metadata        : [Consumer clientId=consumer-anonymous.897df9f1-93ec-4ec7-a022-d615960c9d79-12, groupId=anonymous.897df9f1-93ec-4ec7-a022-d615960c9d79] Cluster ID: Rkj1C7eTTZiJ5lzx6NMWPA
2025-01-12T02:53:08.312+01:00  INFO 8664 --- [cashcard-transaction-sink] [           main] c.e.t.CashCardTransactionStreamE2ETests  : Started CashCardTransactionStreamE2ETests in 0.88 seconds (process running for 39.423)
2025-01-12T02:53:08.314+01:00  INFO 8664 --- [cashcard-transaction-sink] [quest-handler-0] kafka.log.UnifiedLog$                    : [LogLoader partition=__consumer_offsets-4, dir=C:\Users\HP\AppData\Local\Temp\spring.kafka.59fe7301-c536-4a35-953f-fc31afa5423616748842595902603263] Loading producer state till offset 0 with message format version 2
2025-01-12T02:53:08.315+01:00  INFO 8664 --- [cashcard-transaction-sink] [quest-handler-0] kafka.log.LogManager                     : Created log for partition __consumer_offsets-4 in C:\Users\HP\AppData\Local\Temp\spring.kafka.59fe7301-c536-4a35-953f-fc31afa5423616748842595902603263\__consumer_offsets-4 with properties {cleanup.policy=compact, compression.type="producer", segment.bytes=104857600}
2025-01-12T02:53:08.315+01:00  INFO 8664 --- [cashcard-transaction-sink] [quest-handler-0] kafka.cluster.Partition                  : [Partition __consumer_offsets-4 broker=0] No checkpointed highwatermark is found for partition __consumer_offsets-4
2025-01-12T02:53:08.315+01:00  INFO 8664 --- [cashcard-transaction-sink] [quest-handler-0] kafka.cluster.Partition                  : [Partition __consumer_offsets-4 broker=0] Log loaded for partition __consumer_offsets-4 with initial high watermark 0
2025-01-12T02:53:08.315+01:00  INFO 8664 --- [cashcard-transaction-sink] [quest-handler-0] state.change.logger                      : [Broker id=0] Leader __consumer_offsets-4 with topic id Some(YD0KAw2iQSGLl9decb7cKA) starts at leader epoch 0 from offset 0 with partition epoch 0, high watermark 0, ISR [0], adding replicas [] and removing replicas [] . Previous leader None and previous leader epoch was -1.
2025-01-12T02:53:08.329+01:00  INFO 8664 --- [cashcard-transaction-sink] [quest-handler-0] kafka.log.UnifiedLog$                    : [LogLoader partition=__consumer_offsets-1, dir=C:\Users\HP\AppData\Local\Temp\spring.kafka.59fe7301-c536-4a35-953f-fc31afa5423616748842595902603263] Loading producer state till offset 0 with message format version 2
2025-01-12T02:53:08.329+01:00  INFO 8664 --- [cashcard-transaction-sink] [quest-handler-0] kafka.log.LogManager                     : Created log for partition __consumer_offsets-1 in C:\Users\HP\AppData\Local\Temp\spring.kafka.59fe7301-c536-4a35-953f-fc31afa5423616748842595902603263\__consumer_offsets-1 with properties {cleanup.policy=compact, compression.type="producer", segment.bytes=104857600}
2025-01-12T02:53:08.329+01:00  INFO 8664 --- [cashcard-transaction-sink] [quest-handler-0] kafka.cluster.Partition                  : [Partition __consumer_offsets-1 broker=0] No checkpointed highwatermark is found for partition __consumer_offsets-1
2025-01-12T02:53:08.329+01:00  INFO 8664 --- [cashcard-transaction-sink] [quest-handler-0] kafka.cluster.Partition                  : [Partition __consumer_offsets-1 broker=0] Log loaded for partition __consumer_offsets-1 with initial high watermark 0
2025-01-12T02:53:08.330+01:00  INFO 8664 --- [cashcard-transaction-sink] [quest-handler-0] state.change.logger                      : [Broker id=0] Leader __consumer_offsets-1 with topic id Some(YD0KAw2iQSGLl9decb7cKA) starts at leader epoch 0 from offset 0 with partition epoch 0, high watermark 0, ISR [0], adding replicas [] and removing replicas [] . Previous leader None and previous leader epoch was -1.
2025-01-12T02:53:08.340+01:00  INFO 8664 --- [cashcard-transaction-sink] [quest-handler-0] kafka.log.UnifiedLog$                    : [LogLoader partition=__consumer_offsets-0, dir=C:\Users\HP\AppData\Local\Temp\spring.kafka.59fe7301-c536-4a35-953f-fc31afa5423616748842595902603263] Loading producer state till offset 0 with message format version 2
2025-01-12T02:53:08.341+01:00  INFO 8664 --- [cashcard-transaction-sink] [quest-handler-0] kafka.log.LogManager                     : Created log for partition __consumer_offsets-0 in C:\Users\HP\AppData\Local\Temp\spring.kafka.59fe7301-c536-4a35-953f-fc31afa5423616748842595902603263\__consumer_offsets-0 with properties {cleanup.policy=compact, compression.type="producer", segment.bytes=104857600}
2025-01-12T02:53:08.341+01:00  INFO 8664 --- [cashcard-transaction-sink] [quest-handler-0] kafka.cluster.Partition                  : [Partition __consumer_offsets-0 broker=0] No checkpointed highwatermark is found for partition __consumer_offsets-0
2025-01-12T02:53:08.341+01:00  INFO 8664 --- [cashcard-transaction-sink] [quest-handler-0] kafka.cluster.Partition                  : [Partition __consumer_offsets-0 broker=0] Log loaded for partition __consumer_offsets-0 with initial high watermark 0
2025-01-12T02:53:08.341+01:00  INFO 8664 --- [cashcard-transaction-sink] [quest-handler-0] state.change.logger                      : [Broker id=0] Leader __consumer_offsets-0 with topic id Some(YD0KAw2iQSGLl9decb7cKA) starts at leader epoch 0 from offset 0 with partition epoch 0, high watermark 0, ISR [0], adding replicas [] and removing replicas [] . Previous leader None and previous leader epoch was -1.
2025-01-12T02:53:08.344+01:00  INFO 8664 --- [cashcard-transaction-sink] [quest-handler-0] k.coordinator.group.GroupCoordinator     : [GroupCoordinator 0]: Elected as the group coordinator for partition 3 in epoch 0
2025-01-12T02:53:08.344+01:00  INFO 8664 --- [cashcard-transaction-sink] [quest-handler-0] k.c.group.GroupMetadataManager           : [GroupMetadataManager brokerId=0] Scheduling loading of offsets and group metadata from __consumer_offsets-3 for epoch 0
2025-01-12T02:53:08.345+01:00  INFO 8664 --- [cashcard-transaction-sink] [quest-handler-0] k.coordinator.group.GroupCoordinator     : [GroupCoordinator 0]: Elected as the group coordinator for partition 2 in epoch 0
2025-01-12T02:53:08.345+01:00  INFO 8664 --- [cashcard-transaction-sink] [quest-handler-0] k.c.group.GroupMetadataManager           : [GroupMetadataManager brokerId=0] Scheduling loading of offsets and group metadata from __consumer_offsets-2 for epoch 0
2025-01-12T02:53:08.345+01:00  INFO 8664 --- [cashcard-transaction-sink] [quest-handler-0] k.coordinator.group.GroupCoordinator     : [GroupCoordinator 0]: Elected as the group coordinator for partition 4 in epoch 0
2025-01-12T02:53:08.345+01:00  INFO 8664 --- [cashcard-transaction-sink] [quest-handler-0] k.c.group.GroupMetadataManager           : [GroupMetadataManager brokerId=0] Scheduling loading of offsets and group metadata from __consumer_offsets-4 for epoch 0
2025-01-12T02:53:08.345+01:00  INFO 8664 --- [cashcard-transaction-sink] [quest-handler-0] k.coordinator.group.GroupCoordinator     : [GroupCoordinator 0]: Elected as the group coordinator for partition 1 in epoch 0
2025-01-12T02:53:08.345+01:00  INFO 8664 --- [cashcard-transaction-sink] [quest-handler-0] k.c.group.GroupMetadataManager           : [GroupMetadataManager brokerId=0] Scheduling loading of offsets and group metadata from __consumer_offsets-1 for epoch 0
2025-01-12T02:53:08.345+01:00  INFO 8664 --- [cashcard-transaction-sink] [quest-handler-0] k.coordinator.group.GroupCoordinator     : [GroupCoordinator 0]: Elected as the group coordinator for partition 0 in epoch 0
2025-01-12T02:53:08.345+01:00  INFO 8664 --- [cashcard-transaction-sink] [quest-handler-0] k.c.group.GroupMetadataManager           : [GroupMetadataManager brokerId=0] Scheduling loading of offsets and group metadata from __consumer_offsets-0 for epoch 0
2025-01-12T02:53:08.345+01:00  INFO 8664 --- [cashcard-transaction-sink] [adata-manager-0] k.c.group.GroupMetadataManager           : [GroupMetadataManager brokerId=0] Finished loading offsets and group metadata from __consumer_offsets-3 in 0 milliseconds for epoch 0, of which 0 milliseconds was spent in the scheduler.
2025-01-12T02:53:08.345+01:00  INFO 8664 --- [cashcard-transaction-sink] [quest-handler-0] state.change.logger                      : [Broker id=0] Finished LeaderAndIsr request in 64ms correlationId 5 from controller 0 for 5 partitions
2025-01-12T02:53:08.345+01:00  INFO 8664 --- [cashcard-transaction-sink] [adata-manager-0] k.c.group.GroupMetadataManager           : [GroupMetadataManager brokerId=0] Finished loading offsets and group metadata from __consumer_offsets-2 in 0 milliseconds for epoch 0, of which 0 milliseconds was spent in the scheduler.
2025-01-12T02:53:08.345+01:00  INFO 8664 --- [cashcard-transaction-sink] [adata-manager-0] k.c.group.GroupMetadataManager           : [GroupMetadataManager brokerId=0] Finished loading offsets and group metadata from __consumer_offsets-4 in 0 milliseconds for epoch 0, of which 0 milliseconds was spent in the scheduler.
2025-01-12T02:53:08.345+01:00  INFO 8664 --- [cashcard-transaction-sink] [adata-manager-0] k.c.group.GroupMetadataManager           : [GroupMetadataManager brokerId=0] Finished loading offsets and group metadata from __consumer_offsets-1 in 0 milliseconds for epoch 0, of which 0 milliseconds was spent in the scheduler.
2025-01-12T02:53:08.345+01:00  INFO 8664 --- [cashcard-transaction-sink] [adata-manager-0] k.c.group.GroupMetadataManager           : [GroupMetadataManager brokerId=0] Finished loading offsets and group metadata from __consumer_offsets-0 in 0 milliseconds for epoch 0, of which 0 milliseconds was spent in the scheduler.
2025-01-12T02:53:08.346+01:00  INFO 8664 --- [cashcard-transaction-sink] [quest-handler-7] state.change.logger                      : [Broker id=0] Add 5 partitions and deleted 0 partitions from metadata cache in response to UpdateMetadata request sent by controller 0 epoch 1 with correlation id 6
2025-01-12T02:53:08.376+01:00  INFO 8664 --- [cashcard-transaction-sink] [container-0-C-1] o.a.k.c.c.internals.ConsumerCoordinator  : [Consumer clientId=consumer-anonymous.f670431d-f475-415f-8a1f-a985a0bcc6d9-10, groupId=anonymous.f670431d-f475-415f-8a1f-a985a0bcc6d9] Discovered group coordinator localhost:59863 (id: 2147483647 rack: null)
2025-01-12T02:53:08.377+01:00  INFO 8664 --- [cashcard-transaction-sink] [container-0-C-1] o.a.k.c.c.internals.ConsumerCoordinator  : [Consumer clientId=consumer-anonymous.f670431d-f475-415f-8a1f-a985a0bcc6d9-10, groupId=anonymous.f670431d-f475-415f-8a1f-a985a0bcc6d9] (Re-)joining group
2025-01-12T02:53:08.379+01:00  INFO 8664 --- [cashcard-transaction-sink] [quest-handler-4] k.coordinator.group.GroupCoordinator     : [GroupCoordinator 0]: Dynamic member with unknown member id joins group anonymous.f670431d-f475-415f-8a1f-a985a0bcc6d9 in Empty state. Created a new member id consumer-anonymous.f670431d-f475-415f-8a1f-a985a0bcc6d9-10-b17b9b77-6392-427b-965f-11830c658e4c and request the member to rejoin with this id.
2025-01-12T02:53:08.379+01:00  INFO 8664 --- [cashcard-transaction-sink] [container-0-C-1] o.a.k.c.c.internals.ConsumerCoordinator  : [Consumer clientId=consumer-anonymous.f670431d-f475-415f-8a1f-a985a0bcc6d9-10, groupId=anonymous.f670431d-f475-415f-8a1f-a985a0bcc6d9] Request joining group due to: need to re-join with the given member-id: consumer-anonymous.f670431d-f475-415f-8a1f-a985a0bcc6d9-10-b17b9b77-6392-427b-965f-11830c658e4c
2025-01-12T02:53:08.379+01:00  INFO 8664 --- [cashcard-transaction-sink] [container-0-C-1] o.a.k.c.c.internals.ConsumerCoordinator  : [Consumer clientId=consumer-anonymous.f670431d-f475-415f-8a1f-a985a0bcc6d9-10, groupId=anonymous.f670431d-f475-415f-8a1f-a985a0bcc6d9] (Re-)joining group
2025-01-12T02:53:08.381+01:00  INFO 8664 --- [cashcard-transaction-sink] [quest-handler-2] k.coordinator.group.GroupCoordinator     : [GroupCoordinator 0]: Preparing to rebalance group anonymous.f670431d-f475-415f-8a1f-a985a0bcc6d9 in state PreparingRebalance with old generation 0 (__consumer_offsets-1) (reason: Adding new member consumer-anonymous.f670431d-f475-415f-8a1f-a985a0bcc6d9-10-b17b9b77-6392-427b-965f-11830c658e4c with group instance id None; client reason: need to re-join with the given member-id: consumer-anonymous.f670431d-f475-415f-8a1f-a985a0bcc6d9-10-b17b9b77-6392-427b-965f-11830c658e4c)
2025-01-12T02:53:08.382+01:00  INFO 8664 --- [cashcard-transaction-sink] [cutor-Rebalance] k.coordinator.group.GroupCoordinator     : [GroupCoordinator 0]: Stabilized group anonymous.f670431d-f475-415f-8a1f-a985a0bcc6d9 generation 1 (__consumer_offsets-1) with 1 members
2025-01-12T02:53:08.382+01:00  INFO 8664 --- [cashcard-transaction-sink] [container-0-C-1] o.a.k.c.c.internals.ConsumerCoordinator  : [Consumer clientId=consumer-anonymous.f670431d-f475-415f-8a1f-a985a0bcc6d9-10, groupId=anonymous.f670431d-f475-415f-8a1f-a985a0bcc6d9] Successfully joined group with generation Generation{generationId=1, memberId='consumer-anonymous.f670431d-f475-415f-8a1f-a985a0bcc6d9-10-b17b9b77-6392-427b-965f-11830c658e4c', protocol='range'}
2025-01-12T02:53:08.382+01:00  INFO 8664 --- [cashcard-transaction-sink] [container-0-C-1] o.a.k.c.c.internals.ConsumerCoordinator  : [Consumer clientId=consumer-anonymous.f670431d-f475-415f-8a1f-a985a0bcc6d9-10, groupId=anonymous.f670431d-f475-415f-8a1f-a985a0bcc6d9] Finished assignment for group at generation 1: {consumer-anonymous.f670431d-f475-415f-8a1f-a985a0bcc6d9-10-b17b9b77-6392-427b-965f-11830c658e4c=Assignment(partitions=[approval-requests-0])}
2025-01-12T02:53:08.383+01:00  INFO 8664 --- [cashcard-transaction-sink] [quest-handler-0] k.coordinator.group.GroupCoordinator     : [GroupCoordinator 0]: Assignment received from leader consumer-anonymous.f670431d-f475-415f-8a1f-a985a0bcc6d9-10-b17b9b77-6392-427b-965f-11830c658e4c for group anonymous.f670431d-f475-415f-8a1f-a985a0bcc6d9 for generation 1. The group has 1 members, 0 of which are static.
2025-01-12T02:53:08.384+01:00  INFO 8664 --- [cashcard-transaction-sink] [container-0-C-1] o.a.k.c.c.internals.ConsumerCoordinator  : [Consumer clientId=consumer-anonymous.f670431d-f475-415f-8a1f-a985a0bcc6d9-10, groupId=anonymous.f670431d-f475-415f-8a1f-a985a0bcc6d9] Successfully synced group in generation Generation{generationId=1, memberId='consumer-anonymous.f670431d-f475-415f-8a1f-a985a0bcc6d9-10-b17b9b77-6392-427b-965f-11830c658e4c', protocol='range'}
2025-01-12T02:53:08.385+01:00  INFO 8664 --- [cashcard-transaction-sink] [container-0-C-1] o.a.k.c.c.internals.ConsumerCoordinator  : [Consumer clientId=consumer-anonymous.f670431d-f475-415f-8a1f-a985a0bcc6d9-10, groupId=anonymous.f670431d-f475-415f-8a1f-a985a0bcc6d9] Notifying assignor about the new Assignment(partitions=[approval-requests-0])
2025-01-12T02:53:08.385+01:00  INFO 8664 --- [cashcard-transaction-sink] [container-0-C-1] k.c.c.i.ConsumerRebalanceListenerInvoker : [Consumer clientId=consumer-anonymous.f670431d-f475-415f-8a1f-a985a0bcc6d9-10, groupId=anonymous.f670431d-f475-415f-8a1f-a985a0bcc6d9] Adding newly assigned partitions: approval-requests-0
2025-01-12T02:53:08.385+01:00  INFO 8664 --- [cashcard-transaction-sink] [container-0-C-1] o.a.k.c.c.internals.ConsumerCoordinator  : [Consumer clientId=consumer-anonymous.f670431d-f475-415f-8a1f-a985a0bcc6d9-10, groupId=anonymous.f670431d-f475-415f-8a1f-a985a0bcc6d9] Found no committed offset for partition approval-requests-0
2025-01-12T02:53:08.386+01:00  INFO 8664 --- [cashcard-transaction-sink] [container-0-C-1] o.a.k.c.c.internals.ConsumerCoordinator  : [Consumer clientId=consumer-anonymous.f670431d-f475-415f-8a1f-a985a0bcc6d9-10, groupId=anonymous.f670431d-f475-415f-8a1f-a985a0bcc6d9] Found no committed offset for partition approval-requests-0
2025-01-12T02:53:08.387+01:00  INFO 8664 --- [cashcard-transaction-sink] [container-0-C-1] o.a.k.c.c.internals.SubscriptionState    : [Consumer clientId=consumer-anonymous.f670431d-f475-415f-8a1f-a985a0bcc6d9-10, groupId=anonymous.f670431d-f475-415f-8a1f-a985a0bcc6d9] Resetting offset for partition approval-requests-0 to position FetchPosition{offset=1, offsetEpoch=Optional.empty, currentLeader=LeaderAndEpoch{leader=Optional[localhost:59863 (id: 0 rack: null)], epoch=0}}.
2025-01-12T02:53:08.388+01:00  INFO 8664 --- [cashcard-transaction-sink] [container-0-C-1] o.s.c.s.b.k.KafkaMessageChannelBinder$2  : anonymous.f670431d-f475-415f-8a1f-a985a0bcc6d9: partitions assigned: [approval-requests-0]
2025-01-12T02:53:08.424+01:00  INFO 8664 --- [cashcard-transaction-sink] [container-0-C-1] o.a.k.c.c.internals.ConsumerCoordinator  : [Consumer clientId=consumer-anonymous.897df9f1-93ec-4ec7-a022-d615960c9d79-12, groupId=anonymous.897df9f1-93ec-4ec7-a022-d615960c9d79] Discovered group coordinator localhost:59863 (id: 2147483647 rack: null)
2025-01-12T02:53:08.425+01:00  INFO 8664 --- [cashcard-transaction-sink] [container-0-C-1] o.a.k.c.c.internals.ConsumerCoordinator  : [Consumer clientId=consumer-anonymous.897df9f1-93ec-4ec7-a022-d615960c9d79-12, groupId=anonymous.897df9f1-93ec-4ec7-a022-d615960c9d79] (Re-)joining group
2025-01-12T02:53:08.429+01:00  INFO 8664 --- [cashcard-transaction-sink] [quest-handler-1] k.coordinator.group.GroupCoordinator     : [GroupCoordinator 0]: Dynamic member with unknown member id joins group anonymous.897df9f1-93ec-4ec7-a022-d615960c9d79 in Empty state. Created a new member id consumer-anonymous.897df9f1-93ec-4ec7-a022-d615960c9d79-12-96a194ef-ebef-4d40-9ca1-5a7bff11f600 and request the member to rejoin with this id.
2025-01-12T02:53:08.429+01:00  INFO 8664 --- [cashcard-transaction-sink] [container-0-C-1] o.a.k.c.c.internals.ConsumerCoordinator  : [Consumer clientId=consumer-anonymous.897df9f1-93ec-4ec7-a022-d615960c9d79-12, groupId=anonymous.897df9f1-93ec-4ec7-a022-d615960c9d79] Request joining group due to: need to re-join with the given member-id: consumer-anonymous.897df9f1-93ec-4ec7-a022-d615960c9d79-12-96a194ef-ebef-4d40-9ca1-5a7bff11f600
2025-01-12T02:53:08.429+01:00  INFO 8664 --- [cashcard-transaction-sink] [container-0-C-1] o.a.k.c.c.internals.ConsumerCoordinator  : [Consumer clientId=consumer-anonymous.897df9f1-93ec-4ec7-a022-d615960c9d79-12, groupId=anonymous.897df9f1-93ec-4ec7-a022-d615960c9d79] (Re-)joining group
2025-01-12T02:53:08.432+01:00  INFO 8664 --- [cashcard-transaction-sink] [quest-handler-3] k.coordinator.group.GroupCoordinator     : [GroupCoordinator 0]: Preparing to rebalance group anonymous.897df9f1-93ec-4ec7-a022-d615960c9d79 in state PreparingRebalance with old generation 0 (__consumer_offsets-2) (reason: Adding new member consumer-anonymous.897df9f1-93ec-4ec7-a022-d615960c9d79-12-96a194ef-ebef-4d40-9ca1-5a7bff11f600 with group instance id None; client reason: need to re-join with the given member-id: consumer-anonymous.897df9f1-93ec-4ec7-a022-d615960c9d79-12-96a194ef-ebef-4d40-9ca1-5a7bff11f600)
2025-01-12T02:53:08.432+01:00  INFO 8664 --- [cashcard-transaction-sink] [cutor-Rebalance] k.coordinator.group.GroupCoordinator     : [GroupCoordinator 0]: Stabilized group anonymous.897df9f1-93ec-4ec7-a022-d615960c9d79 generation 1 (__consumer_offsets-2) with 1 members
2025-01-12T02:53:08.433+01:00  INFO 8664 --- [cashcard-transaction-sink] [container-0-C-1] o.a.k.c.c.internals.ConsumerCoordinator  : [Consumer clientId=consumer-anonymous.897df9f1-93ec-4ec7-a022-d615960c9d79-12, groupId=anonymous.897df9f1-93ec-4ec7-a022-d615960c9d79] Successfully joined group with generation Generation{generationId=1, memberId='consumer-anonymous.897df9f1-93ec-4ec7-a022-d615960c9d79-12-96a194ef-ebef-4d40-9ca1-5a7bff11f600', protocol='range'}
2025-01-12T02:53:08.433+01:00  INFO 8664 --- [cashcard-transaction-sink] [container-0-C-1] o.a.k.c.c.internals.ConsumerCoordinator  : [Consumer clientId=consumer-anonymous.897df9f1-93ec-4ec7-a022-d615960c9d79-12, groupId=anonymous.897df9f1-93ec-4ec7-a022-d615960c9d79] Finished assignment for group at generation 1: {consumer-anonymous.897df9f1-93ec-4ec7-a022-d615960c9d79-12-96a194ef-ebef-4d40-9ca1-5a7bff11f600=Assignment(partitions=[enriched-transactions-0])}
2025-01-12T02:53:08.434+01:00  INFO 8664 --- [cashcard-transaction-sink] [quest-handler-5] k.coordinator.group.GroupCoordinator     : [GroupCoordinator 0]: Assignment received from leader consumer-anonymous.897df9f1-93ec-4ec7-a022-d615960c9d79-12-96a194ef-ebef-4d40-9ca1-5a7bff11f600 for group anonymous.897df9f1-93ec-4ec7-a022-d615960c9d79 for generation 1. The group has 1 members, 0 of which are static.
2025-01-12T02:53:08.435+01:00  INFO 8664 --- [cashcard-transaction-sink] [container-0-C-1] o.a.k.c.c.internals.ConsumerCoordinator  : [Consumer clientId=consumer-anonymous.897df9f1-93ec-4ec7-a022-d615960c9d79-12, groupId=anonymous.897df9f1-93ec-4ec7-a022-d615960c9d79] Successfully synced group in generation Generation{generationId=1, memberId='consumer-anonymous.897df9f1-93ec-4ec7-a022-d615960c9d79-12-96a194ef-ebef-4d40-9ca1-5a7bff11f600', protocol='range'}
2025-01-12T02:53:08.436+01:00  INFO 8664 --- [cashcard-transaction-sink] [container-0-C-1] o.a.k.c.c.internals.ConsumerCoordinator  : [Consumer clientId=consumer-anonymous.897df9f1-93ec-4ec7-a022-d615960c9d79-12, groupId=anonymous.897df9f1-93ec-4ec7-a022-d615960c9d79] Notifying assignor about the new Assignment(partitions=[enriched-transactions-0])
2025-01-12T02:53:08.436+01:00  INFO 8664 --- [cashcard-transaction-sink] [container-0-C-1] k.c.c.i.ConsumerRebalanceListenerInvoker : [Consumer clientId=consumer-anonymous.897df9f1-93ec-4ec7-a022-d615960c9d79-12, groupId=anonymous.897df9f1-93ec-4ec7-a022-d615960c9d79] Adding newly assigned partitions: enriched-transactions-0
2025-01-12T02:53:08.437+01:00  INFO 8664 --- [cashcard-transaction-sink] [container-0-C-1] o.a.k.c.c.internals.ConsumerCoordinator  : [Consumer clientId=consumer-anonymous.897df9f1-93ec-4ec7-a022-d615960c9d79-12, groupId=anonymous.897df9f1-93ec-4ec7-a022-d615960c9d79] Found no committed offset for partition enriched-transactions-0
2025-01-12T02:53:08.438+01:00  INFO 8664 --- [cashcard-transaction-sink] [container-0-C-1] o.a.k.c.c.internals.ConsumerCoordinator  : [Consumer clientId=consumer-anonymous.897df9f1-93ec-4ec7-a022-d615960c9d79-12, groupId=anonymous.897df9f1-93ec-4ec7-a022-d615960c9d79] Found no committed offset for partition enriched-transactions-0
2025-01-12T02:53:08.439+01:00  INFO 8664 --- [cashcard-transaction-sink] [container-0-C-1] o.a.k.c.c.internals.SubscriptionState    : [Consumer clientId=consumer-anonymous.897df9f1-93ec-4ec7-a022-d615960c9d79-12, groupId=anonymous.897df9f1-93ec-4ec7-a022-d615960c9d79] Resetting offset for partition enriched-transactions-0 to position FetchPosition{offset=0, offsetEpoch=Optional.empty, currentLeader=LeaderAndEpoch{leader=Optional[localhost:59863 (id: 0 rack: null)], epoch=0}}.
2025-01-12T02:53:08.441+01:00  INFO 8664 --- [cashcard-transaction-sink] [container-0-C-1] o.s.c.s.b.k.KafkaMessageChannelBinder$2  : anonymous.897df9f1-93ec-4ec7-a022-d615960c9d79: partitions assigned: [enriched-transactions-0]
]]></system-out>
  </testcase>
</testsuite>