<?xml version="1.0" encoding="UTF-8"?>
<testsuite xmlns:xsi="http://www.w3.org/2001/XMLSchema-instance" xsi:noNamespaceSchemaLocation="https://maven.apache.org/surefire/maven-surefire-plugin/xsd/surefire-test-report-3.0.xsd" version="3.0" name="cashcard.e2e.test.CashCardTransactionStreamE2EContainerTests" time="17.526" tests="1" errors="0" skipped="0" failures="0">
  <properties>
    <property name="jdk.tls.rejectClientInitiatedRenegotiation" value="true"/>
    <property name="java.specification.version" value="17"/>
    <property name="sun.cpu.isalist" value="amd64"/>
    <property name="sun.jnu.encoding" value="Cp1252"/>
    <property name="java.class.path" value="D:\mohamed el merjani\java project\event-driven-app\cashcard-transaction-e2e-tests\target\test-classes;D:\mohamed el merjani\java project\event-driven-app\cashcard-transaction-e2e-tests\target\classes;C:\Users\HP\.m2\repository\org\springframework\boot\spring-boot-starter-web\3.4.1\spring-boot-starter-web-3.4.1.jar;C:\Users\HP\.m2\repository\org\springframework\boot\spring-boot-starter\3.4.1\spring-boot-starter-3.4.1.jar;C:\Users\HP\.m2\repository\org\springframework\boot\spring-boot\3.4.1\spring-boot-3.4.1.jar;C:\Users\HP\.m2\repository\org\springframework\boot\spring-boot-starter-logging\3.4.1\spring-boot-starter-logging-3.4.1.jar;C:\Users\HP\.m2\repository\org\apache\logging\log4j\log4j-to-slf4j\2.24.3\log4j-to-slf4j-2.24.3.jar;C:\Users\HP\.m2\repository\org\apache\logging\log4j\log4j-api\2.24.3\log4j-api-2.24.3.jar;C:\Users\HP\.m2\repository\org\slf4j\jul-to-slf4j\2.0.16\jul-to-slf4j-2.0.16.jar;C:\Users\HP\.m2\repository\jakarta\annotation\jakarta.annotation-api\2.1.1\jakarta.annotation-api-2.1.1.jar;C:\Users\HP\.m2\repository\org\springframework\spring-core\6.2.1\spring-core-6.2.1.jar;C:\Users\HP\.m2\repository\org\springframework\spring-jcl\6.2.1\spring-jcl-6.2.1.jar;C:\Users\HP\.m2\repository\org\yaml\snakeyaml\2.3\snakeyaml-2.3.jar;C:\Users\HP\.m2\repository\org\springframework\boot\spring-boot-starter-json\3.4.1\spring-boot-starter-json-3.4.1.jar;C:\Users\HP\.m2\repository\com\fasterxml\jackson\core\jackson-databind\2.18.2\jackson-databind-2.18.2.jar;C:\Users\HP\.m2\repository\com\fasterxml\jackson\core\jackson-annotations\2.18.2\jackson-annotations-2.18.2.jar;C:\Users\HP\.m2\repository\com\fasterxml\jackson\core\jackson-core\2.18.2\jackson-core-2.18.2.jar;C:\Users\HP\.m2\repository\com\fasterxml\jackson\datatype\jackson-datatype-jdk8\2.18.2\jackson-datatype-jdk8-2.18.2.jar;C:\Users\HP\.m2\repository\com\fasterxml\jackson\datatype\jackson-datatype-jsr310\2.18.2\jackson-datatype-jsr310-2.18.2.jar;C:\Users\HP\.m2\repository\com\fasterxml\jackson\module\jackson-module-parameter-names\2.18.2\jackson-module-parameter-names-2.18.2.jar;C:\Users\HP\.m2\repository\org\springframework\boot\spring-boot-starter-tomcat\3.4.1\spring-boot-starter-tomcat-3.4.1.jar;C:\Users\HP\.m2\repository\org\apache\tomcat\embed\tomcat-embed-core\10.1.34\tomcat-embed-core-10.1.34.jar;C:\Users\HP\.m2\repository\org\apache\tomcat\embed\tomcat-embed-el\10.1.34\tomcat-embed-el-10.1.34.jar;C:\Users\HP\.m2\repository\org\apache\tomcat\embed\tomcat-embed-websocket\10.1.34\tomcat-embed-websocket-10.1.34.jar;C:\Users\HP\.m2\repository\org\springframework\spring-web\6.2.1\spring-web-6.2.1.jar;C:\Users\HP\.m2\repository\org\springframework\spring-beans\6.2.1\spring-beans-6.2.1.jar;C:\Users\HP\.m2\repository\io\micrometer\micrometer-observation\1.14.2\micrometer-observation-1.14.2.jar;C:\Users\HP\.m2\repository\io\micrometer\micrometer-commons\1.14.2\micrometer-commons-1.14.2.jar;C:\Users\HP\.m2\repository\org\springframework\spring-webmvc\6.2.1\spring-webmvc-6.2.1.jar;C:\Users\HP\.m2\repository\org\springframework\spring-aop\6.2.1\spring-aop-6.2.1.jar;C:\Users\HP\.m2\repository\org\springframework\spring-expression\6.2.1\spring-expression-6.2.1.jar;C:\Users\HP\.m2\repository\org\springframework\kafka\spring-kafka-test\3.3.1\spring-kafka-test-3.3.1.jar;C:\Users\HP\.m2\repository\org\springframework\spring-context\6.2.1\spring-context-6.2.1.jar;C:\Users\HP\.m2\repository\org\springframework\spring-test\6.2.1\spring-test-6.2.1.jar;C:\Users\HP\.m2\repository\org\springframework\retry\spring-retry\2.0.10\spring-retry-2.0.10.jar;C:\Users\HP\.m2\repository\org\apache\zookeeper\zookeeper\3.8.4\zookeeper-3.8.4.jar;C:\Users\HP\.m2\repository\org\apache\zookeeper\zookeeper-jute\3.8.4\zookeeper-jute-3.8.4.jar;C:\Users\HP\.m2\repository\org\apache\yetus\audience-annotations\0.12.0\audience-annotations-0.12.0.jar;C:\Users\HP\.m2\repository\io\netty\netty-handler\4.1.116.Final\netty-handler-4.1.116.Final.jar;C:\Users\HP\.m2\repository\io\netty\netty-common\4.1.116.Final\netty-common-4.1.116.Final.jar;C:\Users\HP\.m2\repository\io\netty\netty-resolver\4.1.116.Final\netty-resolver-4.1.116.Final.jar;C:\Users\HP\.m2\repository\io\netty\netty-buffer\4.1.116.Final\netty-buffer-4.1.116.Final.jar;C:\Users\HP\.m2\repository\io\netty\netty-transport\4.1.116.Final\netty-transport-4.1.116.Final.jar;C:\Users\HP\.m2\repository\io\netty\netty-transport-native-unix-common\4.1.116.Final\netty-transport-native-unix-common-4.1.116.Final.jar;C:\Users\HP\.m2\repository\io\netty\netty-codec\4.1.116.Final\netty-codec-4.1.116.Final.jar;C:\Users\HP\.m2\repository\io\netty\netty-transport-native-epoll\4.1.116.Final\netty-transport-native-epoll-4.1.116.Final.jar;C:\Users\HP\.m2\repository\io\netty\netty-transport-classes-epoll\4.1.116.Final\netty-transport-classes-epoll-4.1.116.Final.jar;C:\Users\HP\.m2\repository\org\slf4j\slf4j-api\2.0.16\slf4j-api-2.0.16.jar;C:\Users\HP\.m2\repository\ch\qos\logback\logback-core\1.5.12\logback-core-1.5.12.jar;C:\Users\HP\.m2\repository\ch\qos\logback\logback-classic\1.5.12\logback-classic-1.5.12.jar;C:\Users\HP\.m2\repository\commons-io\commons-io\2.11.0\commons-io-2.11.0.jar;C:\Users\HP\.m2\repository\org\apache\kafka\kafka-clients\3.8.1\kafka-clients-3.8.1-test.jar;C:\Users\HP\.m2\repository\com\github\luben\zstd-jni\1.5.6-4\zstd-jni-1.5.6-4.jar;C:\Users\HP\.m2\repository\org\lz4\lz4-java\1.8.0\lz4-java-1.8.0.jar;C:\Users\HP\.m2\repository\org\xerial\snappy\snappy-java\1.1.10.5\snappy-java-1.1.10.5.jar;C:\Users\HP\.m2\repository\org\apache\kafka\kafka-server\3.8.1\kafka-server-3.8.1.jar;C:\Users\HP\.m2\repository\org\apache\kafka\kafka-clients\3.8.1\kafka-clients-3.8.1.jar;C:\Users\HP\.m2\repository\org\apache\kafka\kafka-group-coordinator\3.8.1\kafka-group-coordinator-3.8.1.jar;C:\Users\HP\.m2\repository\org\apache\kafka\kafka-transaction-coordinator\3.8.1\kafka-transaction-coordinator-3.8.1.jar;C:\Users\HP\.m2\repository\org\apache\kafka\kafka-raft\3.8.1\kafka-raft-3.8.1.jar;C:\Users\HP\.m2\repository\com\yammer\metrics\metrics-core\2.2.0\metrics-core-2.2.0.jar;C:\Users\HP\.m2\repository\org\apache\kafka\kafka-metadata\3.8.1\kafka-metadata-3.8.1.jar;C:\Users\HP\.m2\repository\org\apache\kafka\kafka-server-common\3.8.1\kafka-server-common-3.8.1.jar;C:\Users\HP\.m2\repository\net\sf\jopt-simple\jopt-simple\5.0.4\jopt-simple-5.0.4.jar;C:\Users\HP\.m2\repository\org\pcollections\pcollections\4.0.1\pcollections-4.0.1.jar;C:\Users\HP\.m2\repository\org\apache\kafka\kafka-server-common\3.8.1\kafka-server-common-3.8.1-test.jar;C:\Users\HP\.m2\repository\org\apache\kafka\kafka-streams-test-utils\3.8.1\kafka-streams-test-utils-3.8.1.jar;C:\Users\HP\.m2\repository\org\apache\kafka\kafka-streams\3.8.1\kafka-streams-3.8.1.jar;C:\Users\HP\.m2\repository\org\rocksdb\rocksdbjni\7.9.2\rocksdbjni-7.9.2.jar;C:\Users\HP\.m2\repository\org\apache\kafka\kafka_2.13\3.8.1\kafka_2.13-3.8.1.jar;C:\Users\HP\.m2\repository\org\scala-lang\scala-library\2.13.14\scala-library-2.13.14.jar;C:\Users\HP\.m2\repository\org\apache\kafka\kafka-group-coordinator-api\3.8.1\kafka-group-coordinator-api-3.8.1.jar;C:\Users\HP\.m2\repository\org\apache\kafka\kafka-storage-api\3.8.1\kafka-storage-api-3.8.1.jar;C:\Users\HP\.m2\repository\org\apache\kafka\kafka-tools-api\3.8.1\kafka-tools-api-3.8.1.jar;C:\Users\HP\.m2\repository\org\apache\kafka\kafka-storage\3.8.1\kafka-storage-3.8.1.jar;C:\Users\HP\.m2\repository\com\github\ben-manes\caffeine\caffeine\3.1.8\caffeine-3.1.8.jar;C:\Users\HP\.m2\repository\org\checkerframework\checker-qual\3.37.0\checker-qual-3.37.0.jar;C:\Users\HP\.m2\repository\com\google\errorprone\error_prone_annotations\2.21.1\error_prone_annotations-2.21.1.jar;C:\Users\HP\.m2\repository\net\sourceforge\argparse4j\argparse4j\0.7.0\argparse4j-0.7.0.jar;C:\Users\HP\.m2\repository\commons-validator\commons-validator\1.7\commons-validator-1.7.jar;C:\Users\HP\.m2\repository\commons-beanutils\commons-beanutils\1.9.4\commons-beanutils-1.9.4.jar;C:\Users\HP\.m2\repository\commons-digester\commons-digester\2.1\commons-digester-2.1.jar;C:\Users\HP\.m2\repository\commons-collections\commons-collections\3.2.2\commons-collections-3.2.2.jar;C:\Users\HP\.m2\repository\com\fasterxml\jackson\module\jackson-module-scala_2.13\2.18.2\jackson-module-scala_2.13-2.18.2.jar;C:\Users\HP\.m2\repository\com\thoughtworks\paranamer\paranamer\2.8\paranamer-2.8.jar;C:\Users\HP\.m2\repository\com\fasterxml\jackson\dataformat\jackson-dataformat-csv\2.18.2\jackson-dataformat-csv-2.18.2.jar;C:\Users\HP\.m2\repository\org\bitbucket\b_c\jose4j\0.9.4\jose4j-0.9.4.jar;C:\Users\HP\.m2\repository\org\scala-lang\modules\scala-collection-compat_2.13\2.10.0\scala-collection-compat_2.13-2.10.0.jar;C:\Users\HP\.m2\repository\org\scala-lang\modules\scala-java8-compat_2.13\1.0.2\scala-java8-compat_2.13-1.0.2.jar;C:\Users\HP\.m2\repository\org\scala-lang\scala-reflect\2.13.14\scala-reflect-2.13.14.jar;C:\Users\HP\.m2\repository\com\typesafe\scala-logging\scala-logging_2.13\3.9.4\scala-logging_2.13-3.9.4.jar;C:\Users\HP\.m2\repository\io\dropwizard\metrics\metrics-core\4.1.12.1\metrics-core-4.1.12.1.jar;C:\Users\HP\.m2\repository\commons-cli\commons-cli\1.4\commons-cli-1.4.jar;C:\Users\HP\.m2\repository\org\apache\kafka\kafka_2.13\3.8.1\kafka_2.13-3.8.1-test.jar;C:\Users\HP\.m2\repository\org\junit\jupiter\junit-jupiter-api\5.11.4\junit-jupiter-api-5.11.4.jar;C:\Users\HP\.m2\repository\org\opentest4j\opentest4j\1.3.0\opentest4j-1.3.0.jar;C:\Users\HP\.m2\repository\org\junit\platform\junit-platform-commons\1.11.4\junit-platform-commons-1.11.4.jar;C:\Users\HP\.m2\repository\org\apiguardian\apiguardian-api\1.1.2\apiguardian-api-1.1.2.jar;C:\Users\HP\.m2\repository\org\junit\platform\junit-platform-launcher\1.11.4\junit-platform-launcher-1.11.4.jar;C:\Users\HP\.m2\repository\org\junit\platform\junit-platform-engine\1.11.4\junit-platform-engine-1.11.4.jar;C:\Users\HP\.m2\repository\org\springframework\cloud\spring-cloud-stream-test-binder\4.2.0\spring-cloud-stream-test-binder-4.2.0.jar;C:\Users\HP\.m2\repository\org\springframework\cloud\spring-cloud-stream\4.2.0\spring-cloud-stream-4.2.0.jar;C:\Users\HP\.m2\repository\org\springframework\boot\spring-boot-starter-validation\3.4.1\spring-boot-starter-validation-3.4.1.jar;C:\Users\HP\.m2\repository\org\hibernate\validator\hibernate-validator\8.0.2.Final\hibernate-validator-8.0.2.Final.jar;C:\Users\HP\.m2\repository\jakarta\validation\jakarta.validation-api\3.0.2\jakarta.validation-api-3.0.2.jar;C:\Users\HP\.m2\repository\org\jboss\logging\jboss-logging\3.6.1.Final\jboss-logging-3.6.1.Final.jar;C:\Users\HP\.m2\repository\com\fasterxml\classmate\1.7.0\classmate-1.7.0.jar;C:\Users\HP\.m2\repository\org\springframework\spring-messaging\6.2.1\spring-messaging-6.2.1.jar;C:\Users\HP\.m2\repository\org\springframework\integration\spring-integration-core\6.4.1\spring-integration-core-6.4.1.jar;C:\Users\HP\.m2\repository\io\projectreactor\reactor-core\3.7.1\reactor-core-3.7.1.jar;C:\Users\HP\.m2\repository\org\reactivestreams\reactive-streams\1.0.4\reactive-streams-1.0.4.jar;C:\Users\HP\.m2\repository\org\springframework\integration\spring-integration-jmx\6.4.1\spring-integration-jmx-6.4.1.jar;C:\Users\HP\.m2\repository\org\springframework\cloud\spring-cloud-function-context\4.2.0\spring-cloud-function-context-4.2.0.jar;C:\Users\HP\.m2\repository\org\springframework\cloud\spring-cloud-function-core\4.2.0\spring-cloud-function-core-4.2.0.jar;C:\Users\HP\.m2\repository\org\springframework\boot\spring-boot-starter-test\3.4.1\spring-boot-starter-test-3.4.1.jar;C:\Users\HP\.m2\repository\org\springframework\boot\spring-boot-test\3.4.1\spring-boot-test-3.4.1.jar;C:\Users\HP\.m2\repository\org\springframework\boot\spring-boot-test-autoconfigure\3.4.1\spring-boot-test-autoconfigure-3.4.1.jar;C:\Users\HP\.m2\repository\com\jayway\jsonpath\json-path\2.9.0\json-path-2.9.0.jar;C:\Users\HP\.m2\repository\jakarta\xml\bind\jakarta.xml.bind-api\4.0.2\jakarta.xml.bind-api-4.0.2.jar;C:\Users\HP\.m2\repository\jakarta\activation\jakarta.activation-api\2.1.3\jakarta.activation-api-2.1.3.jar;C:\Users\HP\.m2\repository\net\minidev\json-smart\2.5.1\json-smart-2.5.1.jar;C:\Users\HP\.m2\repository\net\minidev\accessors-smart\2.5.1\accessors-smart-2.5.1.jar;C:\Users\HP\.m2\repository\org\ow2\asm\asm\9.6\asm-9.6.jar;C:\Users\HP\.m2\repository\org\assertj\assertj-core\3.26.3\assertj-core-3.26.3.jar;C:\Users\HP\.m2\repository\net\bytebuddy\byte-buddy\1.15.11\byte-buddy-1.15.11.jar;C:\Users\HP\.m2\repository\org\awaitility\awaitility\4.2.2\awaitility-4.2.2.jar;C:\Users\HP\.m2\repository\org\hamcrest\hamcrest\2.2\hamcrest-2.2.jar;C:\Users\HP\.m2\repository\org\junit\jupiter\junit-jupiter\5.11.4\junit-jupiter-5.11.4.jar;C:\Users\HP\.m2\repository\org\junit\jupiter\junit-jupiter-params\5.11.4\junit-jupiter-params-5.11.4.jar;C:\Users\HP\.m2\repository\org\junit\jupiter\junit-jupiter-engine\5.11.4\junit-jupiter-engine-5.11.4.jar;C:\Users\HP\.m2\repository\org\mockito\mockito-core\5.14.2\mockito-core-5.14.2.jar;C:\Users\HP\.m2\repository\net\bytebuddy\byte-buddy-agent\1.15.11\byte-buddy-agent-1.15.11.jar;C:\Users\HP\.m2\repository\org\objenesis\objenesis\3.3\objenesis-3.3.jar;C:\Users\HP\.m2\repository\org\mockito\mockito-junit-jupiter\5.14.2\mockito-junit-jupiter-5.14.2.jar;C:\Users\HP\.m2\repository\org\skyscreamer\jsonassert\1.5.3\jsonassert-1.5.3.jar;C:\Users\HP\.m2\repository\com\vaadin\external\google\android-json\0.0.20131108.vaadin1\android-json-0.0.20131108.vaadin1.jar;C:\Users\HP\.m2\repository\org\xmlunit\xmlunit-core\2.10.0\xmlunit-core-2.10.0.jar;C:\Users\HP\.m2\repository\elmerjani\mohamed\cashcard-transaction-sink\0.0.1-SNAPSHOT\cashcard-transaction-sink-0.0.1-SNAPSHOT.jar;C:\Users\HP\.m2\repository\org\springframework\cloud\spring-cloud-stream-binder-kafka\4.2.0\spring-cloud-stream-binder-kafka-4.2.0.jar;C:\Users\HP\.m2\repository\org\springframework\cloud\spring-cloud-stream-binder-kafka-core\4.2.0\spring-cloud-stream-binder-kafka-core-4.2.0.jar;C:\Users\HP\.m2\repository\org\springframework\integration\spring-integration-kafka\6.4.1\spring-integration-kafka-6.4.1.jar;C:\Users\HP\.m2\repository\org\springframework\kafka\spring-kafka\3.3.1\spring-kafka-3.3.1.jar;C:\Users\HP\.m2\repository\org\springframework\spring-tx\6.2.1\spring-tx-6.2.1.jar;C:\Users\HP\.m2\repository\elmerjani\mohamed\cashcard-transaction-source\0.0.1-SNAPSHOT\cashcard-transaction-source-0.0.1-SNAPSHOT.jar;C:\Users\HP\.m2\repository\elmerjani\mohamed\cashcard-transaction-enricher\0.0.1-SNAPSHOT\cashcard-transaction-enricher-0.0.1-SNAPSHOT.jar;C:\Users\HP\.m2\repository\elmerjani\mohamed\cashcard-transaction-domain\0.1.0\cashcard-transaction-domain-0.1.0.jar;C:\Users\HP\.m2\repository\org\springframework\boot\spring-boot-testcontainers\3.4.1\spring-boot-testcontainers-3.4.1.jar;C:\Users\HP\.m2\repository\org\springframework\boot\spring-boot-autoconfigure\3.4.1\spring-boot-autoconfigure-3.4.1.jar;C:\Users\HP\.m2\repository\org\testcontainers\testcontainers\1.20.4\testcontainers-1.20.4.jar;C:\Users\HP\.m2\repository\junit\junit\4.13.2\junit-4.13.2.jar;C:\Users\HP\.m2\repository\org\hamcrest\hamcrest-core\2.2\hamcrest-core-2.2.jar;C:\Users\HP\.m2\repository\org\apache\commons\commons-compress\1.24.0\commons-compress-1.24.0.jar;C:\Users\HP\.m2\repository\org\rnorth\duct-tape\duct-tape\1.0.8\duct-tape-1.0.8.jar;C:\Users\HP\.m2\repository\org\jetbrains\annotations\17.0.0\annotations-17.0.0.jar;C:\Users\HP\.m2\repository\com\github\docker-java\docker-java-api\3.4.0\docker-java-api-3.4.0.jar;C:\Users\HP\.m2\repository\com\github\docker-java\docker-java-transport-zerodep\3.4.0\docker-java-transport-zerodep-3.4.0.jar;C:\Users\HP\.m2\repository\com\github\docker-java\docker-java-transport\3.4.0\docker-java-transport-3.4.0.jar;C:\Users\HP\.m2\repository\net\java\dev\jna\jna\5.13.0\jna-5.13.0.jar;C:\Users\HP\.m2\repository\org\testcontainers\kafka\1.20.4\kafka-1.20.4.jar;"/>
    <property name="java.vm.vendor" value="Oracle Corporation"/>
    <property name="sun.arch.data.model" value="64"/>
    <property name="user.variant" value=""/>
    <property name="catalina.useNaming" value="false"/>
    <property name="java.vendor.url" value="https://java.oracle.com/"/>
    <property name="user.timezone" value="Africa/Casablanca"/>
    <property name="org.jboss.logging.provider" value="slf4j"/>
    <property name="os.name" value="Windows 11"/>
    <property name="java.vm.specification.version" value="17"/>
    <property name="APPLICATION_NAME" value="cashcard-transaction-sink"/>
    <property name="sun.java.launcher" value="SUN_STANDARD"/>
    <property name="user.country" value="US"/>
    <property name="sun.boot.library.path" value="C:\Program Files\Java\jdk-17.0.12\bin"/>
    <property name="sun.java.command" value="C:\Users\HP\AppData\Local\Temp\surefire5642540992485317278\surefirebooter-20250112025228564_3.jar C:\Users\HP\AppData\Local\Temp\surefire5642540992485317278 2025-01-12T02-52-28_297-jvmRun1 surefire-20250112025228564_1tmp surefire_0-20250112025228564_2tmp"/>
    <property name="jdk.debug" value="release"/>
    <property name="surefire.test.class.path" value="D:\mohamed el merjani\java project\event-driven-app\cashcard-transaction-e2e-tests\target\test-classes;D:\mohamed el merjani\java project\event-driven-app\cashcard-transaction-e2e-tests\target\classes;C:\Users\HP\.m2\repository\org\springframework\boot\spring-boot-starter-web\3.4.1\spring-boot-starter-web-3.4.1.jar;C:\Users\HP\.m2\repository\org\springframework\boot\spring-boot-starter\3.4.1\spring-boot-starter-3.4.1.jar;C:\Users\HP\.m2\repository\org\springframework\boot\spring-boot\3.4.1\spring-boot-3.4.1.jar;C:\Users\HP\.m2\repository\org\springframework\boot\spring-boot-starter-logging\3.4.1\spring-boot-starter-logging-3.4.1.jar;C:\Users\HP\.m2\repository\org\apache\logging\log4j\log4j-to-slf4j\2.24.3\log4j-to-slf4j-2.24.3.jar;C:\Users\HP\.m2\repository\org\apache\logging\log4j\log4j-api\2.24.3\log4j-api-2.24.3.jar;C:\Users\HP\.m2\repository\org\slf4j\jul-to-slf4j\2.0.16\jul-to-slf4j-2.0.16.jar;C:\Users\HP\.m2\repository\jakarta\annotation\jakarta.annotation-api\2.1.1\jakarta.annotation-api-2.1.1.jar;C:\Users\HP\.m2\repository\org\springframework\spring-core\6.2.1\spring-core-6.2.1.jar;C:\Users\HP\.m2\repository\org\springframework\spring-jcl\6.2.1\spring-jcl-6.2.1.jar;C:\Users\HP\.m2\repository\org\yaml\snakeyaml\2.3\snakeyaml-2.3.jar;C:\Users\HP\.m2\repository\org\springframework\boot\spring-boot-starter-json\3.4.1\spring-boot-starter-json-3.4.1.jar;C:\Users\HP\.m2\repository\com\fasterxml\jackson\core\jackson-databind\2.18.2\jackson-databind-2.18.2.jar;C:\Users\HP\.m2\repository\com\fasterxml\jackson\core\jackson-annotations\2.18.2\jackson-annotations-2.18.2.jar;C:\Users\HP\.m2\repository\com\fasterxml\jackson\core\jackson-core\2.18.2\jackson-core-2.18.2.jar;C:\Users\HP\.m2\repository\com\fasterxml\jackson\datatype\jackson-datatype-jdk8\2.18.2\jackson-datatype-jdk8-2.18.2.jar;C:\Users\HP\.m2\repository\com\fasterxml\jackson\datatype\jackson-datatype-jsr310\2.18.2\jackson-datatype-jsr310-2.18.2.jar;C:\Users\HP\.m2\repository\com\fasterxml\jackson\module\jackson-module-parameter-names\2.18.2\jackson-module-parameter-names-2.18.2.jar;C:\Users\HP\.m2\repository\org\springframework\boot\spring-boot-starter-tomcat\3.4.1\spring-boot-starter-tomcat-3.4.1.jar;C:\Users\HP\.m2\repository\org\apache\tomcat\embed\tomcat-embed-core\10.1.34\tomcat-embed-core-10.1.34.jar;C:\Users\HP\.m2\repository\org\apache\tomcat\embed\tomcat-embed-el\10.1.34\tomcat-embed-el-10.1.34.jar;C:\Users\HP\.m2\repository\org\apache\tomcat\embed\tomcat-embed-websocket\10.1.34\tomcat-embed-websocket-10.1.34.jar;C:\Users\HP\.m2\repository\org\springframework\spring-web\6.2.1\spring-web-6.2.1.jar;C:\Users\HP\.m2\repository\org\springframework\spring-beans\6.2.1\spring-beans-6.2.1.jar;C:\Users\HP\.m2\repository\io\micrometer\micrometer-observation\1.14.2\micrometer-observation-1.14.2.jar;C:\Users\HP\.m2\repository\io\micrometer\micrometer-commons\1.14.2\micrometer-commons-1.14.2.jar;C:\Users\HP\.m2\repository\org\springframework\spring-webmvc\6.2.1\spring-webmvc-6.2.1.jar;C:\Users\HP\.m2\repository\org\springframework\spring-aop\6.2.1\spring-aop-6.2.1.jar;C:\Users\HP\.m2\repository\org\springframework\spring-expression\6.2.1\spring-expression-6.2.1.jar;C:\Users\HP\.m2\repository\org\springframework\kafka\spring-kafka-test\3.3.1\spring-kafka-test-3.3.1.jar;C:\Users\HP\.m2\repository\org\springframework\spring-context\6.2.1\spring-context-6.2.1.jar;C:\Users\HP\.m2\repository\org\springframework\spring-test\6.2.1\spring-test-6.2.1.jar;C:\Users\HP\.m2\repository\org\springframework\retry\spring-retry\2.0.10\spring-retry-2.0.10.jar;C:\Users\HP\.m2\repository\org\apache\zookeeper\zookeeper\3.8.4\zookeeper-3.8.4.jar;C:\Users\HP\.m2\repository\org\apache\zookeeper\zookeeper-jute\3.8.4\zookeeper-jute-3.8.4.jar;C:\Users\HP\.m2\repository\org\apache\yetus\audience-annotations\0.12.0\audience-annotations-0.12.0.jar;C:\Users\HP\.m2\repository\io\netty\netty-handler\4.1.116.Final\netty-handler-4.1.116.Final.jar;C:\Users\HP\.m2\repository\io\netty\netty-common\4.1.116.Final\netty-common-4.1.116.Final.jar;C:\Users\HP\.m2\repository\io\netty\netty-resolver\4.1.116.Final\netty-resolver-4.1.116.Final.jar;C:\Users\HP\.m2\repository\io\netty\netty-buffer\4.1.116.Final\netty-buffer-4.1.116.Final.jar;C:\Users\HP\.m2\repository\io\netty\netty-transport\4.1.116.Final\netty-transport-4.1.116.Final.jar;C:\Users\HP\.m2\repository\io\netty\netty-transport-native-unix-common\4.1.116.Final\netty-transport-native-unix-common-4.1.116.Final.jar;C:\Users\HP\.m2\repository\io\netty\netty-codec\4.1.116.Final\netty-codec-4.1.116.Final.jar;C:\Users\HP\.m2\repository\io\netty\netty-transport-native-epoll\4.1.116.Final\netty-transport-native-epoll-4.1.116.Final.jar;C:\Users\HP\.m2\repository\io\netty\netty-transport-classes-epoll\4.1.116.Final\netty-transport-classes-epoll-4.1.116.Final.jar;C:\Users\HP\.m2\repository\org\slf4j\slf4j-api\2.0.16\slf4j-api-2.0.16.jar;C:\Users\HP\.m2\repository\ch\qos\logback\logback-core\1.5.12\logback-core-1.5.12.jar;C:\Users\HP\.m2\repository\ch\qos\logback\logback-classic\1.5.12\logback-classic-1.5.12.jar;C:\Users\HP\.m2\repository\commons-io\commons-io\2.11.0\commons-io-2.11.0.jar;C:\Users\HP\.m2\repository\org\apache\kafka\kafka-clients\3.8.1\kafka-clients-3.8.1-test.jar;C:\Users\HP\.m2\repository\com\github\luben\zstd-jni\1.5.6-4\zstd-jni-1.5.6-4.jar;C:\Users\HP\.m2\repository\org\lz4\lz4-java\1.8.0\lz4-java-1.8.0.jar;C:\Users\HP\.m2\repository\org\xerial\snappy\snappy-java\1.1.10.5\snappy-java-1.1.10.5.jar;C:\Users\HP\.m2\repository\org\apache\kafka\kafka-server\3.8.1\kafka-server-3.8.1.jar;C:\Users\HP\.m2\repository\org\apache\kafka\kafka-clients\3.8.1\kafka-clients-3.8.1.jar;C:\Users\HP\.m2\repository\org\apache\kafka\kafka-group-coordinator\3.8.1\kafka-group-coordinator-3.8.1.jar;C:\Users\HP\.m2\repository\org\apache\kafka\kafka-transaction-coordinator\3.8.1\kafka-transaction-coordinator-3.8.1.jar;C:\Users\HP\.m2\repository\org\apache\kafka\kafka-raft\3.8.1\kafka-raft-3.8.1.jar;C:\Users\HP\.m2\repository\com\yammer\metrics\metrics-core\2.2.0\metrics-core-2.2.0.jar;C:\Users\HP\.m2\repository\org\apache\kafka\kafka-metadata\3.8.1\kafka-metadata-3.8.1.jar;C:\Users\HP\.m2\repository\org\apache\kafka\kafka-server-common\3.8.1\kafka-server-common-3.8.1.jar;C:\Users\HP\.m2\repository\net\sf\jopt-simple\jopt-simple\5.0.4\jopt-simple-5.0.4.jar;C:\Users\HP\.m2\repository\org\pcollections\pcollections\4.0.1\pcollections-4.0.1.jar;C:\Users\HP\.m2\repository\org\apache\kafka\kafka-server-common\3.8.1\kafka-server-common-3.8.1-test.jar;C:\Users\HP\.m2\repository\org\apache\kafka\kafka-streams-test-utils\3.8.1\kafka-streams-test-utils-3.8.1.jar;C:\Users\HP\.m2\repository\org\apache\kafka\kafka-streams\3.8.1\kafka-streams-3.8.1.jar;C:\Users\HP\.m2\repository\org\rocksdb\rocksdbjni\7.9.2\rocksdbjni-7.9.2.jar;C:\Users\HP\.m2\repository\org\apache\kafka\kafka_2.13\3.8.1\kafka_2.13-3.8.1.jar;C:\Users\HP\.m2\repository\org\scala-lang\scala-library\2.13.14\scala-library-2.13.14.jar;C:\Users\HP\.m2\repository\org\apache\kafka\kafka-group-coordinator-api\3.8.1\kafka-group-coordinator-api-3.8.1.jar;C:\Users\HP\.m2\repository\org\apache\kafka\kafka-storage-api\3.8.1\kafka-storage-api-3.8.1.jar;C:\Users\HP\.m2\repository\org\apache\kafka\kafka-tools-api\3.8.1\kafka-tools-api-3.8.1.jar;C:\Users\HP\.m2\repository\org\apache\kafka\kafka-storage\3.8.1\kafka-storage-3.8.1.jar;C:\Users\HP\.m2\repository\com\github\ben-manes\caffeine\caffeine\3.1.8\caffeine-3.1.8.jar;C:\Users\HP\.m2\repository\org\checkerframework\checker-qual\3.37.0\checker-qual-3.37.0.jar;C:\Users\HP\.m2\repository\com\google\errorprone\error_prone_annotations\2.21.1\error_prone_annotations-2.21.1.jar;C:\Users\HP\.m2\repository\net\sourceforge\argparse4j\argparse4j\0.7.0\argparse4j-0.7.0.jar;C:\Users\HP\.m2\repository\commons-validator\commons-validator\1.7\commons-validator-1.7.jar;C:\Users\HP\.m2\repository\commons-beanutils\commons-beanutils\1.9.4\commons-beanutils-1.9.4.jar;C:\Users\HP\.m2\repository\commons-digester\commons-digester\2.1\commons-digester-2.1.jar;C:\Users\HP\.m2\repository\commons-collections\commons-collections\3.2.2\commons-collections-3.2.2.jar;C:\Users\HP\.m2\repository\com\fasterxml\jackson\module\jackson-module-scala_2.13\2.18.2\jackson-module-scala_2.13-2.18.2.jar;C:\Users\HP\.m2\repository\com\thoughtworks\paranamer\paranamer\2.8\paranamer-2.8.jar;C:\Users\HP\.m2\repository\com\fasterxml\jackson\dataformat\jackson-dataformat-csv\2.18.2\jackson-dataformat-csv-2.18.2.jar;C:\Users\HP\.m2\repository\org\bitbucket\b_c\jose4j\0.9.4\jose4j-0.9.4.jar;C:\Users\HP\.m2\repository\org\scala-lang\modules\scala-collection-compat_2.13\2.10.0\scala-collection-compat_2.13-2.10.0.jar;C:\Users\HP\.m2\repository\org\scala-lang\modules\scala-java8-compat_2.13\1.0.2\scala-java8-compat_2.13-1.0.2.jar;C:\Users\HP\.m2\repository\org\scala-lang\scala-reflect\2.13.14\scala-reflect-2.13.14.jar;C:\Users\HP\.m2\repository\com\typesafe\scala-logging\scala-logging_2.13\3.9.4\scala-logging_2.13-3.9.4.jar;C:\Users\HP\.m2\repository\io\dropwizard\metrics\metrics-core\4.1.12.1\metrics-core-4.1.12.1.jar;C:\Users\HP\.m2\repository\commons-cli\commons-cli\1.4\commons-cli-1.4.jar;C:\Users\HP\.m2\repository\org\apache\kafka\kafka_2.13\3.8.1\kafka_2.13-3.8.1-test.jar;C:\Users\HP\.m2\repository\org\junit\jupiter\junit-jupiter-api\5.11.4\junit-jupiter-api-5.11.4.jar;C:\Users\HP\.m2\repository\org\opentest4j\opentest4j\1.3.0\opentest4j-1.3.0.jar;C:\Users\HP\.m2\repository\org\junit\platform\junit-platform-commons\1.11.4\junit-platform-commons-1.11.4.jar;C:\Users\HP\.m2\repository\org\apiguardian\apiguardian-api\1.1.2\apiguardian-api-1.1.2.jar;C:\Users\HP\.m2\repository\org\junit\platform\junit-platform-launcher\1.11.4\junit-platform-launcher-1.11.4.jar;C:\Users\HP\.m2\repository\org\junit\platform\junit-platform-engine\1.11.4\junit-platform-engine-1.11.4.jar;C:\Users\HP\.m2\repository\org\springframework\cloud\spring-cloud-stream-test-binder\4.2.0\spring-cloud-stream-test-binder-4.2.0.jar;C:\Users\HP\.m2\repository\org\springframework\cloud\spring-cloud-stream\4.2.0\spring-cloud-stream-4.2.0.jar;C:\Users\HP\.m2\repository\org\springframework\boot\spring-boot-starter-validation\3.4.1\spring-boot-starter-validation-3.4.1.jar;C:\Users\HP\.m2\repository\org\hibernate\validator\hibernate-validator\8.0.2.Final\hibernate-validator-8.0.2.Final.jar;C:\Users\HP\.m2\repository\jakarta\validation\jakarta.validation-api\3.0.2\jakarta.validation-api-3.0.2.jar;C:\Users\HP\.m2\repository\org\jboss\logging\jboss-logging\3.6.1.Final\jboss-logging-3.6.1.Final.jar;C:\Users\HP\.m2\repository\com\fasterxml\classmate\1.7.0\classmate-1.7.0.jar;C:\Users\HP\.m2\repository\org\springframework\spring-messaging\6.2.1\spring-messaging-6.2.1.jar;C:\Users\HP\.m2\repository\org\springframework\integration\spring-integration-core\6.4.1\spring-integration-core-6.4.1.jar;C:\Users\HP\.m2\repository\io\projectreactor\reactor-core\3.7.1\reactor-core-3.7.1.jar;C:\Users\HP\.m2\repository\org\reactivestreams\reactive-streams\1.0.4\reactive-streams-1.0.4.jar;C:\Users\HP\.m2\repository\org\springframework\integration\spring-integration-jmx\6.4.1\spring-integration-jmx-6.4.1.jar;C:\Users\HP\.m2\repository\org\springframework\cloud\spring-cloud-function-context\4.2.0\spring-cloud-function-context-4.2.0.jar;C:\Users\HP\.m2\repository\org\springframework\cloud\spring-cloud-function-core\4.2.0\spring-cloud-function-core-4.2.0.jar;C:\Users\HP\.m2\repository\org\springframework\boot\spring-boot-starter-test\3.4.1\spring-boot-starter-test-3.4.1.jar;C:\Users\HP\.m2\repository\org\springframework\boot\spring-boot-test\3.4.1\spring-boot-test-3.4.1.jar;C:\Users\HP\.m2\repository\org\springframework\boot\spring-boot-test-autoconfigure\3.4.1\spring-boot-test-autoconfigure-3.4.1.jar;C:\Users\HP\.m2\repository\com\jayway\jsonpath\json-path\2.9.0\json-path-2.9.0.jar;C:\Users\HP\.m2\repository\jakarta\xml\bind\jakarta.xml.bind-api\4.0.2\jakarta.xml.bind-api-4.0.2.jar;C:\Users\HP\.m2\repository\jakarta\activation\jakarta.activation-api\2.1.3\jakarta.activation-api-2.1.3.jar;C:\Users\HP\.m2\repository\net\minidev\json-smart\2.5.1\json-smart-2.5.1.jar;C:\Users\HP\.m2\repository\net\minidev\accessors-smart\2.5.1\accessors-smart-2.5.1.jar;C:\Users\HP\.m2\repository\org\ow2\asm\asm\9.6\asm-9.6.jar;C:\Users\HP\.m2\repository\org\assertj\assertj-core\3.26.3\assertj-core-3.26.3.jar;C:\Users\HP\.m2\repository\net\bytebuddy\byte-buddy\1.15.11\byte-buddy-1.15.11.jar;C:\Users\HP\.m2\repository\org\awaitility\awaitility\4.2.2\awaitility-4.2.2.jar;C:\Users\HP\.m2\repository\org\hamcrest\hamcrest\2.2\hamcrest-2.2.jar;C:\Users\HP\.m2\repository\org\junit\jupiter\junit-jupiter\5.11.4\junit-jupiter-5.11.4.jar;C:\Users\HP\.m2\repository\org\junit\jupiter\junit-jupiter-params\5.11.4\junit-jupiter-params-5.11.4.jar;C:\Users\HP\.m2\repository\org\junit\jupiter\junit-jupiter-engine\5.11.4\junit-jupiter-engine-5.11.4.jar;C:\Users\HP\.m2\repository\org\mockito\mockito-core\5.14.2\mockito-core-5.14.2.jar;C:\Users\HP\.m2\repository\net\bytebuddy\byte-buddy-agent\1.15.11\byte-buddy-agent-1.15.11.jar;C:\Users\HP\.m2\repository\org\objenesis\objenesis\3.3\objenesis-3.3.jar;C:\Users\HP\.m2\repository\org\mockito\mockito-junit-jupiter\5.14.2\mockito-junit-jupiter-5.14.2.jar;C:\Users\HP\.m2\repository\org\skyscreamer\jsonassert\1.5.3\jsonassert-1.5.3.jar;C:\Users\HP\.m2\repository\com\vaadin\external\google\android-json\0.0.20131108.vaadin1\android-json-0.0.20131108.vaadin1.jar;C:\Users\HP\.m2\repository\org\xmlunit\xmlunit-core\2.10.0\xmlunit-core-2.10.0.jar;C:\Users\HP\.m2\repository\elmerjani\mohamed\cashcard-transaction-sink\0.0.1-SNAPSHOT\cashcard-transaction-sink-0.0.1-SNAPSHOT.jar;C:\Users\HP\.m2\repository\org\springframework\cloud\spring-cloud-stream-binder-kafka\4.2.0\spring-cloud-stream-binder-kafka-4.2.0.jar;C:\Users\HP\.m2\repository\org\springframework\cloud\spring-cloud-stream-binder-kafka-core\4.2.0\spring-cloud-stream-binder-kafka-core-4.2.0.jar;C:\Users\HP\.m2\repository\org\springframework\integration\spring-integration-kafka\6.4.1\spring-integration-kafka-6.4.1.jar;C:\Users\HP\.m2\repository\org\springframework\kafka\spring-kafka\3.3.1\spring-kafka-3.3.1.jar;C:\Users\HP\.m2\repository\org\springframework\spring-tx\6.2.1\spring-tx-6.2.1.jar;C:\Users\HP\.m2\repository\elmerjani\mohamed\cashcard-transaction-source\0.0.1-SNAPSHOT\cashcard-transaction-source-0.0.1-SNAPSHOT.jar;C:\Users\HP\.m2\repository\elmerjani\mohamed\cashcard-transaction-enricher\0.0.1-SNAPSHOT\cashcard-transaction-enricher-0.0.1-SNAPSHOT.jar;C:\Users\HP\.m2\repository\elmerjani\mohamed\cashcard-transaction-domain\0.1.0\cashcard-transaction-domain-0.1.0.jar;C:\Users\HP\.m2\repository\org\springframework\boot\spring-boot-testcontainers\3.4.1\spring-boot-testcontainers-3.4.1.jar;C:\Users\HP\.m2\repository\org\springframework\boot\spring-boot-autoconfigure\3.4.1\spring-boot-autoconfigure-3.4.1.jar;C:\Users\HP\.m2\repository\org\testcontainers\testcontainers\1.20.4\testcontainers-1.20.4.jar;C:\Users\HP\.m2\repository\junit\junit\4.13.2\junit-4.13.2.jar;C:\Users\HP\.m2\repository\org\hamcrest\hamcrest-core\2.2\hamcrest-core-2.2.jar;C:\Users\HP\.m2\repository\org\apache\commons\commons-compress\1.24.0\commons-compress-1.24.0.jar;C:\Users\HP\.m2\repository\org\rnorth\duct-tape\duct-tape\1.0.8\duct-tape-1.0.8.jar;C:\Users\HP\.m2\repository\org\jetbrains\annotations\17.0.0\annotations-17.0.0.jar;C:\Users\HP\.m2\repository\com\github\docker-java\docker-java-api\3.4.0\docker-java-api-3.4.0.jar;C:\Users\HP\.m2\repository\com\github\docker-java\docker-java-transport-zerodep\3.4.0\docker-java-transport-zerodep-3.4.0.jar;C:\Users\HP\.m2\repository\com\github\docker-java\docker-java-transport\3.4.0\docker-java-transport-3.4.0.jar;C:\Users\HP\.m2\repository\net\java\dev\jna\jna\5.13.0\jna-5.13.0.jar;C:\Users\HP\.m2\repository\org\testcontainers\kafka\1.20.4\kafka-1.20.4.jar;"/>
    <property name="sun.cpu.endian" value="little"/>
    <property name="user.home" value="C:\Users\HP"/>
    <property name="user.language" value="en"/>
    <property name="java.specification.vendor" value="Oracle Corporation"/>
    <property name="spring.embedded.kafka.brokers" value="127.0.0.1:59812"/>
    <property name="java.version.date" value="2024-07-16"/>
    <property name="java.home" value="C:\Program Files\Java\jdk-17.0.12"/>
    <property name="zookeeper.forceSync" value="no"/>
    <property name="file.separator" value="\"/>
    <property name="basedir" value="D:\mohamed el merjani\java project\event-driven-app\cashcard-transaction-e2e-tests"/>
    <property name="java.vm.compressedOopsMode" value="Zero based"/>
    <property name="line.separator" value="&#10;"/>
    <property name="java.vm.specification.vendor" value="Oracle Corporation"/>
    <property name="java.specification.name" value="Java Platform API Specification"/>
    <property name="FILE_LOG_CHARSET" value="windows-1252"/>
    <property name="java.awt.headless" value="true"/>
    <property name="surefire.real.class.path" value="C:\Users\HP\AppData\Local\Temp\surefire5642540992485317278\surefirebooter-20250112025228564_3.jar"/>
    <property name="user.script" value=""/>
    <property name="sun.management.compiler" value="HotSpot 64-Bit Tiered Compilers"/>
    <property name="java.runtime.version" value="17.0.12+8-LTS-286"/>
    <property name="user.name" value="HP"/>
    <property name="path.separator" value=";"/>
    <property name="os.version" value="10.0"/>
    <property name="java.runtime.name" value="Java(TM) SE Runtime Environment"/>
    <property name="file.encoding" value="Cp1252"/>
    <property name="java.vm.name" value="Java HotSpot(TM) 64-Bit Server VM"/>
    <property name="localRepository" value="C:\Users\HP\.m2\repository"/>
    <property name="java.vendor.url.bug" value="https://bugreport.java.com/bugreport/"/>
    <property name="java.io.tmpdir" value="C:\Users\HP\AppData\Local\Temp\"/>
    <property name="catalina.home" value="C:\Users\HP\AppData\Local\Temp\tomcat.0.11010014101136178824"/>
    <property name="java.version" value="17.0.12"/>
    <property name="spring.kafka.bootstrap-servers" value="127.0.0.1:59812"/>
    <property name="user.dir" value="D:\mohamed el merjani\java project\event-driven-app\cashcard-transaction-e2e-tests"/>
    <property name="os.arch" value="amd64"/>
    <property name="java.vm.specification.name" value="Java Virtual Machine Specification"/>
    <property name="PID" value="8664"/>
    <property name="sun.os.patch.level" value=""/>
    <property name="CONSOLE_LOG_CHARSET" value="windows-1252"/>
    <property name="catalina.base" value="C:\Users\HP\AppData\Local\Temp\tomcat.0.11010014101136178824"/>
    <property name="native.encoding" value="Cp1252"/>
    <property name="java.library.path" value="C:\Program Files\Java\jdk-17.0.12\bin;C:\WINDOWS\Sun\Java\bin;C:\WINDOWS\system32;C:\WINDOWS;C:\Python313\Scripts\;C:\Python313\;C:\Users\HP\Downloads\bin;C:\Windows\system32;C:\Windows;C:\Windows\System32\Wbem;C:\Windows\System32\WindowsPowerShell\v1.0\;C:\Windows\System32\OpenSSH\;C:\Program Files (x86)\NVIDIA Corporation\PhysX\Common;C:\Program Files\MySQL\MySQL Server 8.1\bin;C:\WINDOWS\system32;C:\WINDOWS;C:\WINDOWS\System32\Wbem;C:\WINDOWS\System32\WindowsPowerShell\v1.0\;C:\WINDOWS\System32\OpenSSH\;C:\Program Files\Git\cmd;C:\Program Files\NVIDIA Corporation\NVIDIA NvDLISR;C:\Program Files\nodejs\;C:\Program Files\minGW\bin;C:\Program Files\CMake\bin;C:\Program Files\PostgreSQL\16\bin;C:\Program Files\Java\jdk-17.0.12\bin;C:\Program Files (x86)\Microsoft SQL Server\160\Tools\Binn\;C:\Program Files\Microsoft SQL Server\160\Tools\Binn\;C:\Program Files\Microsoft SQL Server\Client SDK\ODBC\170\Tools\Binn\;C:\Program Files\Microsoft SQL Server\160\DTS\Binn\;C:\Program Files (x86)\Microsoft SQL Server\160\DTS\Binn\;C:\Program Files\Microsoft SQL Server\150\Tools\Binn\;C:\Program Files\Microsoft SQL Server\130\DTS\Binn\;C:\Program Files\Microsoft SQL Server\140\DTS\Binn\;C:\Program Files\Microsoft SQL Server\150\DTS\Binn\;C:\ProgramData\chocolatey\bin;C:\Program Files\Docker\Docker\resources\bin;C:\Program Files\Apache\Maven\apache-maven-3.9.9\bin;C:\Users\HP\anaconda3;C:\Users\HP\anaconda3\Library\mingw-w64\bin;C:\Users\HP\anaconda3\Library\usr\bin;C:\Users\HP\anaconda3\Library\bin;C:\Users\HP\anaconda3\Scripts;C:\Users\HP\AppData\Local\Programs\Python\Python311\Scripts\;C:\Users\HP\AppData\Local\Programs\Python\Python311\;C:\Users\HP\AppData\Local\Microsoft\WindowsApps;C:\Program Files\MySQL\MySQL Server 8.1\bin;C:\Program Files\JetBrains\IntelliJ IDEA 2023.3\bin;C:\Program Files\JetBrains\IntelliJ IDEA Community Edition 2023.3\bin;C:\Users\HP\AppData\Roaming\npm;D:\Microsoft VS Code\bin;C:\Users\HP\AppData\Local\atom\bin;C:\Users\HP\AppData\Local\Microsoft\WindowsApps;;C:\Program Files\JetBrains\IntelliJ IDEA Community Edition 2024.2.3\bin;;C:\Program Files\JetBrains\IntelliJ IDEA 2024.2.4\bin;;D:\texlive\2024\bin\windows;."/>
    <property name="java.vm.info" value="mixed mode, sharing"/>
    <property name="java.vendor" value="Oracle Corporation"/>
    <property name="spring.embedded.zookeeper.connect" value="127.0.0.1:59810"/>
    <property name="java.vm.version" value="17.0.12+8-LTS-286"/>
    <property name="sun.io.unicode.encoding" value="UnicodeLittle"/>
    <property name="java.class.version" value="61.0"/>
    <property name="LOGGED_APPLICATION_NAME" value="[cashcard-transaction-sink] "/>
  </properties>
  <testcase name="cashCardTransactionStreamEndToEnd" classname="cashcard.e2e.test.CashCardTransactionStreamE2EContainerTests" time="0.94">
    <system-out><![CDATA[
  .   ____          _            __ _ _
 /\\ / ___'_ __ _ _(_)_ __  __ _ \ \ \ \
( ( )\___ | '_ | '_| | '_ \/ _` | \ \ \ \
 \\/  ___)| |_)| | | | | || (_| |  ) ) ) )
  '  |____| .__|_| |_|_| |_\__, | / / / /
 =========|_|==============|___/=/_/_/_/

 :: Spring Boot ::                (v3.4.1)

2025-01-12T02:52:49.958+01:00  INFO 8664 --- [cashcard-transaction-sink] [           main] shCardTransactionStreamE2EContainerTests : Starting CashCardTransactionStreamE2EContainerTests using Java 17.0.12 with PID 8664 (started by HP in D:\mohamed el merjani\java project\event-driven-app\cashcard-transaction-e2e-tests)
2025-01-12T02:52:49.959+01:00  INFO 8664 --- [cashcard-transaction-sink] [           main] shCardTransactionStreamE2EContainerTests : No active profile set, falling back to 1 default profile: "default"
2025-01-12T02:52:50.171+01:00  INFO 8664 --- [cashcard-transaction-sink] [           main] faultConfiguringBeanFactoryPostProcessor : No bean named 'errorChannel' has been explicitly defined. Therefore, a default PublishSubscribeChannel will be created.
2025-01-12T02:52:50.171+01:00  INFO 8664 --- [cashcard-transaction-sink] [           main] faultConfiguringBeanFactoryPostProcessor : No bean named 'integrationHeaderChannelRegistry' has been explicitly defined. Therefore, a default DefaultHeaderChannelRegistry will be created.
2025-01-12T02:52:50.251+01:00  INFO 8664 --- [cashcard-transaction-sink] [           main] org.testcontainers.images.PullPolicy     : Image pull policy will be performed by: DefaultPullPolicy()
2025-01-12T02:52:50.253+01:00  INFO 8664 --- [cashcard-transaction-sink] [           main] o.t.utility.ImageNameSubstitutor         : Image name substitution will be performed by: DefaultImageNameSubstitutor (composite of 'ConfigurationFileImageNameSubstitutor' and 'PrefixingImageNameSubstitutor')
2025-01-12T02:52:50.284+01:00  INFO 8664 --- [cashcard-transaction-sink] [           main] org.testcontainers.DockerClientFactory   : Testcontainers version: 1.20.4
2025-01-12T02:52:50.604+01:00  INFO 8664 --- [cashcard-transaction-sink] [           main] o.t.d.DockerClientProviderStrategy       : Loaded org.testcontainers.dockerclient.NpipeSocketClientProviderStrategy from ~/.testcontainers.properties, will try it first
2025-01-12T02:52:51.208+01:00  INFO 8664 --- [cashcard-transaction-sink] [           main] o.t.d.DockerClientProviderStrategy       : Found Docker environment with local Npipe socket (npipe:////./pipe/docker_engine)
2025-01-12T02:52:51.212+01:00  INFO 8664 --- [cashcard-transaction-sink] [           main] org.testcontainers.DockerClientFactory   : Docker host IP address is localhost
2025-01-12T02:52:51.235+01:00  INFO 8664 --- [cashcard-transaction-sink] [           main] org.testcontainers.DockerClientFactory   : Connected to docker: 
  Server Version: 27.4.0
  API Version: 1.47
  Operating System: Docker Desktop
  Total Memory: 7865 MB
  Labels: 
    com.docker.desktop.address=npipe://\\.\pipe\docker_cli
2025-01-12T02:52:51.264+01:00  INFO 8664 --- [cashcard-transaction-sink] [           main] tc.testcontainers/ryuk:0.11.0            : Creating container for image: testcontainers/ryuk:0.11.0
2025-01-12T02:52:51.621+01:00  INFO 8664 --- [cashcard-transaction-sink] [           main] tc.testcontainers/ryuk:0.11.0            : Container testcontainers/ryuk:0.11.0 is starting: 7ed1b782adedfbad77f83f85bdc2e484d3e9e6643a2bfcca9039ad16c00dbf8b
2025-01-12T02:52:52.708+01:00  INFO 8664 --- [cashcard-transaction-sink] [           main] tc.testcontainers/ryuk:0.11.0            : Container testcontainers/ryuk:0.11.0 started in PT1.4444218S
2025-01-12T02:52:52.714+01:00  INFO 8664 --- [cashcard-transaction-sink] [           main] o.t.utility.RyukResourceReaper           : Ryuk started - will monitor and terminate Testcontainers containers on JVM exit
2025-01-12T02:52:52.714+01:00  INFO 8664 --- [cashcard-transaction-sink] [           main] org.testcontainers.DockerClientFactory   : Checking the system...
2025-01-12T02:52:52.715+01:00  INFO 8664 --- [cashcard-transaction-sink] [           main] org.testcontainers.DockerClientFactory   : ?? Docker server version should be at least 1.6.0
2025-01-12T02:52:52.717+01:00  INFO 8664 --- [cashcard-transaction-sink] [           main] tc.confluentinc/cp-kafka:latest          : Creating container for image: confluentinc/cp-kafka:latest
2025-01-12T02:52:53.168+01:00  INFO 8664 --- [cashcard-transaction-sink] [           main] tc.confluentinc/cp-kafka:latest          : Container confluentinc/cp-kafka:latest is starting: 3de34e0cbc3d47e5ba240173608bd22bb182b80efd511599ad0ced287592b5bd
2025-01-12T02:53:05.532+01:00  INFO 8664 --- [cashcard-transaction-sink] [           main] tc.confluentinc/cp-kafka:latest          : Container confluentinc/cp-kafka:latest started in PT12.8145518S
2025-01-12T02:53:05.857+01:00  INFO 8664 --- [cashcard-transaction-sink] [           main] o.s.c.s.binder.DefaultBinderFactory      : Creating binder: kafka
2025-01-12T02:53:05.858+01:00  INFO 8664 --- [cashcard-transaction-sink] [           main] o.s.c.s.binder.DefaultBinderFactory      : Constructing binder child context for kafka
2025-01-12T02:53:05.905+01:00  INFO 8664 --- [cashcard-transaction-sink] [           main] o.s.c.s.binder.DefaultBinderFactory      : Caching the binder: kafka
2025-01-12T02:53:05.906+01:00  INFO 8664 --- [cashcard-transaction-sink] [           main] o.s.c.s.m.DirectWithAttributesChannel    : Channel 'cashcard-transaction-sink.enrichTransaction-in-0' has 1 subscriber(s).
2025-01-12T02:53:05.906+01:00  INFO 8664 --- [cashcard-transaction-sink] [           main] o.s.c.s.m.DirectWithAttributesChannel    : Channel 'cashcard-transaction-sink.cashCardTransactionFileSink-in-0' has 1 subscriber(s).
2025-01-12T02:53:05.972+01:00  INFO 8664 --- [cashcard-transaction-sink] [           main] o.s.i.endpoint.EventDrivenConsumer       : Adding {logging-channel-adapter:_org.springframework.integration.errorLogger} as a subscriber to the 'errorChannel' channel
2025-01-12T02:53:05.972+01:00  INFO 8664 --- [cashcard-transaction-sink] [           main] o.s.i.channel.PublishSubscribeChannel    : Channel 'cashcard-transaction-sink.errorChannel' has 1 subscriber(s).
2025-01-12T02:53:05.972+01:00  INFO 8664 --- [cashcard-transaction-sink] [           main] o.s.i.endpoint.EventDrivenConsumer       : started bean '_org.springframework.integration.errorLogger'
2025-01-12T02:53:05.972+01:00  INFO 8664 --- [cashcard-transaction-sink] [           main] o.s.i.endpoint.EventDrivenConsumer       : Adding {router} as a subscriber to the 'approvalRequest_integrationflow.channel#0' channel
2025-01-12T02:53:05.972+01:00  INFO 8664 --- [cashcard-transaction-sink] [           main] o.s.integration.channel.DirectChannel    : Channel 'cashcard-transaction-sink.approvalRequest_integrationflow.channel#0' has 1 subscriber(s).
2025-01-12T02:53:05.972+01:00  INFO 8664 --- [cashcard-transaction-sink] [           main] o.s.i.endpoint.EventDrivenConsumer       : started bean 'approvalRequest_integrationflow.org.springframework.integration.config.ConsumerEndpointFactoryBean#0'
2025-01-12T02:53:05.977+01:00  INFO 8664 --- [cashcard-transaction-sink] [           main] o.s.c.s.b.k.p.KafkaTopicProvisioner      : Using kafka topic for outbound: approval-requests
2025-01-12T02:53:05.978+01:00  INFO 8664 --- [cashcard-transaction-sink] [           main] o.a.k.clients.admin.AdminClientConfig    : AdminClientConfig values: 
	auto.include.jmx.reporter = true
	bootstrap.controllers = []
	bootstrap.servers = [localhost:59840]
	client.dns.lookup = use_all_dns_ips
	client.id = 
	connections.max.idle.ms = 300000
	default.api.timeout.ms = 60000
	enable.metrics.push = true
	metadata.max.age.ms = 300000
	metadata.recovery.strategy = none
	metric.reporters = []
	metrics.num.samples = 2
	metrics.recording.level = INFO
	metrics.sample.window.ms = 30000
	receive.buffer.bytes = 65536
	reconnect.backoff.max.ms = 1000
	reconnect.backoff.ms = 50
	request.timeout.ms = 30000
	retries = 2147483647
	retry.backoff.max.ms = 1000
	retry.backoff.ms = 100
	sasl.client.callback.handler.class = null
	sasl.jaas.config = null
	sasl.kerberos.kinit.cmd = /usr/bin/kinit
	sasl.kerberos.min.time.before.relogin = 60000
	sasl.kerberos.service.name = null
	sasl.kerberos.ticket.renew.jitter = 0.05
	sasl.kerberos.ticket.renew.window.factor = 0.8
	sasl.login.callback.handler.class = null
	sasl.login.class = null
	sasl.login.connect.timeout.ms = null
	sasl.login.read.timeout.ms = null
	sasl.login.refresh.buffer.seconds = 300
	sasl.login.refresh.min.period.seconds = 60
	sasl.login.refresh.window.factor = 0.8
	sasl.login.refresh.window.jitter = 0.05
	sasl.login.retry.backoff.max.ms = 10000
	sasl.login.retry.backoff.ms = 100
	sasl.mechanism = GSSAPI
	sasl.oauthbearer.clock.skew.seconds = 30
	sasl.oauthbearer.expected.audience = null
	sasl.oauthbearer.expected.issuer = null
	sasl.oauthbearer.jwks.endpoint.refresh.ms = 3600000
	sasl.oauthbearer.jwks.endpoint.retry.backoff.max.ms = 10000
	sasl.oauthbearer.jwks.endpoint.retry.backoff.ms = 100
	sasl.oauthbearer.jwks.endpoint.url = null
	sasl.oauthbearer.scope.claim.name = scope
	sasl.oauthbearer.sub.claim.name = sub
	sasl.oauthbearer.token.endpoint.url = null
	security.protocol = PLAINTEXT
	security.providers = null
	send.buffer.bytes = 131072
	socket.connection.setup.timeout.max.ms = 30000
	socket.connection.setup.timeout.ms = 10000
	ssl.cipher.suites = null
	ssl.enabled.protocols = [TLSv1.2, TLSv1.3]
	ssl.endpoint.identification.algorithm = https
	ssl.engine.factory.class = null
	ssl.key.password = null
	ssl.keymanager.algorithm = SunX509
	ssl.keystore.certificate.chain = null
	ssl.keystore.key = null
	ssl.keystore.location = null
	ssl.keystore.password = null
	ssl.keystore.type = JKS
	ssl.protocol = TLSv1.3
	ssl.provider = null
	ssl.secure.random.implementation = null
	ssl.trustmanager.algorithm = PKIX
	ssl.truststore.certificates = null
	ssl.truststore.location = null
	ssl.truststore.password = null
	ssl.truststore.type = JKS

2025-01-12T02:53:05.981+01:00  INFO 8664 --- [cashcard-transaction-sink] [           main] o.a.kafka.common.utils.AppInfoParser     : Kafka version: 3.8.1
2025-01-12T02:53:05.981+01:00  INFO 8664 --- [cashcard-transaction-sink] [           main] o.a.kafka.common.utils.AppInfoParser     : Kafka commitId: 70d6ff42debf7e17
2025-01-12T02:53:05.981+01:00  INFO 8664 --- [cashcard-transaction-sink] [           main] o.a.kafka.common.utils.AppInfoParser     : Kafka startTimeMs: 1736646785980
2025-01-12T02:53:06.112+01:00  INFO 8664 --- [cashcard-transaction-sink] [| adminclient-6] o.a.kafka.common.utils.AppInfoParser     : App info kafka.admin.client for adminclient-6 unregistered
2025-01-12T02:53:06.113+01:00  INFO 8664 --- [cashcard-transaction-sink] [| adminclient-6] o.apache.kafka.common.metrics.Metrics    : Metrics scheduler closed
2025-01-12T02:53:06.113+01:00  INFO 8664 --- [cashcard-transaction-sink] [| adminclient-6] o.apache.kafka.common.metrics.Metrics    : Closing reporter org.apache.kafka.common.metrics.JmxReporter
2025-01-12T02:53:06.114+01:00  INFO 8664 --- [cashcard-transaction-sink] [| adminclient-6] o.apache.kafka.common.metrics.Metrics    : Metrics reporters closed
2025-01-12T02:53:06.126+01:00  INFO 8664 --- [cashcard-transaction-sink] [           main] o.a.k.clients.producer.ProducerConfig    : Idempotence will be disabled because acks is set to 1, not set to 'all'.
2025-01-12T02:53:06.127+01:00  INFO 8664 --- [cashcard-transaction-sink] [           main] o.a.k.clients.producer.ProducerConfig    : ProducerConfig values: 
	acks = 1
	auto.include.jmx.reporter = true
	batch.size = 16384
	bootstrap.servers = [localhost:59840]
	buffer.memory = 33554432
	client.dns.lookup = use_all_dns_ips
	client.id = producer-3
	compression.gzip.level = -1
	compression.lz4.level = 9
	compression.type = none
	compression.zstd.level = 3
	connections.max.idle.ms = 540000
	delivery.timeout.ms = 120000
	enable.idempotence = false
	enable.metrics.push = true
	interceptor.classes = []
	key.serializer = class org.apache.kafka.common.serialization.ByteArraySerializer
	linger.ms = 0
	max.block.ms = 60000
	max.in.flight.requests.per.connection = 5
	max.request.size = 1048576
	metadata.max.age.ms = 300000
	metadata.max.idle.ms = 300000
	metadata.recovery.strategy = none
	metric.reporters = []
	metrics.num.samples = 2
	metrics.recording.level = INFO
	metrics.sample.window.ms = 30000
	partitioner.adaptive.partitioning.enable = true
	partitioner.availability.timeout.ms = 0
	partitioner.class = null
	partitioner.ignore.keys = false
	receive.buffer.bytes = 32768
	reconnect.backoff.max.ms = 1000
	reconnect.backoff.ms = 50
	request.timeout.ms = 30000
	retries = 2147483647
	retry.backoff.max.ms = 1000
	retry.backoff.ms = 100
	sasl.client.callback.handler.class = null
	sasl.jaas.config = null
	sasl.kerberos.kinit.cmd = /usr/bin/kinit
	sasl.kerberos.min.time.before.relogin = 60000
	sasl.kerberos.service.name = null
	sasl.kerberos.ticket.renew.jitter = 0.05
	sasl.kerberos.ticket.renew.window.factor = 0.8
	sasl.login.callback.handler.class = null
	sasl.login.class = null
	sasl.login.connect.timeout.ms = null
	sasl.login.read.timeout.ms = null
	sasl.login.refresh.buffer.seconds = 300
	sasl.login.refresh.min.period.seconds = 60
	sasl.login.refresh.window.factor = 0.8
	sasl.login.refresh.window.jitter = 0.05
	sasl.login.retry.backoff.max.ms = 10000
	sasl.login.retry.backoff.ms = 100
	sasl.mechanism = GSSAPI
	sasl.oauthbearer.clock.skew.seconds = 30
	sasl.oauthbearer.expected.audience = null
	sasl.oauthbearer.expected.issuer = null
	sasl.oauthbearer.jwks.endpoint.refresh.ms = 3600000
	sasl.oauthbearer.jwks.endpoint.retry.backoff.max.ms = 10000
	sasl.oauthbearer.jwks.endpoint.retry.backoff.ms = 100
	sasl.oauthbearer.jwks.endpoint.url = null
	sasl.oauthbearer.scope.claim.name = scope
	sasl.oauthbearer.sub.claim.name = sub
	sasl.oauthbearer.token.endpoint.url = null
	security.protocol = PLAINTEXT
	security.providers = null
	send.buffer.bytes = 131072
	socket.connection.setup.timeout.max.ms = 30000
	socket.connection.setup.timeout.ms = 10000
	ssl.cipher.suites = null
	ssl.enabled.protocols = [TLSv1.2, TLSv1.3]
	ssl.endpoint.identification.algorithm = https
	ssl.engine.factory.class = null
	ssl.key.password = null
	ssl.keymanager.algorithm = SunX509
	ssl.keystore.certificate.chain = null
	ssl.keystore.key = null
	ssl.keystore.location = null
	ssl.keystore.password = null
	ssl.keystore.type = JKS
	ssl.protocol = TLSv1.3
	ssl.provider = null
	ssl.secure.random.implementation = null
	ssl.trustmanager.algorithm = PKIX
	ssl.truststore.certificates = null
	ssl.truststore.location = null
	ssl.truststore.password = null
	ssl.truststore.type = JKS
	transaction.timeout.ms = 60000
	transactional.id = null
	value.serializer = class org.apache.kafka.common.serialization.ByteArraySerializer

2025-01-12T02:53:06.127+01:00  INFO 8664 --- [cashcard-transaction-sink] [           main] o.a.k.c.t.i.KafkaMetricsCollector        : initializing Kafka metrics collector
2025-01-12T02:53:06.137+01:00  INFO 8664 --- [cashcard-transaction-sink] [           main] o.a.kafka.common.utils.AppInfoParser     : Kafka version: 3.8.1
2025-01-12T02:53:06.138+01:00  INFO 8664 --- [cashcard-transaction-sink] [           main] o.a.kafka.common.utils.AppInfoParser     : Kafka commitId: 70d6ff42debf7e17
2025-01-12T02:53:06.138+01:00  INFO 8664 --- [cashcard-transaction-sink] [           main] o.a.kafka.common.utils.AppInfoParser     : Kafka startTimeMs: 1736646786137
2025-01-12T02:53:06.173+01:00  INFO 8664 --- [cashcard-transaction-sink] [ad | producer-3] org.apache.kafka.clients.Metadata        : [Producer clientId=producer-3] Cluster ID: 4L6g3nShT-eMCtK--X86sw
2025-01-12T02:53:06.174+01:00  INFO 8664 --- [cashcard-transaction-sink] [           main] o.s.c.s.m.DirectWithAttributesChannel    : Channel 'cashcard-transaction-sink.approvalRequest-out-0' has 1 subscriber(s).
2025-01-12T02:53:06.188+01:00  INFO 8664 --- [cashcard-transaction-sink] [           main] o.s.c.s.b.k.p.KafkaTopicProvisioner      : Using kafka topic for outbound: enriched-transactions
2025-01-12T02:53:06.190+01:00  INFO 8664 --- [cashcard-transaction-sink] [           main] o.a.k.clients.admin.AdminClientConfig    : AdminClientConfig values: 
	auto.include.jmx.reporter = true
	bootstrap.controllers = []
	bootstrap.servers = [localhost:59840]
	client.dns.lookup = use_all_dns_ips
	client.id = 
	connections.max.idle.ms = 300000
	default.api.timeout.ms = 60000
	enable.metrics.push = true
	metadata.max.age.ms = 300000
	metadata.recovery.strategy = none
	metric.reporters = []
	metrics.num.samples = 2
	metrics.recording.level = INFO
	metrics.sample.window.ms = 30000
	receive.buffer.bytes = 65536
	reconnect.backoff.max.ms = 1000
	reconnect.backoff.ms = 50
	request.timeout.ms = 30000
	retries = 2147483647
	retry.backoff.max.ms = 1000
	retry.backoff.ms = 100
	sasl.client.callback.handler.class = null
	sasl.jaas.config = null
	sasl.kerberos.kinit.cmd = /usr/bin/kinit
	sasl.kerberos.min.time.before.relogin = 60000
	sasl.kerberos.service.name = null
	sasl.kerberos.ticket.renew.jitter = 0.05
	sasl.kerberos.ticket.renew.window.factor = 0.8
	sasl.login.callback.handler.class = null
	sasl.login.class = null
	sasl.login.connect.timeout.ms = null
	sasl.login.read.timeout.ms = null
	sasl.login.refresh.buffer.seconds = 300
	sasl.login.refresh.min.period.seconds = 60
	sasl.login.refresh.window.factor = 0.8
	sasl.login.refresh.window.jitter = 0.05
	sasl.login.retry.backoff.max.ms = 10000
	sasl.login.retry.backoff.ms = 100
	sasl.mechanism = GSSAPI
	sasl.oauthbearer.clock.skew.seconds = 30
	sasl.oauthbearer.expected.audience = null
	sasl.oauthbearer.expected.issuer = null
	sasl.oauthbearer.jwks.endpoint.refresh.ms = 3600000
	sasl.oauthbearer.jwks.endpoint.retry.backoff.max.ms = 10000
	sasl.oauthbearer.jwks.endpoint.retry.backoff.ms = 100
	sasl.oauthbearer.jwks.endpoint.url = null
	sasl.oauthbearer.scope.claim.name = scope
	sasl.oauthbearer.sub.claim.name = sub
	sasl.oauthbearer.token.endpoint.url = null
	security.protocol = PLAINTEXT
	security.providers = null
	send.buffer.bytes = 131072
	socket.connection.setup.timeout.max.ms = 30000
	socket.connection.setup.timeout.ms = 10000
	ssl.cipher.suites = null
	ssl.enabled.protocols = [TLSv1.2, TLSv1.3]
	ssl.endpoint.identification.algorithm = https
	ssl.engine.factory.class = null
	ssl.key.password = null
	ssl.keymanager.algorithm = SunX509
	ssl.keystore.certificate.chain = null
	ssl.keystore.key = null
	ssl.keystore.location = null
	ssl.keystore.password = null
	ssl.keystore.type = JKS
	ssl.protocol = TLSv1.3
	ssl.provider = null
	ssl.secure.random.implementation = null
	ssl.trustmanager.algorithm = PKIX
	ssl.truststore.certificates = null
	ssl.truststore.location = null
	ssl.truststore.password = null
	ssl.truststore.type = JKS

2025-01-12T02:53:06.193+01:00  INFO 8664 --- [cashcard-transaction-sink] [           main] o.a.kafka.common.utils.AppInfoParser     : Kafka version: 3.8.1
2025-01-12T02:53:06.193+01:00  INFO 8664 --- [cashcard-transaction-sink] [           main] o.a.kafka.common.utils.AppInfoParser     : Kafka commitId: 70d6ff42debf7e17
2025-01-12T02:53:06.193+01:00  INFO 8664 --- [cashcard-transaction-sink] [           main] o.a.kafka.common.utils.AppInfoParser     : Kafka startTimeMs: 1736646786193
2025-01-12T02:53:06.261+01:00  INFO 8664 --- [cashcard-transaction-sink] [| adminclient-7] o.a.kafka.common.utils.AppInfoParser     : App info kafka.admin.client for adminclient-7 unregistered
2025-01-12T02:53:06.263+01:00  INFO 8664 --- [cashcard-transaction-sink] [| adminclient-7] o.apache.kafka.common.metrics.Metrics    : Metrics scheduler closed
2025-01-12T02:53:06.263+01:00  INFO 8664 --- [cashcard-transaction-sink] [| adminclient-7] o.apache.kafka.common.metrics.Metrics    : Closing reporter org.apache.kafka.common.metrics.JmxReporter
2025-01-12T02:53:06.263+01:00  INFO 8664 --- [cashcard-transaction-sink] [| adminclient-7] o.apache.kafka.common.metrics.Metrics    : Metrics reporters closed
2025-01-12T02:53:06.270+01:00  INFO 8664 --- [cashcard-transaction-sink] [           main] o.a.k.clients.producer.ProducerConfig    : Idempotence will be disabled because acks is set to 1, not set to 'all'.
2025-01-12T02:53:06.271+01:00  INFO 8664 --- [cashcard-transaction-sink] [           main] o.a.k.clients.producer.ProducerConfig    : ProducerConfig values: 
	acks = 1
	auto.include.jmx.reporter = true
	batch.size = 16384
	bootstrap.servers = [localhost:59840]
	buffer.memory = 33554432
	client.dns.lookup = use_all_dns_ips
	client.id = producer-4
	compression.gzip.level = -1
	compression.lz4.level = 9
	compression.type = none
	compression.zstd.level = 3
	connections.max.idle.ms = 540000
	delivery.timeout.ms = 120000
	enable.idempotence = false
	enable.metrics.push = true
	interceptor.classes = []
	key.serializer = class org.apache.kafka.common.serialization.ByteArraySerializer
	linger.ms = 0
	max.block.ms = 60000
	max.in.flight.requests.per.connection = 5
	max.request.size = 1048576
	metadata.max.age.ms = 300000
	metadata.max.idle.ms = 300000
	metadata.recovery.strategy = none
	metric.reporters = []
	metrics.num.samples = 2
	metrics.recording.level = INFO
	metrics.sample.window.ms = 30000
	partitioner.adaptive.partitioning.enable = true
	partitioner.availability.timeout.ms = 0
	partitioner.class = null
	partitioner.ignore.keys = false
	receive.buffer.bytes = 32768
	reconnect.backoff.max.ms = 1000
	reconnect.backoff.ms = 50
	request.timeout.ms = 30000
	retries = 2147483647
	retry.backoff.max.ms = 1000
	retry.backoff.ms = 100
	sasl.client.callback.handler.class = null
	sasl.jaas.config = null
	sasl.kerberos.kinit.cmd = /usr/bin/kinit
	sasl.kerberos.min.time.before.relogin = 60000
	sasl.kerberos.service.name = null
	sasl.kerberos.ticket.renew.jitter = 0.05
	sasl.kerberos.ticket.renew.window.factor = 0.8
	sasl.login.callback.handler.class = null
	sasl.login.class = null
	sasl.login.connect.timeout.ms = null
	sasl.login.read.timeout.ms = null
	sasl.login.refresh.buffer.seconds = 300
	sasl.login.refresh.min.period.seconds = 60
	sasl.login.refresh.window.factor = 0.8
	sasl.login.refresh.window.jitter = 0.05
	sasl.login.retry.backoff.max.ms = 10000
	sasl.login.retry.backoff.ms = 100
	sasl.mechanism = GSSAPI
	sasl.oauthbearer.clock.skew.seconds = 30
	sasl.oauthbearer.expected.audience = null
	sasl.oauthbearer.expected.issuer = null
	sasl.oauthbearer.jwks.endpoint.refresh.ms = 3600000
	sasl.oauthbearer.jwks.endpoint.retry.backoff.max.ms = 10000
	sasl.oauthbearer.jwks.endpoint.retry.backoff.ms = 100
	sasl.oauthbearer.jwks.endpoint.url = null
	sasl.oauthbearer.scope.claim.name = scope
	sasl.oauthbearer.sub.claim.name = sub
	sasl.oauthbearer.token.endpoint.url = null
	security.protocol = PLAINTEXT
	security.providers = null
	send.buffer.bytes = 131072
	socket.connection.setup.timeout.max.ms = 30000
	socket.connection.setup.timeout.ms = 10000
	ssl.cipher.suites = null
	ssl.enabled.protocols = [TLSv1.2, TLSv1.3]
	ssl.endpoint.identification.algorithm = https
	ssl.engine.factory.class = null
	ssl.key.password = null
	ssl.keymanager.algorithm = SunX509
	ssl.keystore.certificate.chain = null
	ssl.keystore.key = null
	ssl.keystore.location = null
	ssl.keystore.password = null
	ssl.keystore.type = JKS
	ssl.protocol = TLSv1.3
	ssl.provider = null
	ssl.secure.random.implementation = null
	ssl.trustmanager.algorithm = PKIX
	ssl.truststore.certificates = null
	ssl.truststore.location = null
	ssl.truststore.password = null
	ssl.truststore.type = JKS
	transaction.timeout.ms = 60000
	transactional.id = null
	value.serializer = class org.apache.kafka.common.serialization.ByteArraySerializer

2025-01-12T02:53:06.271+01:00  INFO 8664 --- [cashcard-transaction-sink] [           main] o.a.k.c.t.i.KafkaMetricsCollector        : initializing Kafka metrics collector
2025-01-12T02:53:06.277+01:00  INFO 8664 --- [cashcard-transaction-sink] [           main] o.a.kafka.common.utils.AppInfoParser     : Kafka version: 3.8.1
2025-01-12T02:53:06.277+01:00  INFO 8664 --- [cashcard-transaction-sink] [           main] o.a.kafka.common.utils.AppInfoParser     : Kafka commitId: 70d6ff42debf7e17
2025-01-12T02:53:06.277+01:00  INFO 8664 --- [cashcard-transaction-sink] [           main] o.a.kafka.common.utils.AppInfoParser     : Kafka startTimeMs: 1736646786277
2025-01-12T02:53:06.285+01:00  INFO 8664 --- [cashcard-transaction-sink] [ad | producer-4] org.apache.kafka.clients.Metadata        : [Producer clientId=producer-4] Cluster ID: 4L6g3nShT-eMCtK--X86sw
2025-01-12T02:53:06.286+01:00  INFO 8664 --- [cashcard-transaction-sink] [           main] o.s.c.s.m.DirectWithAttributesChannel    : Channel 'cashcard-transaction-sink.enrichTransaction-out-0' has 1 subscriber(s).
2025-01-12T02:53:06.288+01:00  INFO 8664 --- [cashcard-transaction-sink] [           main] o.s.i.e.SourcePollingChannelAdapter      : started bean 'approvalRequest-out-0_spca'
2025-01-12T02:53:06.298+01:00  INFO 8664 --- [cashcard-transaction-sink] [           main] o.a.k.clients.admin.AdminClientConfig    : AdminClientConfig values: 
	auto.include.jmx.reporter = true
	bootstrap.controllers = []
	bootstrap.servers = [localhost:59840]
	client.dns.lookup = use_all_dns_ips
	client.id = 
	connections.max.idle.ms = 300000
	default.api.timeout.ms = 60000
	enable.metrics.push = true
	metadata.max.age.ms = 300000
	metadata.recovery.strategy = none
	metric.reporters = []
	metrics.num.samples = 2
	metrics.recording.level = INFO
	metrics.sample.window.ms = 30000
	receive.buffer.bytes = 65536
	reconnect.backoff.max.ms = 1000
	reconnect.backoff.ms = 50
	request.timeout.ms = 30000
	retries = 2147483647
	retry.backoff.max.ms = 1000
	retry.backoff.ms = 100
	sasl.client.callback.handler.class = null
	sasl.jaas.config = null
	sasl.kerberos.kinit.cmd = /usr/bin/kinit
	sasl.kerberos.min.time.before.relogin = 60000
	sasl.kerberos.service.name = null
	sasl.kerberos.ticket.renew.jitter = 0.05
	sasl.kerberos.ticket.renew.window.factor = 0.8
	sasl.login.callback.handler.class = null
	sasl.login.class = null
	sasl.login.connect.timeout.ms = null
	sasl.login.read.timeout.ms = null
	sasl.login.refresh.buffer.seconds = 300
	sasl.login.refresh.min.period.seconds = 60
	sasl.login.refresh.window.factor = 0.8
	sasl.login.refresh.window.jitter = 0.05
	sasl.login.retry.backoff.max.ms = 10000
	sasl.login.retry.backoff.ms = 100
	sasl.mechanism = GSSAPI
	sasl.oauthbearer.clock.skew.seconds = 30
	sasl.oauthbearer.expected.audience = null
	sasl.oauthbearer.expected.issuer = null
	sasl.oauthbearer.jwks.endpoint.refresh.ms = 3600000
	sasl.oauthbearer.jwks.endpoint.retry.backoff.max.ms = 10000
	sasl.oauthbearer.jwks.endpoint.retry.backoff.ms = 100
	sasl.oauthbearer.jwks.endpoint.url = null
	sasl.oauthbearer.scope.claim.name = scope
	sasl.oauthbearer.sub.claim.name = sub
	sasl.oauthbearer.token.endpoint.url = null
	security.protocol = PLAINTEXT
	security.providers = null
	send.buffer.bytes = 131072
	socket.connection.setup.timeout.max.ms = 30000
	socket.connection.setup.timeout.ms = 10000
	ssl.cipher.suites = null
	ssl.enabled.protocols = [TLSv1.2, TLSv1.3]
	ssl.endpoint.identification.algorithm = https
	ssl.engine.factory.class = null
	ssl.key.password = null
	ssl.keymanager.algorithm = SunX509
	ssl.keystore.certificate.chain = null
	ssl.keystore.key = null
	ssl.keystore.location = null
	ssl.keystore.password = null
	ssl.keystore.type = JKS
	ssl.protocol = TLSv1.3
	ssl.provider = null
	ssl.secure.random.implementation = null
	ssl.trustmanager.algorithm = PKIX
	ssl.truststore.certificates = null
	ssl.truststore.location = null
	ssl.truststore.password = null
	ssl.truststore.type = JKS

2025-01-12T02:53:06.301+01:00  INFO 8664 --- [cashcard-transaction-sink] [           main] o.a.kafka.common.utils.AppInfoParser     : Kafka version: 3.8.1
2025-01-12T02:53:06.301+01:00  INFO 8664 --- [cashcard-transaction-sink] [           main] o.a.kafka.common.utils.AppInfoParser     : Kafka commitId: 70d6ff42debf7e17
2025-01-12T02:53:06.301+01:00  INFO 8664 --- [cashcard-transaction-sink] [           main] o.a.kafka.common.utils.AppInfoParser     : Kafka startTimeMs: 1736646786301
2025-01-12T02:53:06.333+01:00  INFO 8664 --- [cashcard-transaction-sink] [| adminclient-8] o.a.kafka.common.utils.AppInfoParser     : App info kafka.admin.client for adminclient-8 unregistered
2025-01-12T02:53:06.336+01:00  INFO 8664 --- [cashcard-transaction-sink] [| adminclient-8] o.apache.kafka.common.metrics.Metrics    : Metrics scheduler closed
2025-01-12T02:53:06.336+01:00  INFO 8664 --- [cashcard-transaction-sink] [| adminclient-8] o.apache.kafka.common.metrics.Metrics    : Closing reporter org.apache.kafka.common.metrics.JmxReporter
2025-01-12T02:53:06.336+01:00  INFO 8664 --- [cashcard-transaction-sink] [| adminclient-8] o.apache.kafka.common.metrics.Metrics    : Metrics reporters closed
2025-01-12T02:53:06.343+01:00  INFO 8664 --- [cashcard-transaction-sink] [           main] o.a.k.clients.consumer.ConsumerConfig    : ConsumerConfig values: 
	allow.auto.create.topics = true
	auto.commit.interval.ms = 100
	auto.include.jmx.reporter = true
	auto.offset.reset = latest
	bootstrap.servers = [localhost:59840]
	check.crcs = true
	client.dns.lookup = use_all_dns_ips
	client.id = consumer-anonymous.9644030c-3ae5-4647-9fcb-01b3b6cc3d37-5
	client.rack = 
	connections.max.idle.ms = 540000
	default.api.timeout.ms = 60000
	enable.auto.commit = false
	enable.metrics.push = true
	exclude.internal.topics = true
	fetch.max.bytes = 52428800
	fetch.max.wait.ms = 500
	fetch.min.bytes = 1
	group.id = anonymous.9644030c-3ae5-4647-9fcb-01b3b6cc3d37
	group.instance.id = null
	group.protocol = classic
	group.remote.assignor = null
	heartbeat.interval.ms = 3000
	interceptor.classes = []
	internal.leave.group.on.close = true
	internal.throw.on.fetch.stable.offset.unsupported = false
	isolation.level = read_uncommitted
	key.deserializer = class org.apache.kafka.common.serialization.ByteArrayDeserializer
	max.partition.fetch.bytes = 1048576
	max.poll.interval.ms = 300000
	max.poll.records = 500
	metadata.max.age.ms = 300000
	metadata.recovery.strategy = none
	metric.reporters = []
	metrics.num.samples = 2
	metrics.recording.level = INFO
	metrics.sample.window.ms = 30000
	partition.assignment.strategy = [class org.apache.kafka.clients.consumer.RangeAssignor, class org.apache.kafka.clients.consumer.CooperativeStickyAssignor]
	receive.buffer.bytes = 65536
	reconnect.backoff.max.ms = 1000
	reconnect.backoff.ms = 50
	request.timeout.ms = 30000
	retry.backoff.max.ms = 1000
	retry.backoff.ms = 100
	sasl.client.callback.handler.class = null
	sasl.jaas.config = null
	sasl.kerberos.kinit.cmd = /usr/bin/kinit
	sasl.kerberos.min.time.before.relogin = 60000
	sasl.kerberos.service.name = null
	sasl.kerberos.ticket.renew.jitter = 0.05
	sasl.kerberos.ticket.renew.window.factor = 0.8
	sasl.login.callback.handler.class = null
	sasl.login.class = null
	sasl.login.connect.timeout.ms = null
	sasl.login.read.timeout.ms = null
	sasl.login.refresh.buffer.seconds = 300
	sasl.login.refresh.min.period.seconds = 60
	sasl.login.refresh.window.factor = 0.8
	sasl.login.refresh.window.jitter = 0.05
	sasl.login.retry.backoff.max.ms = 10000
	sasl.login.retry.backoff.ms = 100
	sasl.mechanism = GSSAPI
	sasl.oauthbearer.clock.skew.seconds = 30
	sasl.oauthbearer.expected.audience = null
	sasl.oauthbearer.expected.issuer = null
	sasl.oauthbearer.jwks.endpoint.refresh.ms = 3600000
	sasl.oauthbearer.jwks.endpoint.retry.backoff.max.ms = 10000
	sasl.oauthbearer.jwks.endpoint.retry.backoff.ms = 100
	sasl.oauthbearer.jwks.endpoint.url = null
	sasl.oauthbearer.scope.claim.name = scope
	sasl.oauthbearer.sub.claim.name = sub
	sasl.oauthbearer.token.endpoint.url = null
	security.protocol = PLAINTEXT
	security.providers = null
	send.buffer.bytes = 131072
	session.timeout.ms = 45000
	socket.connection.setup.timeout.max.ms = 30000
	socket.connection.setup.timeout.ms = 10000
	ssl.cipher.suites = null
	ssl.enabled.protocols = [TLSv1.2, TLSv1.3]
	ssl.endpoint.identification.algorithm = https
	ssl.engine.factory.class = null
	ssl.key.password = null
	ssl.keymanager.algorithm = SunX509
	ssl.keystore.certificate.chain = null
	ssl.keystore.key = null
	ssl.keystore.location = null
	ssl.keystore.password = null
	ssl.keystore.type = JKS
	ssl.protocol = TLSv1.3
	ssl.provider = null
	ssl.secure.random.implementation = null
	ssl.trustmanager.algorithm = PKIX
	ssl.truststore.certificates = null
	ssl.truststore.location = null
	ssl.truststore.password = null
	ssl.truststore.type = JKS
	value.deserializer = class org.apache.kafka.common.serialization.ByteArrayDeserializer

2025-01-12T02:53:06.343+01:00  INFO 8664 --- [cashcard-transaction-sink] [           main] o.a.k.c.t.i.KafkaMetricsCollector        : initializing Kafka metrics collector
2025-01-12T02:53:06.348+01:00  INFO 8664 --- [cashcard-transaction-sink] [           main] o.a.kafka.common.utils.AppInfoParser     : Kafka version: 3.8.1
2025-01-12T02:53:06.348+01:00  INFO 8664 --- [cashcard-transaction-sink] [           main] o.a.kafka.common.utils.AppInfoParser     : Kafka commitId: 70d6ff42debf7e17
2025-01-12T02:53:06.348+01:00  INFO 8664 --- [cashcard-transaction-sink] [           main] o.a.kafka.common.utils.AppInfoParser     : Kafka startTimeMs: 1736646786348
2025-01-12T02:53:06.356+01:00  INFO 8664 --- [cashcard-transaction-sink] [           main] org.apache.kafka.clients.Metadata        : [Consumer clientId=consumer-anonymous.9644030c-3ae5-4647-9fcb-01b3b6cc3d37-5, groupId=anonymous.9644030c-3ae5-4647-9fcb-01b3b6cc3d37] Cluster ID: 4L6g3nShT-eMCtK--X86sw
2025-01-12T02:53:06.359+01:00  INFO 8664 --- [cashcard-transaction-sink] [           main] o.a.k.c.c.internals.ConsumerCoordinator  : [Consumer clientId=consumer-anonymous.9644030c-3ae5-4647-9fcb-01b3b6cc3d37-5, groupId=anonymous.9644030c-3ae5-4647-9fcb-01b3b6cc3d37] Resetting generation and member id due to: consumer pro-actively leaving the group
2025-01-12T02:53:06.359+01:00  INFO 8664 --- [cashcard-transaction-sink] [           main] o.a.k.c.c.internals.ConsumerCoordinator  : [Consumer clientId=consumer-anonymous.9644030c-3ae5-4647-9fcb-01b3b6cc3d37-5, groupId=anonymous.9644030c-3ae5-4647-9fcb-01b3b6cc3d37] Request joining group due to: consumer pro-actively leaving the group
2025-01-12T02:53:06.360+01:00  INFO 8664 --- [cashcard-transaction-sink] [           main] o.apache.kafka.common.metrics.Metrics    : Metrics scheduler closed
2025-01-12T02:53:06.360+01:00  INFO 8664 --- [cashcard-transaction-sink] [           main] o.apache.kafka.common.metrics.Metrics    : Closing reporter org.apache.kafka.common.metrics.JmxReporter
2025-01-12T02:53:06.360+01:00  INFO 8664 --- [cashcard-transaction-sink] [           main] o.apache.kafka.common.metrics.Metrics    : Closing reporter org.apache.kafka.common.telemetry.internals.ClientTelemetryReporter
2025-01-12T02:53:06.360+01:00  INFO 8664 --- [cashcard-transaction-sink] [           main] o.apache.kafka.common.metrics.Metrics    : Metrics reporters closed
2025-01-12T02:53:06.363+01:00  INFO 8664 --- [cashcard-transaction-sink] [           main] o.a.kafka.common.utils.AppInfoParser     : App info kafka.consumer for consumer-anonymous.9644030c-3ae5-4647-9fcb-01b3b6cc3d37-5 unregistered
2025-01-12T02:53:06.366+01:00  INFO 8664 --- [cashcard-transaction-sink] [           main] o.s.c.stream.binder.BinderErrorChannel   : Channel 'kafka-1083840077.enrichTransaction-in-0.errors' has 1 subscriber(s).
2025-01-12T02:53:06.367+01:00  INFO 8664 --- [cashcard-transaction-sink] [           main] o.s.c.stream.binder.BinderErrorChannel   : Channel 'kafka-1083840077.enrichTransaction-in-0.errors' has 0 subscriber(s).
2025-01-12T02:53:06.367+01:00  INFO 8664 --- [cashcard-transaction-sink] [           main] o.s.c.stream.binder.BinderErrorChannel   : Channel 'kafka-1083840077.enrichTransaction-in-0.errors' has 1 subscriber(s).
2025-01-12T02:53:06.367+01:00  INFO 8664 --- [cashcard-transaction-sink] [           main] o.s.c.stream.binder.BinderErrorChannel   : Channel 'kafka-1083840077.enrichTransaction-in-0.errors' has 2 subscriber(s).
2025-01-12T02:53:06.367+01:00  INFO 8664 --- [cashcard-transaction-sink] [           main] o.a.k.clients.consumer.ConsumerConfig    : ConsumerConfig values: 
	allow.auto.create.topics = true
	auto.commit.interval.ms = 100
	auto.include.jmx.reporter = true
	auto.offset.reset = latest
	bootstrap.servers = [localhost:59840]
	check.crcs = true
	client.dns.lookup = use_all_dns_ips
	client.id = consumer-anonymous.9644030c-3ae5-4647-9fcb-01b3b6cc3d37-6
	client.rack = 
	connections.max.idle.ms = 540000
	default.api.timeout.ms = 60000
	enable.auto.commit = false
	enable.metrics.push = true
	exclude.internal.topics = true
	fetch.max.bytes = 52428800
	fetch.max.wait.ms = 500
	fetch.min.bytes = 1
	group.id = anonymous.9644030c-3ae5-4647-9fcb-01b3b6cc3d37
	group.instance.id = null
	group.protocol = classic
	group.remote.assignor = null
	heartbeat.interval.ms = 3000
	interceptor.classes = []
	internal.leave.group.on.close = true
	internal.throw.on.fetch.stable.offset.unsupported = false
	isolation.level = read_uncommitted
	key.deserializer = class org.apache.kafka.common.serialization.ByteArrayDeserializer
	max.partition.fetch.bytes = 1048576
	max.poll.interval.ms = 300000
	max.poll.records = 500
	metadata.max.age.ms = 300000
	metadata.recovery.strategy = none
	metric.reporters = []
	metrics.num.samples = 2
	metrics.recording.level = INFO
	metrics.sample.window.ms = 30000
	partition.assignment.strategy = [class org.apache.kafka.clients.consumer.RangeAssignor, class org.apache.kafka.clients.consumer.CooperativeStickyAssignor]
	receive.buffer.bytes = 65536
	reconnect.backoff.max.ms = 1000
	reconnect.backoff.ms = 50
	request.timeout.ms = 30000
	retry.backoff.max.ms = 1000
	retry.backoff.ms = 100
	sasl.client.callback.handler.class = null
	sasl.jaas.config = null
	sasl.kerberos.kinit.cmd = /usr/bin/kinit
	sasl.kerberos.min.time.before.relogin = 60000
	sasl.kerberos.service.name = null
	sasl.kerberos.ticket.renew.jitter = 0.05
	sasl.kerberos.ticket.renew.window.factor = 0.8
	sasl.login.callback.handler.class = null
	sasl.login.class = null
	sasl.login.connect.timeout.ms = null
	sasl.login.read.timeout.ms = null
	sasl.login.refresh.buffer.seconds = 300
	sasl.login.refresh.min.period.seconds = 60
	sasl.login.refresh.window.factor = 0.8
	sasl.login.refresh.window.jitter = 0.05
	sasl.login.retry.backoff.max.ms = 10000
	sasl.login.retry.backoff.ms = 100
	sasl.mechanism = GSSAPI
	sasl.oauthbearer.clock.skew.seconds = 30
	sasl.oauthbearer.expected.audience = null
	sasl.oauthbearer.expected.issuer = null
	sasl.oauthbearer.jwks.endpoint.refresh.ms = 3600000
	sasl.oauthbearer.jwks.endpoint.retry.backoff.max.ms = 10000
	sasl.oauthbearer.jwks.endpoint.retry.backoff.ms = 100
	sasl.oauthbearer.jwks.endpoint.url = null
	sasl.oauthbearer.scope.claim.name = scope
	sasl.oauthbearer.sub.claim.name = sub
	sasl.oauthbearer.token.endpoint.url = null
	security.protocol = PLAINTEXT
	security.providers = null
	send.buffer.bytes = 131072
	session.timeout.ms = 45000
	socket.connection.setup.timeout.max.ms = 30000
	socket.connection.setup.timeout.ms = 10000
	ssl.cipher.suites = null
	ssl.enabled.protocols = [TLSv1.2, TLSv1.3]
	ssl.endpoint.identification.algorithm = https
	ssl.engine.factory.class = null
	ssl.key.password = null
	ssl.keymanager.algorithm = SunX509
	ssl.keystore.certificate.chain = null
	ssl.keystore.key = null
	ssl.keystore.location = null
	ssl.keystore.password = null
	ssl.keystore.type = JKS
	ssl.protocol = TLSv1.3
	ssl.provider = null
	ssl.secure.random.implementation = null
	ssl.trustmanager.algorithm = PKIX
	ssl.truststore.certificates = null
	ssl.truststore.location = null
	ssl.truststore.password = null
	ssl.truststore.type = JKS
	value.deserializer = class org.apache.kafka.common.serialization.ByteArrayDeserializer

2025-01-12T02:53:06.368+01:00  INFO 8664 --- [cashcard-transaction-sink] [           main] o.a.k.c.t.i.KafkaMetricsCollector        : initializing Kafka metrics collector
2025-01-12T02:53:06.373+01:00  INFO 8664 --- [cashcard-transaction-sink] [           main] o.a.kafka.common.utils.AppInfoParser     : Kafka version: 3.8.1
2025-01-12T02:53:06.373+01:00  INFO 8664 --- [cashcard-transaction-sink] [           main] o.a.kafka.common.utils.AppInfoParser     : Kafka commitId: 70d6ff42debf7e17
2025-01-12T02:53:06.373+01:00  INFO 8664 --- [cashcard-transaction-sink] [           main] o.a.kafka.common.utils.AppInfoParser     : Kafka startTimeMs: 1736646786373
2025-01-12T02:53:06.373+01:00  INFO 8664 --- [cashcard-transaction-sink] [           main] o.a.k.c.c.internals.LegacyKafkaConsumer  : [Consumer clientId=consumer-anonymous.9644030c-3ae5-4647-9fcb-01b3b6cc3d37-6, groupId=anonymous.9644030c-3ae5-4647-9fcb-01b3b6cc3d37] Subscribed to topic(s): approval-requests
2025-01-12T02:53:06.374+01:00  INFO 8664 --- [cashcard-transaction-sink] [           main] s.i.k.i.KafkaMessageDrivenChannelAdapter : started org.springframework.integration.kafka.inbound.KafkaMessageDrivenChannelAdapter@2555b92
2025-01-12T02:53:06.383+01:00  INFO 8664 --- [cashcard-transaction-sink] [           main] o.a.k.clients.admin.AdminClientConfig    : AdminClientConfig values: 
	auto.include.jmx.reporter = true
	bootstrap.controllers = []
	bootstrap.servers = [localhost:59840]
	client.dns.lookup = use_all_dns_ips
	client.id = 
	connections.max.idle.ms = 300000
	default.api.timeout.ms = 60000
	enable.metrics.push = true
	metadata.max.age.ms = 300000
	metadata.recovery.strategy = none
	metric.reporters = []
	metrics.num.samples = 2
	metrics.recording.level = INFO
	metrics.sample.window.ms = 30000
	receive.buffer.bytes = 65536
	reconnect.backoff.max.ms = 1000
	reconnect.backoff.ms = 50
	request.timeout.ms = 30000
	retries = 2147483647
	retry.backoff.max.ms = 1000
	retry.backoff.ms = 100
	sasl.client.callback.handler.class = null
	sasl.jaas.config = null
	sasl.kerberos.kinit.cmd = /usr/bin/kinit
	sasl.kerberos.min.time.before.relogin = 60000
	sasl.kerberos.service.name = null
	sasl.kerberos.ticket.renew.jitter = 0.05
	sasl.kerberos.ticket.renew.window.factor = 0.8
	sasl.login.callback.handler.class = null
	sasl.login.class = null
	sasl.login.connect.timeout.ms = null
	sasl.login.read.timeout.ms = null
	sasl.login.refresh.buffer.seconds = 300
	sasl.login.refresh.min.period.seconds = 60
	sasl.login.refresh.window.factor = 0.8
	sasl.login.refresh.window.jitter = 0.05
	sasl.login.retry.backoff.max.ms = 10000
	sasl.login.retry.backoff.ms = 100
	sasl.mechanism = GSSAPI
	sasl.oauthbearer.clock.skew.seconds = 30
	sasl.oauthbearer.expected.audience = null
	sasl.oauthbearer.expected.issuer = null
	sasl.oauthbearer.jwks.endpoint.refresh.ms = 3600000
	sasl.oauthbearer.jwks.endpoint.retry.backoff.max.ms = 10000
	sasl.oauthbearer.jwks.endpoint.retry.backoff.ms = 100
	sasl.oauthbearer.jwks.endpoint.url = null
	sasl.oauthbearer.scope.claim.name = scope
	sasl.oauthbearer.sub.claim.name = sub
	sasl.oauthbearer.token.endpoint.url = null
	security.protocol = PLAINTEXT
	security.providers = null
	send.buffer.bytes = 131072
	socket.connection.setup.timeout.max.ms = 30000
	socket.connection.setup.timeout.ms = 10000
	ssl.cipher.suites = null
	ssl.enabled.protocols = [TLSv1.2, TLSv1.3]
	ssl.endpoint.identification.algorithm = https
	ssl.engine.factory.class = null
	ssl.key.password = null
	ssl.keymanager.algorithm = SunX509
	ssl.keystore.certificate.chain = null
	ssl.keystore.key = null
	ssl.keystore.location = null
	ssl.keystore.password = null
	ssl.keystore.type = JKS
	ssl.protocol = TLSv1.3
	ssl.provider = null
	ssl.secure.random.implementation = null
	ssl.trustmanager.algorithm = PKIX
	ssl.truststore.certificates = null
	ssl.truststore.location = null
	ssl.truststore.password = null
	ssl.truststore.type = JKS

2025-01-12T02:53:06.387+01:00  INFO 8664 --- [cashcard-transaction-sink] [container-0-C-1] org.apache.kafka.clients.Metadata        : [Consumer clientId=consumer-anonymous.9644030c-3ae5-4647-9fcb-01b3b6cc3d37-6, groupId=anonymous.9644030c-3ae5-4647-9fcb-01b3b6cc3d37] Cluster ID: 4L6g3nShT-eMCtK--X86sw
2025-01-12T02:53:06.388+01:00  INFO 8664 --- [cashcard-transaction-sink] [           main] o.a.kafka.common.utils.AppInfoParser     : Kafka version: 3.8.1
2025-01-12T02:53:06.388+01:00  INFO 8664 --- [cashcard-transaction-sink] [           main] o.a.kafka.common.utils.AppInfoParser     : Kafka commitId: 70d6ff42debf7e17
2025-01-12T02:53:06.388+01:00  INFO 8664 --- [cashcard-transaction-sink] [           main] o.a.kafka.common.utils.AppInfoParser     : Kafka startTimeMs: 1736646786388
2025-01-12T02:53:06.414+01:00  INFO 8664 --- [cashcard-transaction-sink] [| adminclient-9] o.a.kafka.common.utils.AppInfoParser     : App info kafka.admin.client for adminclient-9 unregistered
2025-01-12T02:53:06.415+01:00  INFO 8664 --- [cashcard-transaction-sink] [| adminclient-9] o.apache.kafka.common.metrics.Metrics    : Metrics scheduler closed
2025-01-12T02:53:06.416+01:00  INFO 8664 --- [cashcard-transaction-sink] [| adminclient-9] o.apache.kafka.common.metrics.Metrics    : Closing reporter org.apache.kafka.common.metrics.JmxReporter
2025-01-12T02:53:06.416+01:00  INFO 8664 --- [cashcard-transaction-sink] [| adminclient-9] o.apache.kafka.common.metrics.Metrics    : Metrics reporters closed
2025-01-12T02:53:06.423+01:00  INFO 8664 --- [cashcard-transaction-sink] [           main] o.a.k.clients.consumer.ConsumerConfig    : ConsumerConfig values: 
	allow.auto.create.topics = true
	auto.commit.interval.ms = 100
	auto.include.jmx.reporter = true
	auto.offset.reset = latest
	bootstrap.servers = [localhost:59840]
	check.crcs = true
	client.dns.lookup = use_all_dns_ips
	client.id = consumer-anonymous.b7f2954a-3f77-4288-b489-6f2eb4026e3a-7
	client.rack = 
	connections.max.idle.ms = 540000
	default.api.timeout.ms = 60000
	enable.auto.commit = false
	enable.metrics.push = true
	exclude.internal.topics = true
	fetch.max.bytes = 52428800
	fetch.max.wait.ms = 500
	fetch.min.bytes = 1
	group.id = anonymous.b7f2954a-3f77-4288-b489-6f2eb4026e3a
	group.instance.id = null
	group.protocol = classic
	group.remote.assignor = null
	heartbeat.interval.ms = 3000
	interceptor.classes = []
	internal.leave.group.on.close = true
	internal.throw.on.fetch.stable.offset.unsupported = false
	isolation.level = read_uncommitted
	key.deserializer = class org.apache.kafka.common.serialization.ByteArrayDeserializer
	max.partition.fetch.bytes = 1048576
	max.poll.interval.ms = 300000
	max.poll.records = 500
	metadata.max.age.ms = 300000
	metadata.recovery.strategy = none
	metric.reporters = []
	metrics.num.samples = 2
	metrics.recording.level = INFO
	metrics.sample.window.ms = 30000
	partition.assignment.strategy = [class org.apache.kafka.clients.consumer.RangeAssignor, class org.apache.kafka.clients.consumer.CooperativeStickyAssignor]
	receive.buffer.bytes = 65536
	reconnect.backoff.max.ms = 1000
	reconnect.backoff.ms = 50
	request.timeout.ms = 30000
	retry.backoff.max.ms = 1000
	retry.backoff.ms = 100
	sasl.client.callback.handler.class = null
	sasl.jaas.config = null
	sasl.kerberos.kinit.cmd = /usr/bin/kinit
	sasl.kerberos.min.time.before.relogin = 60000
	sasl.kerberos.service.name = null
	sasl.kerberos.ticket.renew.jitter = 0.05
	sasl.kerberos.ticket.renew.window.factor = 0.8
	sasl.login.callback.handler.class = null
	sasl.login.class = null
	sasl.login.connect.timeout.ms = null
	sasl.login.read.timeout.ms = null
	sasl.login.refresh.buffer.seconds = 300
	sasl.login.refresh.min.period.seconds = 60
	sasl.login.refresh.window.factor = 0.8
	sasl.login.refresh.window.jitter = 0.05
	sasl.login.retry.backoff.max.ms = 10000
	sasl.login.retry.backoff.ms = 100
	sasl.mechanism = GSSAPI
	sasl.oauthbearer.clock.skew.seconds = 30
	sasl.oauthbearer.expected.audience = null
	sasl.oauthbearer.expected.issuer = null
	sasl.oauthbearer.jwks.endpoint.refresh.ms = 3600000
	sasl.oauthbearer.jwks.endpoint.retry.backoff.max.ms = 10000
	sasl.oauthbearer.jwks.endpoint.retry.backoff.ms = 100
	sasl.oauthbearer.jwks.endpoint.url = null
	sasl.oauthbearer.scope.claim.name = scope
	sasl.oauthbearer.sub.claim.name = sub
	sasl.oauthbearer.token.endpoint.url = null
	security.protocol = PLAINTEXT
	security.providers = null
	send.buffer.bytes = 131072
	session.timeout.ms = 45000
	socket.connection.setup.timeout.max.ms = 30000
	socket.connection.setup.timeout.ms = 10000
	ssl.cipher.suites = null
	ssl.enabled.protocols = [TLSv1.2, TLSv1.3]
	ssl.endpoint.identification.algorithm = https
	ssl.engine.factory.class = null
	ssl.key.password = null
	ssl.keymanager.algorithm = SunX509
	ssl.keystore.certificate.chain = null
	ssl.keystore.key = null
	ssl.keystore.location = null
	ssl.keystore.password = null
	ssl.keystore.type = JKS
	ssl.protocol = TLSv1.3
	ssl.provider = null
	ssl.secure.random.implementation = null
	ssl.trustmanager.algorithm = PKIX
	ssl.truststore.certificates = null
	ssl.truststore.location = null
	ssl.truststore.password = null
	ssl.truststore.type = JKS
	value.deserializer = class org.apache.kafka.common.serialization.ByteArrayDeserializer

2025-01-12T02:53:06.423+01:00  INFO 8664 --- [cashcard-transaction-sink] [           main] o.a.k.c.t.i.KafkaMetricsCollector        : initializing Kafka metrics collector
2025-01-12T02:53:06.429+01:00  INFO 8664 --- [cashcard-transaction-sink] [           main] o.a.kafka.common.utils.AppInfoParser     : Kafka version: 3.8.1
2025-01-12T02:53:06.429+01:00  INFO 8664 --- [cashcard-transaction-sink] [           main] o.a.kafka.common.utils.AppInfoParser     : Kafka commitId: 70d6ff42debf7e17
2025-01-12T02:53:06.429+01:00  INFO 8664 --- [cashcard-transaction-sink] [           main] o.a.kafka.common.utils.AppInfoParser     : Kafka startTimeMs: 1736646786429
2025-01-12T02:53:06.438+01:00  INFO 8664 --- [cashcard-transaction-sink] [           main] org.apache.kafka.clients.Metadata        : [Consumer clientId=consumer-anonymous.b7f2954a-3f77-4288-b489-6f2eb4026e3a-7, groupId=anonymous.b7f2954a-3f77-4288-b489-6f2eb4026e3a] Cluster ID: 4L6g3nShT-eMCtK--X86sw
2025-01-12T02:53:06.440+01:00  INFO 8664 --- [cashcard-transaction-sink] [           main] o.a.k.c.c.internals.ConsumerCoordinator  : [Consumer clientId=consumer-anonymous.b7f2954a-3f77-4288-b489-6f2eb4026e3a-7, groupId=anonymous.b7f2954a-3f77-4288-b489-6f2eb4026e3a] Resetting generation and member id due to: consumer pro-actively leaving the group
2025-01-12T02:53:06.440+01:00  INFO 8664 --- [cashcard-transaction-sink] [           main] o.a.k.c.c.internals.ConsumerCoordinator  : [Consumer clientId=consumer-anonymous.b7f2954a-3f77-4288-b489-6f2eb4026e3a-7, groupId=anonymous.b7f2954a-3f77-4288-b489-6f2eb4026e3a] Request joining group due to: consumer pro-actively leaving the group
2025-01-12T02:53:06.440+01:00  INFO 8664 --- [cashcard-transaction-sink] [           main] o.apache.kafka.common.metrics.Metrics    : Metrics scheduler closed
2025-01-12T02:53:06.440+01:00  INFO 8664 --- [cashcard-transaction-sink] [           main] o.apache.kafka.common.metrics.Metrics    : Closing reporter org.apache.kafka.common.metrics.JmxReporter
2025-01-12T02:53:06.440+01:00  INFO 8664 --- [cashcard-transaction-sink] [           main] o.apache.kafka.common.metrics.Metrics    : Closing reporter org.apache.kafka.common.telemetry.internals.ClientTelemetryReporter
2025-01-12T02:53:06.440+01:00  INFO 8664 --- [cashcard-transaction-sink] [           main] o.apache.kafka.common.metrics.Metrics    : Metrics reporters closed
2025-01-12T02:53:06.443+01:00  INFO 8664 --- [cashcard-transaction-sink] [           main] o.a.kafka.common.utils.AppInfoParser     : App info kafka.consumer for consumer-anonymous.b7f2954a-3f77-4288-b489-6f2eb4026e3a-7 unregistered
2025-01-12T02:53:06.445+01:00  INFO 8664 --- [cashcard-transaction-sink] [           main] o.s.c.stream.binder.BinderErrorChannel   : Channel 'kafka-1083840077.cashCardTransactionFileSink-in-0.errors' has 1 subscriber(s).
2025-01-12T02:53:06.445+01:00  INFO 8664 --- [cashcard-transaction-sink] [           main] o.s.c.stream.binder.BinderErrorChannel   : Channel 'kafka-1083840077.cashCardTransactionFileSink-in-0.errors' has 0 subscriber(s).
2025-01-12T02:53:06.446+01:00  INFO 8664 --- [cashcard-transaction-sink] [           main] o.s.c.stream.binder.BinderErrorChannel   : Channel 'kafka-1083840077.cashCardTransactionFileSink-in-0.errors' has 1 subscriber(s).
2025-01-12T02:53:06.446+01:00  INFO 8664 --- [cashcard-transaction-sink] [           main] o.s.c.stream.binder.BinderErrorChannel   : Channel 'kafka-1083840077.cashCardTransactionFileSink-in-0.errors' has 2 subscriber(s).
2025-01-12T02:53:06.447+01:00  INFO 8664 --- [cashcard-transaction-sink] [           main] o.a.k.clients.consumer.ConsumerConfig    : ConsumerConfig values: 
	allow.auto.create.topics = true
	auto.commit.interval.ms = 100
	auto.include.jmx.reporter = true
	auto.offset.reset = latest
	bootstrap.servers = [localhost:59840]
	check.crcs = true
	client.dns.lookup = use_all_dns_ips
	client.id = consumer-anonymous.b7f2954a-3f77-4288-b489-6f2eb4026e3a-8
	client.rack = 
	connections.max.idle.ms = 540000
	default.api.timeout.ms = 60000
	enable.auto.commit = false
	enable.metrics.push = true
	exclude.internal.topics = true
	fetch.max.bytes = 52428800
	fetch.max.wait.ms = 500
	fetch.min.bytes = 1
	group.id = anonymous.b7f2954a-3f77-4288-b489-6f2eb4026e3a
	group.instance.id = null
	group.protocol = classic
	group.remote.assignor = null
	heartbeat.interval.ms = 3000
	interceptor.classes = []
	internal.leave.group.on.close = true
	internal.throw.on.fetch.stable.offset.unsupported = false
	isolation.level = read_uncommitted
	key.deserializer = class org.apache.kafka.common.serialization.ByteArrayDeserializer
	max.partition.fetch.bytes = 1048576
	max.poll.interval.ms = 300000
	max.poll.records = 500
	metadata.max.age.ms = 300000
	metadata.recovery.strategy = none
	metric.reporters = []
	metrics.num.samples = 2
	metrics.recording.level = INFO
	metrics.sample.window.ms = 30000
	partition.assignment.strategy = [class org.apache.kafka.clients.consumer.RangeAssignor, class org.apache.kafka.clients.consumer.CooperativeStickyAssignor]
	receive.buffer.bytes = 65536
	reconnect.backoff.max.ms = 1000
	reconnect.backoff.ms = 50
	request.timeout.ms = 30000
	retry.backoff.max.ms = 1000
	retry.backoff.ms = 100
	sasl.client.callback.handler.class = null
	sasl.jaas.config = null
	sasl.kerberos.kinit.cmd = /usr/bin/kinit
	sasl.kerberos.min.time.before.relogin = 60000
	sasl.kerberos.service.name = null
	sasl.kerberos.ticket.renew.jitter = 0.05
	sasl.kerberos.ticket.renew.window.factor = 0.8
	sasl.login.callback.handler.class = null
	sasl.login.class = null
	sasl.login.connect.timeout.ms = null
	sasl.login.read.timeout.ms = null
	sasl.login.refresh.buffer.seconds = 300
	sasl.login.refresh.min.period.seconds = 60
	sasl.login.refresh.window.factor = 0.8
	sasl.login.refresh.window.jitter = 0.05
	sasl.login.retry.backoff.max.ms = 10000
	sasl.login.retry.backoff.ms = 100
	sasl.mechanism = GSSAPI
	sasl.oauthbearer.clock.skew.seconds = 30
	sasl.oauthbearer.expected.audience = null
	sasl.oauthbearer.expected.issuer = null
	sasl.oauthbearer.jwks.endpoint.refresh.ms = 3600000
	sasl.oauthbearer.jwks.endpoint.retry.backoff.max.ms = 10000
	sasl.oauthbearer.jwks.endpoint.retry.backoff.ms = 100
	sasl.oauthbearer.jwks.endpoint.url = null
	sasl.oauthbearer.scope.claim.name = scope
	sasl.oauthbearer.sub.claim.name = sub
	sasl.oauthbearer.token.endpoint.url = null
	security.protocol = PLAINTEXT
	security.providers = null
	send.buffer.bytes = 131072
	session.timeout.ms = 45000
	socket.connection.setup.timeout.max.ms = 30000
	socket.connection.setup.timeout.ms = 10000
	ssl.cipher.suites = null
	ssl.enabled.protocols = [TLSv1.2, TLSv1.3]
	ssl.endpoint.identification.algorithm = https
	ssl.engine.factory.class = null
	ssl.key.password = null
	ssl.keymanager.algorithm = SunX509
	ssl.keystore.certificate.chain = null
	ssl.keystore.key = null
	ssl.keystore.location = null
	ssl.keystore.password = null
	ssl.keystore.type = JKS
	ssl.protocol = TLSv1.3
	ssl.provider = null
	ssl.secure.random.implementation = null
	ssl.trustmanager.algorithm = PKIX
	ssl.truststore.certificates = null
	ssl.truststore.location = null
	ssl.truststore.password = null
	ssl.truststore.type = JKS
	value.deserializer = class org.apache.kafka.common.serialization.ByteArrayDeserializer

2025-01-12T02:53:06.448+01:00  INFO 8664 --- [cashcard-transaction-sink] [           main] o.a.k.c.t.i.KafkaMetricsCollector        : initializing Kafka metrics collector
2025-01-12T02:53:06.453+01:00  INFO 8664 --- [cashcard-transaction-sink] [           main] o.a.kafka.common.utils.AppInfoParser     : Kafka version: 3.8.1
2025-01-12T02:53:06.453+01:00  INFO 8664 --- [cashcard-transaction-sink] [           main] o.a.kafka.common.utils.AppInfoParser     : Kafka commitId: 70d6ff42debf7e17
2025-01-12T02:53:06.453+01:00  INFO 8664 --- [cashcard-transaction-sink] [           main] o.a.kafka.common.utils.AppInfoParser     : Kafka startTimeMs: 1736646786453
2025-01-12T02:53:06.453+01:00  INFO 8664 --- [cashcard-transaction-sink] [           main] o.a.k.c.c.internals.LegacyKafkaConsumer  : [Consumer clientId=consumer-anonymous.b7f2954a-3f77-4288-b489-6f2eb4026e3a-8, groupId=anonymous.b7f2954a-3f77-4288-b489-6f2eb4026e3a] Subscribed to topic(s): enriched-transactions
2025-01-12T02:53:06.454+01:00  INFO 8664 --- [cashcard-transaction-sink] [           main] s.i.k.i.KafkaMessageDrivenChannelAdapter : started org.springframework.integration.kafka.inbound.KafkaMessageDrivenChannelAdapter@1f9b8c23
2025-01-12T02:53:06.465+01:00  INFO 8664 --- [cashcard-transaction-sink] [container-0-C-1] org.apache.kafka.clients.Metadata        : [Consumer clientId=consumer-anonymous.b7f2954a-3f77-4288-b489-6f2eb4026e3a-8, groupId=anonymous.b7f2954a-3f77-4288-b489-6f2eb4026e3a] Cluster ID: 4L6g3nShT-eMCtK--X86sw
2025-01-12T02:53:06.465+01:00  INFO 8664 --- [cashcard-transaction-sink] [           main] shCardTransactionStreamE2EContainerTests : Started CashCardTransactionStreamE2EContainerTests in 16.538 seconds (process running for 37.576)
2025-01-12T02:53:06.469+01:00  INFO 8664 --- [cashcard-transaction-sink] [container-0-C-1] o.a.k.c.c.internals.ConsumerCoordinator  : [Consumer clientId=consumer-anonymous.b7f2954a-3f77-4288-b489-6f2eb4026e3a-8, groupId=anonymous.b7f2954a-3f77-4288-b489-6f2eb4026e3a] Discovered group coordinator localhost:59840 (id: 2147483646 rack: null)
2025-01-12T02:53:06.470+01:00  INFO 8664 --- [cashcard-transaction-sink] [container-0-C-1] o.a.k.c.c.internals.ConsumerCoordinator  : [Consumer clientId=consumer-anonymous.b7f2954a-3f77-4288-b489-6f2eb4026e3a-8, groupId=anonymous.b7f2954a-3f77-4288-b489-6f2eb4026e3a] (Re-)joining group
2025-01-12T02:53:06.483+01:00  INFO 8664 --- [cashcard-transaction-sink] [container-0-C-1] o.a.k.c.c.internals.ConsumerCoordinator  : [Consumer clientId=consumer-anonymous.b7f2954a-3f77-4288-b489-6f2eb4026e3a-8, groupId=anonymous.b7f2954a-3f77-4288-b489-6f2eb4026e3a] JoinGroup failed: Coordinator localhost:59840 (id: 2147483646 rack: null) is loading the group.
2025-01-12T02:53:06.483+01:00  INFO 8664 --- [cashcard-transaction-sink] [container-0-C-1] o.a.k.c.c.internals.ConsumerCoordinator  : [Consumer clientId=consumer-anonymous.b7f2954a-3f77-4288-b489-6f2eb4026e3a-8, groupId=anonymous.b7f2954a-3f77-4288-b489-6f2eb4026e3a] Request joining group due to: rebalance failed due to 'The coordinator is loading and hence can't process requests.' (CoordinatorLoadInProgressException)
2025-01-12T02:53:06.522+01:00  INFO 8664 --- [cashcard-transaction-sink] [container-0-C-1] o.a.k.c.c.internals.ConsumerCoordinator  : [Consumer clientId=consumer-anonymous.9644030c-3ae5-4647-9fcb-01b3b6cc3d37-6, groupId=anonymous.9644030c-3ae5-4647-9fcb-01b3b6cc3d37] Discovered group coordinator localhost:59840 (id: 2147483646 rack: null)
2025-01-12T02:53:06.523+01:00  INFO 8664 --- [cashcard-transaction-sink] [container-0-C-1] o.a.k.c.c.internals.ConsumerCoordinator  : [Consumer clientId=consumer-anonymous.9644030c-3ae5-4647-9fcb-01b3b6cc3d37-6, groupId=anonymous.9644030c-3ae5-4647-9fcb-01b3b6cc3d37] (Re-)joining group
2025-01-12T02:53:06.541+01:00  INFO 8664 --- [cashcard-transaction-sink] [container-0-C-1] o.a.k.c.c.internals.ConsumerCoordinator  : [Consumer clientId=consumer-anonymous.9644030c-3ae5-4647-9fcb-01b3b6cc3d37-6, groupId=anonymous.9644030c-3ae5-4647-9fcb-01b3b6cc3d37] Request joining group due to: need to re-join with the given member-id: consumer-anonymous.9644030c-3ae5-4647-9fcb-01b3b6cc3d37-6-b63262fc-f711-456c-871e-db7064758944
2025-01-12T02:53:06.542+01:00  INFO 8664 --- [cashcard-transaction-sink] [container-0-C-1] o.a.k.c.c.internals.ConsumerCoordinator  : [Consumer clientId=consumer-anonymous.9644030c-3ae5-4647-9fcb-01b3b6cc3d37-6, groupId=anonymous.9644030c-3ae5-4647-9fcb-01b3b6cc3d37] (Re-)joining group
2025-01-12T02:53:06.564+01:00  INFO 8664 --- [cashcard-transaction-sink] [container-0-C-1] o.a.k.c.c.internals.ConsumerCoordinator  : [Consumer clientId=consumer-anonymous.9644030c-3ae5-4647-9fcb-01b3b6cc3d37-6, groupId=anonymous.9644030c-3ae5-4647-9fcb-01b3b6cc3d37] Successfully joined group with generation Generation{generationId=1, memberId='consumer-anonymous.9644030c-3ae5-4647-9fcb-01b3b6cc3d37-6-b63262fc-f711-456c-871e-db7064758944', protocol='range'}
2025-01-12T02:53:06.565+01:00  INFO 8664 --- [cashcard-transaction-sink] [container-0-C-1] o.a.k.c.c.internals.ConsumerCoordinator  : [Consumer clientId=consumer-anonymous.9644030c-3ae5-4647-9fcb-01b3b6cc3d37-6, groupId=anonymous.9644030c-3ae5-4647-9fcb-01b3b6cc3d37] Finished assignment for group at generation 1: {consumer-anonymous.9644030c-3ae5-4647-9fcb-01b3b6cc3d37-6-b63262fc-f711-456c-871e-db7064758944=Assignment(partitions=[approval-requests-0])}
2025-01-12T02:53:06.583+01:00  INFO 8664 --- [cashcard-transaction-sink] [container-0-C-1] o.a.k.c.c.internals.ConsumerCoordinator  : [Consumer clientId=consumer-anonymous.b7f2954a-3f77-4288-b489-6f2eb4026e3a-8, groupId=anonymous.b7f2954a-3f77-4288-b489-6f2eb4026e3a] (Re-)joining group
2025-01-12T02:53:06.586+01:00  INFO 8664 --- [cashcard-transaction-sink] [container-0-C-1] o.a.k.c.c.internals.ConsumerCoordinator  : [Consumer clientId=consumer-anonymous.b7f2954a-3f77-4288-b489-6f2eb4026e3a-8, groupId=anonymous.b7f2954a-3f77-4288-b489-6f2eb4026e3a] Request joining group due to: need to re-join with the given member-id: consumer-anonymous.b7f2954a-3f77-4288-b489-6f2eb4026e3a-8-d2f00935-0ddd-42be-ade2-ccf441690981
2025-01-12T02:53:06.587+01:00  INFO 8664 --- [cashcard-transaction-sink] [container-0-C-1] o.a.k.c.c.internals.ConsumerCoordinator  : [Consumer clientId=consumer-anonymous.b7f2954a-3f77-4288-b489-6f2eb4026e3a-8, groupId=anonymous.b7f2954a-3f77-4288-b489-6f2eb4026e3a] (Re-)joining group
2025-01-12T02:53:06.588+01:00  INFO 8664 --- [cashcard-transaction-sink] [container-0-C-1] o.a.k.c.c.internals.ConsumerCoordinator  : [Consumer clientId=consumer-anonymous.9644030c-3ae5-4647-9fcb-01b3b6cc3d37-6, groupId=anonymous.9644030c-3ae5-4647-9fcb-01b3b6cc3d37] Successfully synced group in generation Generation{generationId=1, memberId='consumer-anonymous.9644030c-3ae5-4647-9fcb-01b3b6cc3d37-6-b63262fc-f711-456c-871e-db7064758944', protocol='range'}
2025-01-12T02:53:06.588+01:00  INFO 8664 --- [cashcard-transaction-sink] [container-0-C-1] o.a.k.c.c.internals.ConsumerCoordinator  : [Consumer clientId=consumer-anonymous.9644030c-3ae5-4647-9fcb-01b3b6cc3d37-6, groupId=anonymous.9644030c-3ae5-4647-9fcb-01b3b6cc3d37] Notifying assignor about the new Assignment(partitions=[approval-requests-0])
2025-01-12T02:53:06.588+01:00  INFO 8664 --- [cashcard-transaction-sink] [container-0-C-1] k.c.c.i.ConsumerRebalanceListenerInvoker : [Consumer clientId=consumer-anonymous.9644030c-3ae5-4647-9fcb-01b3b6cc3d37-6, groupId=anonymous.9644030c-3ae5-4647-9fcb-01b3b6cc3d37] Adding newly assigned partitions: approval-requests-0
2025-01-12T02:53:06.591+01:00  INFO 8664 --- [cashcard-transaction-sink] [container-0-C-1] o.a.k.c.c.internals.ConsumerCoordinator  : [Consumer clientId=consumer-anonymous.b7f2954a-3f77-4288-b489-6f2eb4026e3a-8, groupId=anonymous.b7f2954a-3f77-4288-b489-6f2eb4026e3a] Successfully joined group with generation Generation{generationId=1, memberId='consumer-anonymous.b7f2954a-3f77-4288-b489-6f2eb4026e3a-8-d2f00935-0ddd-42be-ade2-ccf441690981', protocol='range'}
2025-01-12T02:53:06.591+01:00  INFO 8664 --- [cashcard-transaction-sink] [container-0-C-1] o.a.k.c.c.internals.ConsumerCoordinator  : [Consumer clientId=consumer-anonymous.b7f2954a-3f77-4288-b489-6f2eb4026e3a-8, groupId=anonymous.b7f2954a-3f77-4288-b489-6f2eb4026e3a] Finished assignment for group at generation 1: {consumer-anonymous.b7f2954a-3f77-4288-b489-6f2eb4026e3a-8-d2f00935-0ddd-42be-ade2-ccf441690981=Assignment(partitions=[enriched-transactions-0])}
2025-01-12T02:53:06.596+01:00  INFO 8664 --- [cashcard-transaction-sink] [container-0-C-1] o.a.k.c.c.internals.ConsumerCoordinator  : [Consumer clientId=consumer-anonymous.b7f2954a-3f77-4288-b489-6f2eb4026e3a-8, groupId=anonymous.b7f2954a-3f77-4288-b489-6f2eb4026e3a] Successfully synced group in generation Generation{generationId=1, memberId='consumer-anonymous.b7f2954a-3f77-4288-b489-6f2eb4026e3a-8-d2f00935-0ddd-42be-ade2-ccf441690981', protocol='range'}
2025-01-12T02:53:06.596+01:00  INFO 8664 --- [cashcard-transaction-sink] [container-0-C-1] o.a.k.c.c.internals.ConsumerCoordinator  : [Consumer clientId=consumer-anonymous.b7f2954a-3f77-4288-b489-6f2eb4026e3a-8, groupId=anonymous.b7f2954a-3f77-4288-b489-6f2eb4026e3a] Notifying assignor about the new Assignment(partitions=[enriched-transactions-0])
2025-01-12T02:53:06.596+01:00  INFO 8664 --- [cashcard-transaction-sink] [container-0-C-1] k.c.c.i.ConsumerRebalanceListenerInvoker : [Consumer clientId=consumer-anonymous.b7f2954a-3f77-4288-b489-6f2eb4026e3a-8, groupId=anonymous.b7f2954a-3f77-4288-b489-6f2eb4026e3a] Adding newly assigned partitions: enriched-transactions-0
2025-01-12T02:53:06.599+01:00  INFO 8664 --- [cashcard-transaction-sink] [container-0-C-1] o.a.k.c.c.internals.ConsumerCoordinator  : [Consumer clientId=consumer-anonymous.b7f2954a-3f77-4288-b489-6f2eb4026e3a-8, groupId=anonymous.b7f2954a-3f77-4288-b489-6f2eb4026e3a] Found no committed offset for partition enriched-transactions-0
2025-01-12T02:53:06.599+01:00  INFO 8664 --- [cashcard-transaction-sink] [container-0-C-1] o.a.k.c.c.internals.ConsumerCoordinator  : [Consumer clientId=consumer-anonymous.9644030c-3ae5-4647-9fcb-01b3b6cc3d37-6, groupId=anonymous.9644030c-3ae5-4647-9fcb-01b3b6cc3d37] Found no committed offset for partition approval-requests-0
2025-01-12T02:53:06.602+01:00  INFO 8664 --- [cashcard-transaction-sink] [container-0-C-1] o.a.k.c.c.internals.ConsumerCoordinator  : [Consumer clientId=consumer-anonymous.9644030c-3ae5-4647-9fcb-01b3b6cc3d37-6, groupId=anonymous.9644030c-3ae5-4647-9fcb-01b3b6cc3d37] Found no committed offset for partition approval-requests-0
2025-01-12T02:53:06.602+01:00  INFO 8664 --- [cashcard-transaction-sink] [container-0-C-1] o.a.k.c.c.internals.ConsumerCoordinator  : [Consumer clientId=consumer-anonymous.b7f2954a-3f77-4288-b489-6f2eb4026e3a-8, groupId=anonymous.b7f2954a-3f77-4288-b489-6f2eb4026e3a] Found no committed offset for partition enriched-transactions-0
2025-01-12T02:53:06.615+01:00  INFO 8664 --- [cashcard-transaction-sink] [container-0-C-1] o.a.k.c.c.internals.SubscriptionState    : [Consumer clientId=consumer-anonymous.b7f2954a-3f77-4288-b489-6f2eb4026e3a-8, groupId=anonymous.b7f2954a-3f77-4288-b489-6f2eb4026e3a] Resetting offset for partition enriched-transactions-0 to position FetchPosition{offset=0, offsetEpoch=Optional.empty, currentLeader=LeaderAndEpoch{leader=Optional[localhost:59840 (id: 1 rack: null)], epoch=0}}.
2025-01-12T02:53:06.615+01:00  INFO 8664 --- [cashcard-transaction-sink] [container-0-C-1] o.a.k.c.c.internals.SubscriptionState    : [Consumer clientId=consumer-anonymous.9644030c-3ae5-4647-9fcb-01b3b6cc3d37-6, groupId=anonymous.9644030c-3ae5-4647-9fcb-01b3b6cc3d37] Resetting offset for partition approval-requests-0 to position FetchPosition{offset=1, offsetEpoch=Optional.empty, currentLeader=LeaderAndEpoch{leader=Optional[localhost:59840 (id: 1 rack: null)], epoch=0}}.
2025-01-12T02:53:06.641+01:00  INFO 8664 --- [cashcard-transaction-sink] [container-0-C-1] o.s.c.s.b.k.KafkaMessageChannelBinder$2  : anonymous.9644030c-3ae5-4647-9fcb-01b3b6cc3d37: partitions assigned: [approval-requests-0]
2025-01-12T02:53:06.641+01:00  INFO 8664 --- [cashcard-transaction-sink] [container-0-C-1] o.s.c.s.b.k.KafkaMessageChannelBinder$2  : anonymous.b7f2954a-3f77-4288-b489-6f2eb4026e3a: partitions assigned: [enriched-transactions-0]
]]></system-out>
  </testcase>
</testsuite>